
*** Running vivado
    with args -log PCSNN_block_design_wrapper.vds -m64 -product Vivado -mode batch -messageDb vivado.pb -notrace -source PCSNN_block_design_wrapper.tcl


****** Vivado v2025.2 (64-bit)
  **** SW Build 6299465 on Fri Nov 14 12:34:56 MST 2025
  **** IP Build 6300035 on Fri Nov 14 10:48:45 MST 2025
  **** SharedData Build 6298862 on Thu Nov 13 04:50:51 MST 2025
  **** Start of session at: Thu Jun 25 09:30:42 2026
    ** Copyright 1986-2022 Xilinx, Inc. All Rights Reserved.
    ** Copyright 2022-2025 Advanced Micro Devices, Inc. All Rights Reserved.

source PCSNN_block_design_wrapper.tcl -notrace
INFO: [IP_Flow 19-234] Refreshing IP repositories
INFO: [IP_Flow 19-1704] No user IP repositories specified
INFO: [IP_Flow 19-2313] Loaded Vivado IP repository '/home/ivanyuchen/2025.2/data/ip'.
Command: read_checkpoint -auto_incremental -incremental /home/ivanyuchen/CODING_FILES/VERILOG/PCSNN/PCSNN.srcs/utils_1/imports/synth_1/snn_dma_wrapper.dcp
INFO: [Vivado 12-5825] Read reference checkpoint from /home/ivanyuchen/CODING_FILES/VERILOG/PCSNN/PCSNN.srcs/utils_1/imports/synth_1/snn_dma_wrapper.dcp for incremental synthesis
INFO: [Vivado 12-7989] Please ensure there are no constraint changes
Command: synth_design -top PCSNN_block_design_wrapper -part xc7z020clg400-1
Starting synth_design
Attempting to get a license for feature 'Synthesis' and/or device 'xc7z020'
INFO: [Common 17-349] Got license for feature 'Synthesis' and/or device 'xc7z020'
INFO: [Device 21-403] Loading part xc7z020clg400-1
INFO: [Designutils 20-5440] No compile time benefit to using incremental synthesis; A full resynthesis will be run
INFO: [Designutils 20-4379] Flow is switching to default flow due to incremental criteria not met. If you would like to alter this behaviour and have the flow terminate instead, please set the following parameter config_implementation {autoIncr.Synth.RejectBehavior Terminate}
INFO: [Synth 8-7079] Multithreading enabled for synth_design using a maximum of 7 processes.
INFO: [Synth 8-7078] Launching helper process for spawning children vivado processes
INFO: [Synth 8-7075] Helper process launched with PID 168127
---------------------------------------------------------------------------------
Starting RTL Elaboration : Time (s): cpu = 00:00:03 ; elapsed = 00:00:03 . Memory (MB): peak = 2271.863 ; gain = 482.680 ; free physical = 12929 ; free virtual = 29984
---------------------------------------------------------------------------------
INFO: [Synth 8-6157] synthesizing module 'PCSNN_block_design_wrapper' [/home/ivanyuchen/CODING_FILES/VERILOG/PCSNN/PCSNN.gen/sources_1/bd/PCSNN_block_design/hdl/PCSNN_block_design_wrapper.v:13]
INFO: [Synth 8-6157] synthesizing module 'PCSNN_block_design' [/home/ivanyuchen/CODING_FILES/VERILOG/PCSNN/PCSNN.gen/sources_1/bd/PCSNN_block_design/synth/PCSNN_block_design.v:13]
INFO: [Synth 8-6157] synthesizing module 'PCSNN_block_design_axi_dma_0_0' [/home/ivanyuchen/CODING_FILES/VERILOG/PCSNN/PCSNN.runs/synth_1/.Xil/Vivado-167881-ivanyuchen-Predator-PHN16-71/realtime/PCSNN_block_design_axi_dma_0_0_stub.v:6]
INFO: [Synth 8-6155] done synthesizing module 'PCSNN_block_design_axi_dma_0_0' (0#1) [/home/ivanyuchen/CODING_FILES/VERILOG/PCSNN/PCSNN.runs/synth_1/.Xil/Vivado-167881-ivanyuchen-Predator-PHN16-71/realtime/PCSNN_block_design_axi_dma_0_0_stub.v:6]
WARNING: [Synth 8-7071] port 'mm2s_prmry_reset_out_n' of module 'PCSNN_block_design_axi_dma_0_0' is unconnected for instance 'axi_dma_0' [/home/ivanyuchen/CODING_FILES/VERILOG/PCSNN/PCSNN.gen/sources_1/bd/PCSNN_block_design/synth/PCSNN_block_design.v:212]
WARNING: [Synth 8-7071] port 'm_axis_mm2s_tkeep' of module 'PCSNN_block_design_axi_dma_0_0' is unconnected for instance 'axi_dma_0' [/home/ivanyuchen/CODING_FILES/VERILOG/PCSNN/PCSNN.gen/sources_1/bd/PCSNN_block_design/synth/PCSNN_block_design.v:212]
WARNING: [Synth 8-7071] port 's2mm_prmry_reset_out_n' of module 'PCSNN_block_design_axi_dma_0_0' is unconnected for instance 'axi_dma_0' [/home/ivanyuchen/CODING_FILES/VERILOG/PCSNN/PCSNN.gen/sources_1/bd/PCSNN_block_design/synth/PCSNN_block_design.v:212]
WARNING: [Synth 8-7071] port 'mm2s_introut' of module 'PCSNN_block_design_axi_dma_0_0' is unconnected for instance 'axi_dma_0' [/home/ivanyuchen/CODING_FILES/VERILOG/PCSNN/PCSNN.gen/sources_1/bd/PCSNN_block_design/synth/PCSNN_block_design.v:212]
WARNING: [Synth 8-7071] port 's2mm_introut' of module 'PCSNN_block_design_axi_dma_0_0' is unconnected for instance 'axi_dma_0' [/home/ivanyuchen/CODING_FILES/VERILOG/PCSNN/PCSNN.gen/sources_1/bd/PCSNN_block_design/synth/PCSNN_block_design.v:212]
WARNING: [Synth 8-7071] port 'axi_dma_tstvec' of module 'PCSNN_block_design_axi_dma_0_0' is unconnected for instance 'axi_dma_0' [/home/ivanyuchen/CODING_FILES/VERILOG/PCSNN/PCSNN.gen/sources_1/bd/PCSNN_block_design/synth/PCSNN_block_design.v:212]
WARNING: [Synth 8-7023] instance 'axi_dma_0' of module 'PCSNN_block_design_axi_dma_0_0' has 64 connections declared, but only 58 given [/home/ivanyuchen/CODING_FILES/VERILOG/PCSNN/PCSNN.gen/sources_1/bd/PCSNN_block_design/synth/PCSNN_block_design.v:212]
INFO: [Synth 8-6157] synthesizing module 'PCSNN_block_design_axi_mem_intercon_0' [/home/ivanyuchen/CODING_FILES/VERILOG/PCSNN/PCSNN.gen/sources_1/bd/PCSNN_block_design/synth/PCSNN_block_design.v:558]
INFO: [Synth 8-6157] synthesizing module 'm00_couplers_imp_1FKVAEL' [/home/ivanyuchen/CODING_FILES/VERILOG/PCSNN/PCSNN.gen/sources_1/bd/PCSNN_block_design/synth/PCSNN_block_design.v:1333]
INFO: [Synth 8-6155] done synthesizing module 'm00_couplers_imp_1FKVAEL' (0#1) [/home/ivanyuchen/CODING_FILES/VERILOG/PCSNN/PCSNN.gen/sources_1/bd/PCSNN_block_design/synth/PCSNN_block_design.v:1333]
INFO: [Synth 8-6157] synthesizing module 's00_couplers_imp_XD29NI' [/home/ivanyuchen/CODING_FILES/VERILOG/PCSNN/PCSNN.gen/sources_1/bd/PCSNN_block_design/synth/PCSNN_block_design.v:1574]
INFO: [Synth 8-6157] synthesizing module 'PCSNN_block_design_axi_mem_intercon_imp_auto_pc_0' [/home/ivanyuchen/CODING_FILES/VERILOG/PCSNN/PCSNN.runs/synth_1/.Xil/Vivado-167881-ivanyuchen-Predator-PHN16-71/realtime/PCSNN_block_design_axi_mem_intercon_imp_auto_pc_0_stub.v:6]
INFO: [Synth 8-6155] done synthesizing module 'PCSNN_block_design_axi_mem_intercon_imp_auto_pc_0' (0#1) [/home/ivanyuchen/CODING_FILES/VERILOG/PCSNN/PCSNN.runs/synth_1/.Xil/Vivado-167881-ivanyuchen-Predator-PHN16-71/realtime/PCSNN_block_design_axi_mem_intercon_imp_auto_pc_0_stub.v:6]
INFO: [Synth 8-6157] synthesizing module 'PCSNN_block_design_axi_mem_intercon_imp_auto_us_0' [/home/ivanyuchen/CODING_FILES/VERILOG/PCSNN/PCSNN.runs/synth_1/.Xil/Vivado-167881-ivanyuchen-Predator-PHN16-71/realtime/PCSNN_block_design_axi_mem_intercon_imp_auto_us_0_stub.v:6]
INFO: [Synth 8-6155] done synthesizing module 'PCSNN_block_design_axi_mem_intercon_imp_auto_us_0' (0#1) [/home/ivanyuchen/CODING_FILES/VERILOG/PCSNN/PCSNN.runs/synth_1/.Xil/Vivado-167881-ivanyuchen-Predator-PHN16-71/realtime/PCSNN_block_design_axi_mem_intercon_imp_auto_us_0_stub.v:6]
INFO: [Synth 8-6155] done synthesizing module 's00_couplers_imp_XD29NI' (0#1) [/home/ivanyuchen/CODING_FILES/VERILOG/PCSNN/PCSNN.gen/sources_1/bd/PCSNN_block_design/synth/PCSNN_block_design.v:1574]
INFO: [Synth 8-6157] synthesizing module 's01_couplers_imp_XPY0CJ' [/home/ivanyuchen/CODING_FILES/VERILOG/PCSNN/PCSNN.gen/sources_1/bd/PCSNN_block_design/synth/PCSNN_block_design.v:1755]
INFO: [Synth 8-6157] synthesizing module 'PCSNN_block_design_axi_mem_intercon_imp_auto_pc_1' [/home/ivanyuchen/CODING_FILES/VERILOG/PCSNN/PCSNN.runs/synth_1/.Xil/Vivado-167881-ivanyuchen-Predator-PHN16-71/realtime/PCSNN_block_design_axi_mem_intercon_imp_auto_pc_1_stub.v:6]
INFO: [Synth 8-6155] done synthesizing module 'PCSNN_block_design_axi_mem_intercon_imp_auto_pc_1' (0#1) [/home/ivanyuchen/CODING_FILES/VERILOG/PCSNN/PCSNN.runs/synth_1/.Xil/Vivado-167881-ivanyuchen-Predator-PHN16-71/realtime/PCSNN_block_design_axi_mem_intercon_imp_auto_pc_1_stub.v:6]
INFO: [Synth 8-6157] synthesizing module 'PCSNN_block_design_axi_mem_intercon_imp_auto_us_1' [/home/ivanyuchen/CODING_FILES/VERILOG/PCSNN/PCSNN.runs/synth_1/.Xil/Vivado-167881-ivanyuchen-Predator-PHN16-71/realtime/PCSNN_block_design_axi_mem_intercon_imp_auto_us_1_stub.v:6]
INFO: [Synth 8-6155] done synthesizing module 'PCSNN_block_design_axi_mem_intercon_imp_auto_us_1' (0#1) [/home/ivanyuchen/CODING_FILES/VERILOG/PCSNN/PCSNN.runs/synth_1/.Xil/Vivado-167881-ivanyuchen-Predator-PHN16-71/realtime/PCSNN_block_design_axi_mem_intercon_imp_auto_us_1_stub.v:6]
INFO: [Synth 8-6155] done synthesizing module 's01_couplers_imp_XPY0CJ' (0#1) [/home/ivanyuchen/CODING_FILES/VERILOG/PCSNN/PCSNN.gen/sources_1/bd/PCSNN_block_design/synth/PCSNN_block_design.v:1755]
INFO: [Synth 8-6157] synthesizing module 's02_couplers_imp_Y7YYXW' [/home/ivanyuchen/CODING_FILES/VERILOG/PCSNN/PCSNN.gen/sources_1/bd/PCSNN_block_design/synth/PCSNN_block_design.v:1969]
INFO: [Synth 8-6155] done synthesizing module 's02_couplers_imp_Y7YYXW' (0#1) [/home/ivanyuchen/CODING_FILES/VERILOG/PCSNN/PCSNN.gen/sources_1/bd/PCSNN_block_design/synth/PCSNN_block_design.v:1969]
INFO: [Synth 8-6157] synthesizing module 'PCSNN_block_design_axi_mem_intercon_imp_xbar_0' [/home/ivanyuchen/CODING_FILES/VERILOG/PCSNN/PCSNN.runs/synth_1/.Xil/Vivado-167881-ivanyuchen-Predator-PHN16-71/realtime/PCSNN_block_design_axi_mem_intercon_imp_xbar_0_stub.v:6]
INFO: [Synth 8-6155] done synthesizing module 'PCSNN_block_design_axi_mem_intercon_imp_xbar_0' (0#1) [/home/ivanyuchen/CODING_FILES/VERILOG/PCSNN/PCSNN.runs/synth_1/.Xil/Vivado-167881-ivanyuchen-Predator-PHN16-71/realtime/PCSNN_block_design_axi_mem_intercon_imp_xbar_0_stub.v:6]
INFO: [Synth 8-6155] done synthesizing module 'PCSNN_block_design_axi_mem_intercon_0' (0#1) [/home/ivanyuchen/CODING_FILES/VERILOG/PCSNN/PCSNN.gen/sources_1/bd/PCSNN_block_design/synth/PCSNN_block_design.v:558]
WARNING: [Synth 8-7071] port 'S02_AXI_arready' of module 'PCSNN_block_design_axi_mem_intercon_0' is unconnected for instance 'axi_mem_intercon' [/home/ivanyuchen/CODING_FILES/VERILOG/PCSNN/PCSNN.gen/sources_1/bd/PCSNN_block_design/synth/PCSNN_block_design.v:271]
WARNING: [Synth 8-7071] port 'S02_AXI_awready' of module 'PCSNN_block_design_axi_mem_intercon_0' is unconnected for instance 'axi_mem_intercon' [/home/ivanyuchen/CODING_FILES/VERILOG/PCSNN/PCSNN.gen/sources_1/bd/PCSNN_block_design/synth/PCSNN_block_design.v:271]
WARNING: [Synth 8-7071] port 'S02_AXI_bid' of module 'PCSNN_block_design_axi_mem_intercon_0' is unconnected for instance 'axi_mem_intercon' [/home/ivanyuchen/CODING_FILES/VERILOG/PCSNN/PCSNN.gen/sources_1/bd/PCSNN_block_design/synth/PCSNN_block_design.v:271]
WARNING: [Synth 8-7071] port 'S02_AXI_bresp' of module 'PCSNN_block_design_axi_mem_intercon_0' is unconnected for instance 'axi_mem_intercon' [/home/ivanyuchen/CODING_FILES/VERILOG/PCSNN/PCSNN.gen/sources_1/bd/PCSNN_block_design/synth/PCSNN_block_design.v:271]
WARNING: [Synth 8-7071] port 'S02_AXI_bvalid' of module 'PCSNN_block_design_axi_mem_intercon_0' is unconnected for instance 'axi_mem_intercon' [/home/ivanyuchen/CODING_FILES/VERILOG/PCSNN/PCSNN.gen/sources_1/bd/PCSNN_block_design/synth/PCSNN_block_design.v:271]
WARNING: [Synth 8-7071] port 'S02_AXI_rdata' of module 'PCSNN_block_design_axi_mem_intercon_0' is unconnected for instance 'axi_mem_intercon' [/home/ivanyuchen/CODING_FILES/VERILOG/PCSNN/PCSNN.gen/sources_1/bd/PCSNN_block_design/synth/PCSNN_block_design.v:271]
WARNING: [Synth 8-7071] port 'S02_AXI_rid' of module 'PCSNN_block_design_axi_mem_intercon_0' is unconnected for instance 'axi_mem_intercon' [/home/ivanyuchen/CODING_FILES/VERILOG/PCSNN/PCSNN.gen/sources_1/bd/PCSNN_block_design/synth/PCSNN_block_design.v:271]
WARNING: [Synth 8-7071] port 'S02_AXI_rlast' of module 'PCSNN_block_design_axi_mem_intercon_0' is unconnected for instance 'axi_mem_intercon' [/home/ivanyuchen/CODING_FILES/VERILOG/PCSNN/PCSNN.gen/sources_1/bd/PCSNN_block_design/synth/PCSNN_block_design.v:271]
WARNING: [Synth 8-7071] port 'S02_AXI_rresp' of module 'PCSNN_block_design_axi_mem_intercon_0' is unconnected for instance 'axi_mem_intercon' [/home/ivanyuchen/CODING_FILES/VERILOG/PCSNN/PCSNN.gen/sources_1/bd/PCSNN_block_design/synth/PCSNN_block_design.v:271]
WARNING: [Synth 8-7071] port 'S02_AXI_rvalid' of module 'PCSNN_block_design_axi_mem_intercon_0' is unconnected for instance 'axi_mem_intercon' [/home/ivanyuchen/CODING_FILES/VERILOG/PCSNN/PCSNN.gen/sources_1/bd/PCSNN_block_design/synth/PCSNN_block_design.v:271]
WARNING: [Synth 8-7071] port 'S02_AXI_wready' of module 'PCSNN_block_design_axi_mem_intercon_0' is unconnected for instance 'axi_mem_intercon' [/home/ivanyuchen/CODING_FILES/VERILOG/PCSNN/PCSNN.gen/sources_1/bd/PCSNN_block_design/synth/PCSNN_block_design.v:271]
WARNING: [Synth 8-7023] instance 'axi_mem_intercon' of module 'PCSNN_block_design_axi_mem_intercon_0' has 115 connections declared, but only 104 given [/home/ivanyuchen/CODING_FILES/VERILOG/PCSNN/PCSNN.gen/sources_1/bd/PCSNN_block_design/synth/PCSNN_block_design.v:271]
INFO: [Synth 8-6157] synthesizing module 'PCSNN_block_design_axi_smc_0' [/home/ivanyuchen/CODING_FILES/VERILOG/PCSNN/PCSNN.runs/synth_1/.Xil/Vivado-167881-ivanyuchen-Predator-PHN16-71/realtime/PCSNN_block_design_axi_smc_0_stub.v:6]
INFO: [Synth 8-6155] done synthesizing module 'PCSNN_block_design_axi_smc_0' (0#1) [/home/ivanyuchen/CODING_FILES/VERILOG/PCSNN/PCSNN.runs/synth_1/.Xil/Vivado-167881-ivanyuchen-Predator-PHN16-71/realtime/PCSNN_block_design_axi_smc_0_stub.v:6]
WARNING: [Synth 8-7071] port 'M00_AXI_awprot' of module 'PCSNN_block_design_axi_smc_0' is unconnected for instance 'axi_smc' [/home/ivanyuchen/CODING_FILES/VERILOG/PCSNN/PCSNN.gen/sources_1/bd/PCSNN_block_design/synth/PCSNN_block_design.v:376]
WARNING: [Synth 8-7071] port 'M00_AXI_wstrb' of module 'PCSNN_block_design_axi_smc_0' is unconnected for instance 'axi_smc' [/home/ivanyuchen/CODING_FILES/VERILOG/PCSNN/PCSNN.gen/sources_1/bd/PCSNN_block_design/synth/PCSNN_block_design.v:376]
WARNING: [Synth 8-7071] port 'M00_AXI_arprot' of module 'PCSNN_block_design_axi_smc_0' is unconnected for instance 'axi_smc' [/home/ivanyuchen/CODING_FILES/VERILOG/PCSNN/PCSNN.gen/sources_1/bd/PCSNN_block_design/synth/PCSNN_block_design.v:376]
WARNING: [Synth 8-7023] instance 'axi_smc' of module 'PCSNN_block_design_axi_smc_0' has 59 connections declared, but only 56 given [/home/ivanyuchen/CODING_FILES/VERILOG/PCSNN/PCSNN.gen/sources_1/bd/PCSNN_block_design/synth/PCSNN_block_design.v:376]
INFO: [Synth 8-6157] synthesizing module 'PCSNN_block_design_processing_system7_0_0' [/home/ivanyuchen/CODING_FILES/VERILOG/PCSNN/PCSNN.runs/synth_1/.Xil/Vivado-167881-ivanyuchen-Predator-PHN16-71/realtime/PCSNN_block_design_processing_system7_0_0_stub.v:6]
INFO: [Synth 8-6155] done synthesizing module 'PCSNN_block_design_processing_system7_0_0' (0#1) [/home/ivanyuchen/CODING_FILES/VERILOG/PCSNN/PCSNN.runs/synth_1/.Xil/Vivado-167881-ivanyuchen-Predator-PHN16-71/realtime/PCSNN_block_design_processing_system7_0_0_stub.v:6]
WARNING: [Synth 8-7071] port 'USB0_PORT_INDCTL' of module 'PCSNN_block_design_processing_system7_0_0' is unconnected for instance 'processing_system7_0' [/home/ivanyuchen/CODING_FILES/VERILOG/PCSNN/PCSNN.gen/sources_1/bd/PCSNN_block_design/synth/PCSNN_block_design.v:433]
WARNING: [Synth 8-7071] port 'USB0_VBUS_PWRSELECT' of module 'PCSNN_block_design_processing_system7_0_0' is unconnected for instance 'processing_system7_0' [/home/ivanyuchen/CODING_FILES/VERILOG/PCSNN/PCSNN.gen/sources_1/bd/PCSNN_block_design/synth/PCSNN_block_design.v:433]
WARNING: [Synth 8-7071] port 'S_AXI_HP0_RCOUNT' of module 'PCSNN_block_design_processing_system7_0_0' is unconnected for instance 'processing_system7_0' [/home/ivanyuchen/CODING_FILES/VERILOG/PCSNN/PCSNN.gen/sources_1/bd/PCSNN_block_design/synth/PCSNN_block_design.v:433]
WARNING: [Synth 8-7071] port 'S_AXI_HP0_WCOUNT' of module 'PCSNN_block_design_processing_system7_0_0' is unconnected for instance 'processing_system7_0' [/home/ivanyuchen/CODING_FILES/VERILOG/PCSNN/PCSNN.gen/sources_1/bd/PCSNN_block_design/synth/PCSNN_block_design.v:433]
WARNING: [Synth 8-7071] port 'S_AXI_HP0_RACOUNT' of module 'PCSNN_block_design_processing_system7_0_0' is unconnected for instance 'processing_system7_0' [/home/ivanyuchen/CODING_FILES/VERILOG/PCSNN/PCSNN.gen/sources_1/bd/PCSNN_block_design/synth/PCSNN_block_design.v:433]
WARNING: [Synth 8-7071] port 'S_AXI_HP0_WACOUNT' of module 'PCSNN_block_design_processing_system7_0_0' is unconnected for instance 'processing_system7_0' [/home/ivanyuchen/CODING_FILES/VERILOG/PCSNN/PCSNN.gen/sources_1/bd/PCSNN_block_design/synth/PCSNN_block_design.v:433]
WARNING: [Synth 8-7023] instance 'processing_system7_0' of module 'PCSNN_block_design_processing_system7_0_0' has 110 connections declared, but only 104 given [/home/ivanyuchen/CODING_FILES/VERILOG/PCSNN/PCSNN.gen/sources_1/bd/PCSNN_block_design/synth/PCSNN_block_design.v:433]
INFO: [Synth 8-6157] synthesizing module 'PCSNN_block_design_rst_ps7_0_100M_0' [/home/ivanyuchen/CODING_FILES/VERILOG/PCSNN/PCSNN.runs/synth_1/.Xil/Vivado-167881-ivanyuchen-Predator-PHN16-71/realtime/PCSNN_block_design_rst_ps7_0_100M_0_stub.v:6]
INFO: [Synth 8-6155] done synthesizing module 'PCSNN_block_design_rst_ps7_0_100M_0' (0#1) [/home/ivanyuchen/CODING_FILES/VERILOG/PCSNN/PCSNN.runs/synth_1/.Xil/Vivado-167881-ivanyuchen-Predator-PHN16-71/realtime/PCSNN_block_design_rst_ps7_0_100M_0_stub.v:6]
WARNING: [Synth 8-7071] port 'mb_reset' of module 'PCSNN_block_design_rst_ps7_0_100M_0' is unconnected for instance 'rst_ps7_0_100M' [/home/ivanyuchen/CODING_FILES/VERILOG/PCSNN/PCSNN.gen/sources_1/bd/PCSNN_block_design/synth/PCSNN_block_design.v:538]
WARNING: [Synth 8-7071] port 'bus_struct_reset' of module 'PCSNN_block_design_rst_ps7_0_100M_0' is unconnected for instance 'rst_ps7_0_100M' [/home/ivanyuchen/CODING_FILES/VERILOG/PCSNN/PCSNN.gen/sources_1/bd/PCSNN_block_design/synth/PCSNN_block_design.v:538]
WARNING: [Synth 8-7071] port 'peripheral_reset' of module 'PCSNN_block_design_rst_ps7_0_100M_0' is unconnected for instance 'rst_ps7_0_100M' [/home/ivanyuchen/CODING_FILES/VERILOG/PCSNN/PCSNN.gen/sources_1/bd/PCSNN_block_design/synth/PCSNN_block_design.v:538]
WARNING: [Synth 8-7071] port 'interconnect_aresetn' of module 'PCSNN_block_design_rst_ps7_0_100M_0' is unconnected for instance 'rst_ps7_0_100M' [/home/ivanyuchen/CODING_FILES/VERILOG/PCSNN/PCSNN.gen/sources_1/bd/PCSNN_block_design/synth/PCSNN_block_design.v:538]
WARNING: [Synth 8-7023] instance 'rst_ps7_0_100M' of module 'PCSNN_block_design_rst_ps7_0_100M_0' has 10 connections declared, but only 6 given [/home/ivanyuchen/CODING_FILES/VERILOG/PCSNN/PCSNN.gen/sources_1/bd/PCSNN_block_design/synth/PCSNN_block_design.v:538]
INFO: [Synth 8-6157] synthesizing module 'PCSNN_block_design_snn_dma_wrapper_0_0' [/home/ivanyuchen/CODING_FILES/VERILOG/PCSNN/PCSNN.runs/synth_1/.Xil/Vivado-167881-ivanyuchen-Predator-PHN16-71/realtime/PCSNN_block_design_snn_dma_wrapper_0_0_stub.v:6]
INFO: [Synth 8-6155] done synthesizing module 'PCSNN_block_design_snn_dma_wrapper_0_0' (0#1) [/home/ivanyuchen/CODING_FILES/VERILOG/PCSNN/PCSNN.runs/synth_1/.Xil/Vivado-167881-ivanyuchen-Predator-PHN16-71/realtime/PCSNN_block_design_snn_dma_wrapper_0_0_stub.v:6]
INFO: [Synth 8-6155] done synthesizing module 'PCSNN_block_design' (0#1) [/home/ivanyuchen/CODING_FILES/VERILOG/PCSNN/PCSNN.gen/sources_1/bd/PCSNN_block_design/synth/PCSNN_block_design.v:13]
INFO: [Synth 8-6155] done synthesizing module 'PCSNN_block_design_wrapper' (0#1) [/home/ivanyuchen/CODING_FILES/VERILOG/PCSNN/PCSNN.gen/sources_1/bd/PCSNN_block_design/hdl/PCSNN_block_design_wrapper.v:13]
WARNING: [Synth 8-7129] Port M_ACLK in module s02_couplers_imp_Y7YYXW is either unconnected or has no load
WARNING: [Synth 8-7129] Port M_ARESETN in module s02_couplers_imp_Y7YYXW is either unconnected or has no load
WARNING: [Synth 8-7129] Port S_ACLK in module s02_couplers_imp_Y7YYXW is either unconnected or has no load
WARNING: [Synth 8-7129] Port S_ARESETN in module s02_couplers_imp_Y7YYXW is either unconnected or has no load
WARNING: [Synth 8-7129] Port M_ACLK in module s01_couplers_imp_XPY0CJ is either unconnected or has no load
WARNING: [Synth 8-7129] Port M_ARESETN in module s01_couplers_imp_XPY0CJ is either unconnected or has no load
WARNING: [Synth 8-7129] Port M_ACLK in module s00_couplers_imp_XD29NI is either unconnected or has no load
WARNING: [Synth 8-7129] Port M_ARESETN in module s00_couplers_imp_XD29NI is either unconnected or has no load
WARNING: [Synth 8-7129] Port M_ACLK in module m00_couplers_imp_1FKVAEL is either unconnected or has no load
WARNING: [Synth 8-7129] Port M_ARESETN in module m00_couplers_imp_1FKVAEL is either unconnected or has no load
WARNING: [Synth 8-7129] Port S_ACLK in module m00_couplers_imp_1FKVAEL is either unconnected or has no load
WARNING: [Synth 8-7129] Port S_ARESETN in module m00_couplers_imp_1FKVAEL is either unconnected or has no load
WARNING: [Synth 8-7129] Port M00_ACLK in module PCSNN_block_design_axi_mem_intercon_0 is either unconnected or has no load
WARNING: [Synth 8-7129] Port M00_ARESETN in module PCSNN_block_design_axi_mem_intercon_0 is either unconnected or has no load
WARNING: [Synth 8-7129] Port S00_ACLK in module PCSNN_block_design_axi_mem_intercon_0 is either unconnected or has no load
WARNING: [Synth 8-7129] Port S00_ARESETN in module PCSNN_block_design_axi_mem_intercon_0 is either unconnected or has no load
WARNING: [Synth 8-7129] Port S01_ACLK in module PCSNN_block_design_axi_mem_intercon_0 is either unconnected or has no load
WARNING: [Synth 8-7129] Port S01_ARESETN in module PCSNN_block_design_axi_mem_intercon_0 is either unconnected or has no load
WARNING: [Synth 8-7129] Port S02_ACLK in module PCSNN_block_design_axi_mem_intercon_0 is either unconnected or has no load
WARNING: [Synth 8-7129] Port S02_ARESETN in module PCSNN_block_design_axi_mem_intercon_0 is either unconnected or has no load
---------------------------------------------------------------------------------
Finished RTL Elaboration : Time (s): cpu = 00:00:04 ; elapsed = 00:00:05 . Memory (MB): peak = 2367.832 ; gain = 578.648 ; free physical = 12850 ; free virtual = 29907
---------------------------------------------------------------------------------
---------------------------------------------------------------------------------
Start Handling Custom Attributes
---------------------------------------------------------------------------------
---------------------------------------------------------------------------------
Finished Handling Custom Attributes : Time (s): cpu = 00:00:04 ; elapsed = 00:00:05 . Memory (MB): peak = 2373.770 ; gain = 584.586 ; free physical = 12849 ; free virtual = 29906
---------------------------------------------------------------------------------
---------------------------------------------------------------------------------
Finished RTL Optimization Phase 1 : Time (s): cpu = 00:00:04 ; elapsed = 00:00:05 . Memory (MB): peak = 2373.770 ; gain = 584.586 ; free physical = 12849 ; free virtual = 29906
---------------------------------------------------------------------------------
Netlist sorting complete. Time (s): cpu = 00:00:00.01 ; elapsed = 00:00:00.02 . Memory (MB): peak = 2373.770 ; gain = 0.000 ; free physical = 12849 ; free virtual = 29906
INFO: [Project 1-570] Preparing netlist for logic optimization

Processing XDC Constraints
Initializing timing engine
Parsing XDC File [/home/ivanyuchen/CODING_FILES/VERILOG/PCSNN/PCSNN.gen/sources_1/bd/PCSNN_block_design/ip/PCSNN_block_design_processing_system7_0_0/PCSNN_block_design_processing_system7_0_0/PCSNN_block_design_processing_system7_0_0_in_context.xdc] for cell 'PCSNN_block_design_i/processing_system7_0'
Finished Parsing XDC File [/home/ivanyuchen/CODING_FILES/VERILOG/PCSNN/PCSNN.gen/sources_1/bd/PCSNN_block_design/ip/PCSNN_block_design_processing_system7_0_0/PCSNN_block_design_processing_system7_0_0/PCSNN_block_design_processing_system7_0_0_in_context.xdc] for cell 'PCSNN_block_design_i/processing_system7_0'
Parsing XDC File [/home/ivanyuchen/CODING_FILES/VERILOG/PCSNN/PCSNN.gen/sources_1/bd/PCSNN_block_design/ip/PCSNN_block_design_axi_dma_0_0/PCSNN_block_design_axi_dma_0_0/PCSNN_block_design_axi_dma_0_0_in_context.xdc] for cell 'PCSNN_block_design_i/axi_dma_0'
Finished Parsing XDC File [/home/ivanyuchen/CODING_FILES/VERILOG/PCSNN/PCSNN.gen/sources_1/bd/PCSNN_block_design/ip/PCSNN_block_design_axi_dma_0_0/PCSNN_block_design_axi_dma_0_0/PCSNN_block_design_axi_dma_0_0_in_context.xdc] for cell 'PCSNN_block_design_i/axi_dma_0'
Parsing XDC File [/home/ivanyuchen/CODING_FILES/VERILOG/PCSNN/PCSNN.gen/sources_1/bd/PCSNN_block_design/ip/PCSNN_block_design_snn_dma_wrapper_0_0/PCSNN_block_design_snn_dma_wrapper_0_0/PCSNN_block_design_snn_dma_wrapper_0_0_in_context.xdc] for cell 'PCSNN_block_design_i/snn_dma_wrapper_0'
Finished Parsing XDC File [/home/ivanyuchen/CODING_FILES/VERILOG/PCSNN/PCSNN.gen/sources_1/bd/PCSNN_block_design/ip/PCSNN_block_design_snn_dma_wrapper_0_0/PCSNN_block_design_snn_dma_wrapper_0_0/PCSNN_block_design_snn_dma_wrapper_0_0_in_context.xdc] for cell 'PCSNN_block_design_i/snn_dma_wrapper_0'
Parsing XDC File [/home/ivanyuchen/CODING_FILES/VERILOG/PCSNN/PCSNN.gen/sources_1/bd/PCSNN_block_design/ip/PCSNN_block_design_axi_smc_0/PCSNN_block_design_axi_smc_0/PCSNN_block_design_axi_smc_0_in_context.xdc] for cell 'PCSNN_block_design_i/axi_smc'
Finished Parsing XDC File [/home/ivanyuchen/CODING_FILES/VERILOG/PCSNN/PCSNN.gen/sources_1/bd/PCSNN_block_design/ip/PCSNN_block_design_axi_smc_0/PCSNN_block_design_axi_smc_0/PCSNN_block_design_axi_smc_0_in_context.xdc] for cell 'PCSNN_block_design_i/axi_smc'
Parsing XDC File [/home/ivanyuchen/CODING_FILES/VERILOG/PCSNN/PCSNN.gen/sources_1/bd/PCSNN_block_design/ip/PCSNN_block_design_rst_ps7_0_100M_0/PCSNN_block_design_rst_ps7_0_100M_0/PCSNN_block_design_rst_ps7_0_100M_0_in_context.xdc] for cell 'PCSNN_block_design_i/rst_ps7_0_100M'
Finished Parsing XDC File [/home/ivanyuchen/CODING_FILES/VERILOG/PCSNN/PCSNN.gen/sources_1/bd/PCSNN_block_design/ip/PCSNN_block_design_rst_ps7_0_100M_0/PCSNN_block_design_rst_ps7_0_100M_0/PCSNN_block_design_rst_ps7_0_100M_0_in_context.xdc] for cell 'PCSNN_block_design_i/rst_ps7_0_100M'
Parsing XDC File [/home/ivanyuchen/CODING_FILES/VERILOG/PCSNN/PCSNN.gen/sources_1/bd/PCSNN_block_design/ip/PCSNN_block_design_axi_mem_intercon_imp_xbar_0/PCSNN_block_design_axi_mem_intercon_imp_xbar_0/PCSNN_block_design_axi_mem_intercon_imp_xbar_0_in_context.xdc] for cell 'PCSNN_block_design_i/axi_mem_intercon/xbar'
Finished Parsing XDC File [/home/ivanyuchen/CODING_FILES/VERILOG/PCSNN/PCSNN.gen/sources_1/bd/PCSNN_block_design/ip/PCSNN_block_design_axi_mem_intercon_imp_xbar_0/PCSNN_block_design_axi_mem_intercon_imp_xbar_0/PCSNN_block_design_axi_mem_intercon_imp_xbar_0_in_context.xdc] for cell 'PCSNN_block_design_i/axi_mem_intercon/xbar'
Parsing XDC File [/home/ivanyuchen/CODING_FILES/VERILOG/PCSNN/PCSNN.gen/sources_1/bd/PCSNN_block_design/ip/PCSNN_block_design_axi_mem_intercon_imp_auto_pc_0/PCSNN_block_design_axi_mem_intercon_imp_auto_pc_0/PCSNN_block_design_axi_mem_intercon_imp_auto_pc_0_in_context.xdc] for cell 'PCSNN_block_design_i/axi_mem_intercon/s00_couplers/auto_pc'
Finished Parsing XDC File [/home/ivanyuchen/CODING_FILES/VERILOG/PCSNN/PCSNN.gen/sources_1/bd/PCSNN_block_design/ip/PCSNN_block_design_axi_mem_intercon_imp_auto_pc_0/PCSNN_block_design_axi_mem_intercon_imp_auto_pc_0/PCSNN_block_design_axi_mem_intercon_imp_auto_pc_0_in_context.xdc] for cell 'PCSNN_block_design_i/axi_mem_intercon/s00_couplers/auto_pc'
Parsing XDC File [/home/ivanyuchen/CODING_FILES/VERILOG/PCSNN/PCSNN.gen/sources_1/bd/PCSNN_block_design/ip/PCSNN_block_design_axi_mem_intercon_imp_auto_us_0/PCSNN_block_design_axi_mem_intercon_imp_auto_us_0/PCSNN_block_design_axi_mem_intercon_imp_auto_us_0_in_context.xdc] for cell 'PCSNN_block_design_i/axi_mem_intercon/s00_couplers/auto_us'
Finished Parsing XDC File [/home/ivanyuchen/CODING_FILES/VERILOG/PCSNN/PCSNN.gen/sources_1/bd/PCSNN_block_design/ip/PCSNN_block_design_axi_mem_intercon_imp_auto_us_0/PCSNN_block_design_axi_mem_intercon_imp_auto_us_0/PCSNN_block_design_axi_mem_intercon_imp_auto_us_0_in_context.xdc] for cell 'PCSNN_block_design_i/axi_mem_intercon/s00_couplers/auto_us'
Parsing XDC File [/home/ivanyuchen/CODING_FILES/VERILOG/PCSNN/PCSNN.gen/sources_1/bd/PCSNN_block_design/ip/PCSNN_block_design_axi_mem_intercon_imp_auto_pc_1/PCSNN_block_design_axi_mem_intercon_imp_auto_pc_1/PCSNN_block_design_axi_mem_intercon_imp_auto_pc_1_in_context.xdc] for cell 'PCSNN_block_design_i/axi_mem_intercon/s01_couplers/auto_pc'
Finished Parsing XDC File [/home/ivanyuchen/CODING_FILES/VERILOG/PCSNN/PCSNN.gen/sources_1/bd/PCSNN_block_design/ip/PCSNN_block_design_axi_mem_intercon_imp_auto_pc_1/PCSNN_block_design_axi_mem_intercon_imp_auto_pc_1/PCSNN_block_design_axi_mem_intercon_imp_auto_pc_1_in_context.xdc] for cell 'PCSNN_block_design_i/axi_mem_intercon/s01_couplers/auto_pc'
Parsing XDC File [/home/ivanyuchen/CODING_FILES/VERILOG/PCSNN/PCSNN.gen/sources_1/bd/PCSNN_block_design/ip/PCSNN_block_design_axi_mem_intercon_imp_auto_us_1/PCSNN_block_design_axi_mem_intercon_imp_auto_us_1/PCSNN_block_design_axi_mem_intercon_imp_auto_us_1_in_context.xdc] for cell 'PCSNN_block_design_i/axi_mem_intercon/s01_couplers/auto_us'
Finished Parsing XDC File [/home/ivanyuchen/CODING_FILES/VERILOG/PCSNN/PCSNN.gen/sources_1/bd/PCSNN_block_design/ip/PCSNN_block_design_axi_mem_intercon_imp_auto_us_1/PCSNN_block_design_axi_mem_intercon_imp_auto_us_1/PCSNN_block_design_axi_mem_intercon_imp_auto_us_1_in_context.xdc] for cell 'PCSNN_block_design_i/axi_mem_intercon/s01_couplers/auto_us'
Parsing XDC File [/home/ivanyuchen/CODING_FILES/VERILOG/PCSNN/PCSNN.runs/synth_1/dont_touch.xdc]
Finished Parsing XDC File [/home/ivanyuchen/CODING_FILES/VERILOG/PCSNN/PCSNN.runs/synth_1/dont_touch.xdc]
Completed Processing XDC Constraints

Netlist sorting complete. Time (s): cpu = 00:00:00 ; elapsed = 00:00:00 . Memory (MB): peak = 2421.422 ; gain = 0.000 ; free physical = 12977 ; free virtual = 30034
INFO: [Project 1-111] Unisim Transformation Summary:
No Unisim elements were transformed.

Constraint Validation Runtime : Time (s): cpu = 00:00:00 ; elapsed = 00:00:00 . Memory (MB): peak = 2421.457 ; gain = 0.000 ; free physical = 12975 ; free virtual = 30032
INFO: [Designutils 20-5440] No compile time benefit to using incremental synthesis; A full resynthesis will be run
INFO: [Designutils 20-4379] Flow is switching to default flow due to incremental criteria not met. If you would like to alter this behaviour and have the flow terminate instead, please set the following parameter config_implementation {autoIncr.Synth.RejectBehavior Terminate}
---------------------------------------------------------------------------------
Finished Constraint Validation : Time (s): cpu = 00:00:09 ; elapsed = 00:00:10 . Memory (MB): peak = 2421.457 ; gain = 632.273 ; free physical = 12788 ; free virtual = 29845
---------------------------------------------------------------------------------
---------------------------------------------------------------------------------
Start Loading Part and Timing Information
---------------------------------------------------------------------------------
Loading part: xc7z020clg400-1
---------------------------------------------------------------------------------
Finished Loading Part and Timing Information : Time (s): cpu = 00:00:09 ; elapsed = 00:00:10 . Memory (MB): peak = 2429.426 ; gain = 640.242 ; free physical = 12788 ; free virtual = 29845
---------------------------------------------------------------------------------
---------------------------------------------------------------------------------
Start Applying 'set_property' XDC Constraints
---------------------------------------------------------------------------------
---------------------------------------------------------------------------------
Finished applying 'set_property' XDC Constraints : Time (s): cpu = 00:00:10 ; elapsed = 00:00:10 . Memory (MB): peak = 2429.426 ; gain = 640.242 ; free physical = 12787 ; free virtual = 29844
---------------------------------------------------------------------------------
---------------------------------------------------------------------------------
Finished RTL Optimization Phase 2 : Time (s): cpu = 00:00:10 ; elapsed = 00:00:10 . Memory (MB): peak = 2429.426 ; gain = 640.242 ; free physical = 12777 ; free virtual = 29835
---------------------------------------------------------------------------------
---------------------------------------------------------------------------------
Start RTL Component Statistics 
---------------------------------------------------------------------------------
Detailed RTL Component Info : 
---------------------------------------------------------------------------------
Finished RTL Component Statistics 
---------------------------------------------------------------------------------
---------------------------------------------------------------------------------
Start Part Resource Summary
---------------------------------------------------------------------------------
Part Resources:
DSPs: 220 (col length:60)
BRAMs: 280 (col length: RAMB18 60 RAMB36 30)
---------------------------------------------------------------------------------
Finished Part Resource Summary
---------------------------------------------------------------------------------
---------------------------------------------------------------------------------
Start Cross Boundary and Area Optimization
---------------------------------------------------------------------------------
WARNING: [Synth 8-7129] Port M00_ACLK in module PCSNN_block_design_axi_mem_intercon_0 is either unconnected or has no load
WARNING: [Synth 8-7129] Port M00_ARESETN in module PCSNN_block_design_axi_mem_intercon_0 is either unconnected or has no load
WARNING: [Synth 8-7129] Port M00_AXI_bid[5] in module PCSNN_block_design_axi_mem_intercon_0 is either unconnected or has no load
WARNING: [Synth 8-7129] Port M00_AXI_bid[4] in module PCSNN_block_design_axi_mem_intercon_0 is either unconnected or has no load
WARNING: [Synth 8-7129] Port M00_AXI_bid[3] in module PCSNN_block_design_axi_mem_intercon_0 is either unconnected or has no load
WARNING: [Synth 8-7129] Port M00_AXI_bid[2] in module PCSNN_block_design_axi_mem_intercon_0 is either unconnected or has no load
WARNING: [Synth 8-7129] Port M00_AXI_rid[5] in module PCSNN_block_design_axi_mem_intercon_0 is either unconnected or has no load
WARNING: [Synth 8-7129] Port M00_AXI_rid[4] in module PCSNN_block_design_axi_mem_intercon_0 is either unconnected or has no load
WARNING: [Synth 8-7129] Port M00_AXI_rid[3] in module PCSNN_block_design_axi_mem_intercon_0 is either unconnected or has no load
WARNING: [Synth 8-7129] Port M00_AXI_rid[2] in module PCSNN_block_design_axi_mem_intercon_0 is either unconnected or has no load
WARNING: [Synth 8-7129] Port S00_ACLK in module PCSNN_block_design_axi_mem_intercon_0 is either unconnected or has no load
WARNING: [Synth 8-7129] Port S00_ARESETN in module PCSNN_block_design_axi_mem_intercon_0 is either unconnected or has no load
WARNING: [Synth 8-7129] Port S01_ACLK in module PCSNN_block_design_axi_mem_intercon_0 is either unconnected or has no load
WARNING: [Synth 8-7129] Port S01_ARESETN in module PCSNN_block_design_axi_mem_intercon_0 is either unconnected or has no load
WARNING: [Synth 8-7129] Port S02_ACLK in module PCSNN_block_design_axi_mem_intercon_0 is either unconnected or has no load
WARNING: [Synth 8-7129] Port S02_ARESETN in module PCSNN_block_design_axi_mem_intercon_0 is either unconnected or has no load
---------------------------------------------------------------------------------
Finished Cross Boundary and Area Optimization : Time (s): cpu = 00:00:11 ; elapsed = 00:00:11 . Memory (MB): peak = 2429.426 ; gain = 640.242 ; free physical = 12751 ; free virtual = 29814
---------------------------------------------------------------------------------
---------------------------------------------------------------------------------
Start Applying XDC Timing Constraints
---------------------------------------------------------------------------------
---------------------------------------------------------------------------------
Finished Applying XDC Timing Constraints : Time (s): cpu = 00:00:15 ; elapsed = 00:00:15 . Memory (MB): peak = 2532.426 ; gain = 743.242 ; free physical = 12647 ; free virtual = 29710
---------------------------------------------------------------------------------
---------------------------------------------------------------------------------
Start Timing Optimization
---------------------------------------------------------------------------------
---------------------------------------------------------------------------------
Finished Timing Optimization : Time (s): cpu = 00:00:15 ; elapsed = 00:00:15 . Memory (MB): peak = 2533.426 ; gain = 744.242 ; free physical = 12647 ; free virtual = 29710
---------------------------------------------------------------------------------
---------------------------------------------------------------------------------
Start Technology Mapping
---------------------------------------------------------------------------------
---------------------------------------------------------------------------------
Finished Technology Mapping : Time (s): cpu = 00:00:15 ; elapsed = 00:00:15 . Memory (MB): peak = 2543.441 ; gain = 754.258 ; free physical = 12634 ; free virtual = 29696
---------------------------------------------------------------------------------
---------------------------------------------------------------------------------
Start IO Insertion
---------------------------------------------------------------------------------
---------------------------------------------------------------------------------
Start Flattening Before IO Insertion
---------------------------------------------------------------------------------
---------------------------------------------------------------------------------
Finished Flattening Before IO Insertion
---------------------------------------------------------------------------------
---------------------------------------------------------------------------------
Start Final Netlist Cleanup
---------------------------------------------------------------------------------
---------------------------------------------------------------------------------
Finished Final Netlist Cleanup
---------------------------------------------------------------------------------
---------------------------------------------------------------------------------
Finished IO Insertion : Time (s): cpu = 00:00:17 ; elapsed = 00:00:18 . Memory (MB): peak = 2730.254 ; gain = 941.070 ; free physical = 12661 ; free virtual = 29724
---------------------------------------------------------------------------------
---------------------------------------------------------------------------------
Start Renaming Generated Instances
---------------------------------------------------------------------------------
---------------------------------------------------------------------------------
Finished Renaming Generated Instances : Time (s): cpu = 00:00:17 ; elapsed = 00:00:18 . Memory (MB): peak = 2730.254 ; gain = 941.070 ; free physical = 12661 ; free virtual = 29724
---------------------------------------------------------------------------------
---------------------------------------------------------------------------------
Start Rebuilding User Hierarchy
---------------------------------------------------------------------------------
---------------------------------------------------------------------------------
Finished Rebuilding User Hierarchy : Time (s): cpu = 00:00:17 ; elapsed = 00:00:18 . Memory (MB): peak = 2730.254 ; gain = 941.070 ; free physical = 12661 ; free virtual = 29724
---------------------------------------------------------------------------------
---------------------------------------------------------------------------------
Start Renaming Generated Ports
---------------------------------------------------------------------------------
---------------------------------------------------------------------------------
Finished Renaming Generated Ports : Time (s): cpu = 00:00:17 ; elapsed = 00:00:18 . Memory (MB): peak = 2730.254 ; gain = 941.070 ; free physical = 12661 ; free virtual = 29724
---------------------------------------------------------------------------------
---------------------------------------------------------------------------------
Start Handling Custom Attributes
---------------------------------------------------------------------------------
---------------------------------------------------------------------------------
Finished Handling Custom Attributes : Time (s): cpu = 00:00:17 ; elapsed = 00:00:18 . Memory (MB): peak = 2730.254 ; gain = 941.070 ; free physical = 12661 ; free virtual = 29724
---------------------------------------------------------------------------------
---------------------------------------------------------------------------------
Start Renaming Generated Nets
---------------------------------------------------------------------------------
---------------------------------------------------------------------------------
Finished Renaming Generated Nets : Time (s): cpu = 00:00:17 ; elapsed = 00:00:18 . Memory (MB): peak = 2730.254 ; gain = 941.070 ; free physical = 12661 ; free virtual = 29724
---------------------------------------------------------------------------------
---------------------------------------------------------------------------------
Start Writing Synthesis Report
---------------------------------------------------------------------------------

Report BlackBoxes: 
+------+--------------------------------------------------+----------+
|      |BlackBox name                                     |Instances |
+------+--------------------------------------------------+----------+
|1     |PCSNN_block_design_axi_dma_0_0                    |         1|
|2     |PCSNN_block_design_axi_mem_intercon_imp_xbar_0    |         1|
|3     |PCSNN_block_design_axi_mem_intercon_imp_auto_pc_0 |         1|
|4     |PCSNN_block_design_axi_mem_intercon_imp_auto_us_0 |         1|
|5     |PCSNN_block_design_axi_mem_intercon_imp_auto_pc_1 |         1|
|6     |PCSNN_block_design_axi_mem_intercon_imp_auto_us_1 |         1|
|7     |PCSNN_block_design_axi_smc_0                      |         1|
|8     |PCSNN_block_design_processing_system7_0_0         |         1|
|9     |PCSNN_block_design_rst_ps7_0_100M_0               |         1|
|10    |PCSNN_block_design_snn_dma_wrapper_0_0            |         1|
+------+--------------------------------------------------+----------+

Report Cell Usage: 
+------+------------------------------------------------+------+
|      |Cell                                            |Count |
+------+------------------------------------------------+------+
|1     |PCSNN_block_design_axi_dma_0                    |     1|
|2     |PCSNN_block_design_axi_mem_intercon_imp_auto_pc |     2|
|4     |PCSNN_block_design_axi_mem_intercon_imp_auto_us |     2|
|6     |PCSNN_block_design_axi_mem_intercon_imp_xbar    |     1|
|7     |PCSNN_block_design_axi_smc                      |     1|
|8     |PCSNN_block_design_processing_system7_0         |     1|
|9     |PCSNN_block_design_rst_ps7_0_100M               |     1|
|10    |PCSNN_block_design_snn_dma_wrapper_0            |     1|
+------+------------------------------------------------+------+
---------------------------------------------------------------------------------
Finished Writing Synthesis Report : Time (s): cpu = 00:00:17 ; elapsed = 00:00:18 . Memory (MB): peak = 2730.254 ; gain = 941.070 ; free physical = 12661 ; free virtual = 29724
---------------------------------------------------------------------------------
Synthesis finished with 0 errors, 0 critical warnings and 16 warnings.
Synthesis Optimization Runtime : Time (s): cpu = 00:00:16 ; elapsed = 00:00:16 . Memory (MB): peak = 2730.254 ; gain = 893.383 ; free physical = 12661 ; free virtual = 29724
Synthesis Optimization Complete : Time (s): cpu = 00:00:17 ; elapsed = 00:00:18 . Memory (MB): peak = 2730.262 ; gain = 941.070 ; free physical = 12661 ; free virtual = 29724
INFO: [Project 1-571] Translating synthesized netlist
Netlist sorting complete. Time (s): cpu = 00:00:00.01 ; elapsed = 00:00:00.01 . Memory (MB): peak = 2730.262 ; gain = 0.000 ; free physical = 12828 ; free virtual = 29893
INFO: [Project 1-570] Preparing netlist for logic optimization
INFO: [Opt 31-138] Pushed 0 inverter(s) to 0 load pin(s).
Netlist sorting complete. Time (s): cpu = 00:00:00 ; elapsed = 00:00:00 . Memory (MB): peak = 2730.262 ; gain = 0.000 ; free physical = 12853 ; free virtual = 29918
INFO: [Project 1-111] Unisim Transformation Summary:
No Unisim elements were transformed.

Synth Design complete | Checksum: 77ed20cd
INFO: [Common 17-83] Releasing license: Synthesis
55 Infos, 71 Warnings, 0 Critical Warnings and 0 Errors encountered.
synth_design completed successfully
synth_design: Time (s): cpu = 00:00:24 ; elapsed = 00:00:23 . Memory (MB): peak = 2730.289 ; gain = 1098.934 ; free physical = 12820 ; free virtual = 29884
INFO: [Common 17-2834] synth_design peak Physical Memory [PSS] (MB): overall = 1770.524; main = 1770.524; forked = 254.248
INFO: [Common 17-2834] synth_design peak Virtual Memory [VSS] (MB): overall = 3449.070; main = 2730.258; forked = 1019.641
INFO: [Common 17-1381] The checkpoint '/home/ivanyuchen/CODING_FILES/VERILOG/PCSNN/PCSNN.runs/synth_1/PCSNN_block_design_wrapper.dcp' has been generated.
INFO: [Vivado 12-24828] Executing command : report_utilization -file PCSNN_block_design_wrapper_utilization_synth.rpt -pb PCSNN_block_design_wrapper_utilization_synth.pb
INFO: [Common 17-206] Exiting Vivado at Thu Jun 25 09:31:10 2026...
