
*** Running vivado
    with args -log PCSNN_block_design_snn_dma_wrapper_0_0.vds -m64 -product Vivado -mode batch -messageDb vivado.pb -notrace -source PCSNN_block_design_snn_dma_wrapper_0_0.tcl


****** Vivado v2025.2 (64-bit)
  **** SW Build 6299465 on Fri Nov 14 12:34:56 MST 2025
  **** IP Build 6300035 on Fri Nov 14 10:48:45 MST 2025
  **** SharedData Build 6298862 on Thu Nov 13 04:50:51 MST 2025
  **** Start of session at: Thu Jun 25 09:28:48 2026
    ** Copyright 1986-2022 Xilinx, Inc. All Rights Reserved.
    ** Copyright 2022-2025 Advanced Micro Devices, Inc. All Rights Reserved.

source PCSNN_block_design_snn_dma_wrapper_0_0.tcl -notrace
INFO: [IP_Flow 19-234] Refreshing IP repositories
INFO: [IP_Flow 19-1704] No user IP repositories specified
INFO: [IP_Flow 19-2313] Loaded Vivado IP repository '/home/ivanyuchen/2025.2/data/ip'.
Command: synth_design -top PCSNN_block_design_snn_dma_wrapper_0_0 -part xc7z020clg400-1 -incremental_mode off -mode out_of_context
Starting synth_design
Attempting to get a license for feature 'Synthesis' and/or device 'xc7z020'
INFO: [Common 17-349] Got license for feature 'Synthesis' and/or device 'xc7z020'
INFO: [Device 21-403] Loading part xc7z020clg400-1
INFO: [Synth 8-7079] Multithreading enabled for synth_design using a maximum of 7 processes.
INFO: [Synth 8-7078] Launching helper process for spawning children vivado processes
INFO: [Synth 8-7075] Helper process launched with PID 164614
---------------------------------------------------------------------------------
Starting RTL Elaboration : Time (s): cpu = 00:00:03 ; elapsed = 00:00:03 . Memory (MB): peak = 2242.242 ; gain = 481.875 ; free physical = 11352 ; free virtual = 28336
---------------------------------------------------------------------------------
INFO: [Synth 8-6157] synthesizing module 'PCSNN_block_design_snn_dma_wrapper_0_0' [/home/ivanyuchen/CODING_FILES/VERILOG/PCSNN/PCSNN.gen/sources_1/bd/PCSNN_block_design/ip/PCSNN_block_design_snn_dma_wrapper_0_0/synth/PCSNN_block_design_snn_dma_wrapper_0_0.v:53]
INFO: [Synth 8-6157] synthesizing module 'snn_dma_wrapper' [/home/ivanyuchen/CODING_FILES/VERILOG/PCSNN/PCSNN.srcs/sources_1/imports/verilog/snn_dma_wrapper.v:3]
	Parameter HIDDEN_DIM bound to: 128 - type: integer 
	Parameter INPUT_DIM bound to: 784 - type: integer 
	Parameter PIXEL_BITS bound to: 8 - type: integer 
	Parameter TIME_STEPS bound to: 15 - type: integer 
	Parameter PARALLEL_NEURONS bound to: 16 - type: integer 
	Parameter AXIS_DATA_WIDTH bound to: 32 - type: integer 
	Parameter SPIKE_COUNT_WIDTH bound to: 4 - type: integer 
INFO: [Synth 8-6157] synthesizing module 'SNN_top' [/home/ivanyuchen/CODING_FILES/VERILOG/PCSNN/PCSNN.srcs/sources_1/imports/verilog/SNN_top.sv:3]
	Parameter HIDDEN_DIM bound to: 128 - type: integer 
	Parameter INPUT_DIM bound to: 784 - type: integer 
	Parameter PIXEL_BITS bound to: 8 - type: integer 
	Parameter TIME_STEPS bound to: 15 - type: integer 
	Parameter PARALLEL_NEURONS bound to: 16 - type: integer 
	Parameter SPIKE_COUNT_WIDTH bound to: 4 - type: integer 
INFO: [Synth 8-6157] synthesizing module 'SNN_layer' [/home/ivanyuchen/CODING_FILES/VERILOG/PCSNN/PCSNN.srcs/sources_1/imports/verilog/SNN_layer.sv:44]
	Parameter HIDDEN_DIM bound to: 128 - type: integer 
	Parameter INPUT_DIM bound to: 784 - type: integer 
	Parameter PIXEL_BITS bound to: 8 - type: integer 
	Parameter TIME_STEPS bound to: 15 - type: integer 
	Parameter PARALLEL_NEURONS bound to: 16 - type: integer 
	Parameter SPIKE_COUNT_WIDTH bound to: 4 - type: integer 
INFO: [Synth 8-6157] synthesizing module 'image_buffer' [/home/ivanyuchen/CODING_FILES/VERILOG/PCSNN/PCSNN.srcs/sources_1/imports/verilog/image_buffer.sv:3]
	Parameter INPUT_DIM bound to: 784 - type: integer 
	Parameter PIXEL_BITS bound to: 8 - type: integer 
INFO: [Synth 8-6155] done synthesizing module 'image_buffer' (0#1) [/home/ivanyuchen/CODING_FILES/VERILOG/PCSNN/PCSNN.srcs/sources_1/imports/verilog/image_buffer.sv:3]
INFO: [Synth 8-6157] synthesizing module 'w_ram_bank' [/home/ivanyuchen/CODING_FILES/VERILOG/PCSNN/PCSNN.srcs/sources_1/imports/verilog/SNN_layer.sv:3]
	Parameter HIDDEN_DIM bound to: 128 - type: integer 
	Parameter INPUT_DIM bound to: 784 - type: integer 
	Parameter WEIGHTS_FILE bound to: /home/ivanyuchen/CODING_FILES/PC_SNN/verilog/weights/pc_snn_weights_by_pixel.mem - type: string 
INFO: [Synth 8-3876] $readmem data file '/home/ivanyuchen/CODING_FILES/PC_SNN/verilog/weights/pc_snn_weights_by_pixel.mem' is read successfully [/home/ivanyuchen/CODING_FILES/VERILOG/PCSNN/PCSNN.srcs/sources_1/imports/verilog/SNN_layer.sv:28]
INFO: [Synth 8-6155] done synthesizing module 'w_ram_bank' (0#1) [/home/ivanyuchen/CODING_FILES/VERILOG/PCSNN/PCSNN.srcs/sources_1/imports/verilog/SNN_layer.sv:3]
INFO: [Synth 8-6157] synthesizing module 'w_ram_bank__parameterized0' [/home/ivanyuchen/CODING_FILES/VERILOG/PCSNN/PCSNN.srcs/sources_1/imports/verilog/SNN_layer.sv:3]
	Parameter HIDDEN_DIM bound to: 128 - type: integer 
	Parameter INPUT_DIM bound to: 784 - type: integer 
	Parameter WEIGHTS_FILE bound to: (null) - type: string 
INFO: [Synth 8-6155] done synthesizing module 'w_ram_bank__parameterized0' (0#1) [/home/ivanyuchen/CODING_FILES/VERILOG/PCSNN/PCSNN.srcs/sources_1/imports/verilog/SNN_layer.sv:3]
INFO: [Synth 8-6155] done synthesizing module 'SNN_layer' (0#1) [/home/ivanyuchen/CODING_FILES/VERILOG/PCSNN/PCSNN.srcs/sources_1/imports/verilog/SNN_layer.sv:44]
INFO: [Synth 8-6155] done synthesizing module 'SNN_top' (0#1) [/home/ivanyuchen/CODING_FILES/VERILOG/PCSNN/PCSNN.srcs/sources_1/imports/verilog/SNN_top.sv:3]
INFO: [Synth 8-6155] done synthesizing module 'snn_dma_wrapper' (0#1) [/home/ivanyuchen/CODING_FILES/VERILOG/PCSNN/PCSNN.srcs/sources_1/imports/verilog/snn_dma_wrapper.v:3]
INFO: [Synth 8-6155] done synthesizing module 'PCSNN_block_design_snn_dma_wrapper_0_0' (0#1) [/home/ivanyuchen/CODING_FILES/VERILOG/PCSNN/PCSNN.gen/sources_1/bd/PCSNN_block_design/ip/PCSNN_block_design_snn_dma_wrapper_0_0/synth/PCSNN_block_design_snn_dma_wrapper_0_0.v:53]
WARNING: [Synth 8-6014] Unused sequential element neuron_index_reg was removed.  [/home/ivanyuchen/CODING_FILES/VERILOG/PCSNN/PCSNN.srcs/sources_1/imports/verilog/SNN_layer.sv:416]
WARNING: [Synth 8-6014] Unused sequential element current_weight_reg was removed.  [/home/ivanyuchen/CODING_FILES/VERILOG/PCSNN/PCSNN.srcs/sources_1/imports/verilog/SNN_layer.sv:419]
WARNING: [Synth 8-6014] Unused sequential element neuron_index_reg was removed.  [/home/ivanyuchen/CODING_FILES/VERILOG/PCSNN/PCSNN.srcs/sources_1/imports/verilog/SNN_layer.sv:453]
WARNING: [Synth 8-6014] Unused sequential element i_shifted_reg was removed.  [/home/ivanyuchen/CODING_FILES/VERILOG/PCSNN/PCSNN.srcs/sources_1/imports/verilog/SNN_layer.sv:456]
WARNING: [Synth 8-6014] Unused sequential element i_to_v_reg was removed.  [/home/ivanyuchen/CODING_FILES/VERILOG/PCSNN/PCSNN.srcs/sources_1/imports/verilog/SNN_layer.sv:457]
WARNING: [Synth 8-6014] Unused sequential element v_update_reg was removed.  [/home/ivanyuchen/CODING_FILES/VERILOG/PCSNN/PCSNN.srcs/sources_1/imports/verilog/SNN_layer.sv:458]
WARNING: [Synth 8-6014] Unused sequential element spike_next_reg was removed.  [/home/ivanyuchen/CODING_FILES/VERILOG/PCSNN/PCSNN.srcs/sources_1/imports/verilog/SNN_layer.sv:459]
---------------------------------------------------------------------------------
Finished RTL Elaboration : Time (s): cpu = 00:00:11 ; elapsed = 00:00:11 . Memory (MB): peak = 2610.859 ; gain = 850.492 ; free physical = 10964 ; free virtual = 27955
---------------------------------------------------------------------------------
---------------------------------------------------------------------------------
Start Handling Custom Attributes
---------------------------------------------------------------------------------
---------------------------------------------------------------------------------
Finished Handling Custom Attributes : Time (s): cpu = 00:00:11 ; elapsed = 00:00:11 . Memory (MB): peak = 2610.859 ; gain = 850.492 ; free physical = 10952 ; free virtual = 27944
---------------------------------------------------------------------------------
---------------------------------------------------------------------------------
Finished RTL Optimization Phase 1 : Time (s): cpu = 00:00:11 ; elapsed = 00:00:11 . Memory (MB): peak = 2610.859 ; gain = 850.492 ; free physical = 10952 ; free virtual = 27944
---------------------------------------------------------------------------------
Netlist sorting complete. Time (s): cpu = 00:00:00.64 ; elapsed = 00:00:00.65 . Memory (MB): peak = 2610.859 ; gain = 0.000 ; free physical = 11042 ; free virtual = 28033
INFO: [Project 1-570] Preparing netlist for logic optimization

Processing XDC Constraints
Initializing timing engine
Completed Processing XDC Constraints

Netlist sorting complete. Time (s): cpu = 00:00:00.01 ; elapsed = 00:00:00.01 . Memory (MB): peak = 2841.504 ; gain = 0.000 ; free physical = 10580 ; free virtual = 27572
INFO: [Project 1-111] Unisim Transformation Summary:
No Unisim elements were transformed.

No constraint files found.
---------------------------------------------------------------------------------
Start RTL Component Statistics 
---------------------------------------------------------------------------------
Detailed RTL Component Info : 
+---Adders : 
	   2 Input   52 Bit       Adders := 16    
	   2 Input   32 Bit       Adders := 1     
	   4 Input   26 Bit       Adders := 16    
	   2 Input   26 Bit       Adders := 1     
	   3 Input   26 Bit       Adders := 1     
	  17 Input   26 Bit       Adders := 1     
	   2 Input   17 Bit       Adders := 128   
	   2 Input   16 Bit       Adders := 144   
	   2 Input   10 Bit       Adders := 1     
	   2 Input    8 Bit       Adders := 1     
	   2 Input    5 Bit       Adders := 1     
	   2 Input    4 Bit       Adders := 18    
	   2 Input    3 Bit       Adders := 1     
+---XORs : 
	   2 Input     32 Bit         XORs := 784   
	   4 Input      8 Bit         XORs := 784   
	   4 Input      1 Bit         XORs := 1     
+---Registers : 
	             6272 Bit    Registers := 1     
	             2048 Bit    Registers := 2     
	              784 Bit    Registers := 1     
	              512 Bit    Registers := 1     
	               52 Bit    Registers := 128   
	               32 Bit    Registers := 1     
	               26 Bit    Registers := 130   
	               10 Bit    Registers := 1     
	                8 Bit    Registers := 1     
	                5 Bit    Registers := 1     
	                4 Bit    Registers := 130   
	                3 Bit    Registers := 1     
	                1 Bit    Registers := 5     
+---RAMs : 
	            1568K Bit	(784 X 2048 bit)          RAMs := 2     
+---Muxes : 
	   6 Input 6272 Bit        Muxes := 1     
	   5 Input 6272 Bit        Muxes := 1     
	   2 Input 6272 Bit        Muxes := 1     
	   2 Input 2048 Bit        Muxes := 1     
	  13 Input 2048 Bit        Muxes := 1     
	   6 Input  784 Bit        Muxes := 1     
	  13 Input  128 Bit        Muxes := 2     
	   8 Input  128 Bit        Muxes := 2     
	  13 Input   52 Bit        Muxes := 16    
	   6 Input   32 Bit        Muxes := 1     
	   5 Input   32 Bit        Muxes := 1     
	  13 Input   26 Bit        Muxes := 18    
	   2 Input   26 Bit        Muxes := 17    
	   2 Input   17 Bit        Muxes := 2     
	   2 Input   16 Bit        Muxes := 415   
	   2 Input   12 Bit        Muxes := 1     
	  13 Input   10 Bit        Muxes := 1     
	   2 Input   10 Bit        Muxes := 1     
	   2 Input    8 Bit        Muxes := 2     
	   5 Input    8 Bit        Muxes := 1     
	   2 Input    5 Bit        Muxes := 1     
	   3 Input    4 Bit        Muxes := 1     
	   2 Input    4 Bit        Muxes := 2     
	  13 Input    4 Bit        Muxes := 17    
	   5 Input    4 Bit        Muxes := 1     
	  13 Input    3 Bit        Muxes := 1     
	   2 Input    3 Bit        Muxes := 1     
	   5 Input    3 Bit        Muxes := 1     
	   2 Input    2 Bit        Muxes := 2     
	   3 Input    2 Bit        Muxes := 2     
	   4 Input    2 Bit        Muxes := 1     
	   6 Input    1 Bit        Muxes := 3     
	   4 Input    1 Bit        Muxes := 1     
	  13 Input    1 Bit        Muxes := 167   
	   2 Input    1 Bit        Muxes := 9     
	   5 Input    1 Bit        Muxes := 11    
---------------------------------------------------------------------------------
Finished RTL Component Statistics 
---------------------------------------------------------------------------------
---------------------------------------------------------------------------------
Start Part Resource Summary
---------------------------------------------------------------------------------
Part Resources:
DSPs: 220 (col length:60)
BRAMs: 280 (col length: RAMB18 60 RAMB36 30)
---------------------------------------------------------------------------------
Finished Part Resource Summary
---------------------------------------------------------------------------------
No constraint files found.
---------------------------------------------------------------------------------
Start Cross Boundary and Area Optimization
---------------------------------------------------------------------------------
WARNING: [Synth 8-3917] design SNN_layer__GCB9 has port P[11] driven by constant 0
WARNING: [Synth 8-3917] design SNN_layer__GCB9 has port P[7] driven by constant 0
WARNING: [Synth 8-3917] design SNN_layer__GCB9 has port P[6] driven by constant 0
WARNING: [Synth 8-3917] design SNN_layer__GCB9 has port P[5] driven by constant 1
WARNING: [Synth 8-3917] design SNN_layer__GCB9 has port P[4] driven by constant 0
WARNING: [Synth 8-3917] design SNN_layer__GCB9 has port P[3] driven by constant 0
WARNING: [Synth 8-3917] design SNN_layer__GCB9 has port P[2] driven by constant 0
WARNING: [Synth 8-3917] design SNN_layer__GCB9 has port P[1] driven by constant 0
WARNING: [Synth 8-3917] design SNN_layer__GCB9 has port P[0] driven by constant 0
WARNING: [Synth 8-3917] design SNN_layer__GCB9 has port p_0_out[2047] driven by constant 0
WARNING: [Synth 8-3917] design SNN_layer__GCB9 has port p_0_out[2046] driven by constant 0
WARNING: [Synth 8-3917] design SNN_layer__GCB9 has port p_0_out[2045] driven by constant 0
WARNING: [Synth 8-3917] design SNN_layer__GCB9 has port p_0_out[2044] driven by constant 0
WARNING: [Synth 8-3917] design SNN_layer__GCB9 has port p_0_out[2043] driven by constant 0
WARNING: [Synth 8-3917] design SNN_layer__GCB9 has port p_0_out[2042] driven by constant 0
WARNING: [Synth 8-3917] design SNN_layer__GCB9 has port p_0_out[2041] driven by constant 0
WARNING: [Synth 8-3917] design SNN_layer__GCB9 has port p_0_out[2040] driven by constant 0
WARNING: [Synth 8-3917] design SNN_layer__GCB9 has port p_0_out[2039] driven by constant 0
WARNING: [Synth 8-3917] design SNN_layer__GCB9 has port p_0_out[2038] driven by constant 0
WARNING: [Synth 8-3917] design SNN_layer__GCB9 has port p_0_out[2037] driven by constant 0
WARNING: [Synth 8-3917] design SNN_layer__GCB9 has port p_0_out[2036] driven by constant 0
WARNING: [Synth 8-3917] design SNN_layer__GCB9 has port p_0_out[2035] driven by constant 0
WARNING: [Synth 8-3917] design SNN_layer__GCB9 has port p_0_out[2034] driven by constant 0
WARNING: [Synth 8-3917] design SNN_layer__GCB9 has port p_0_out[2033] driven by constant 0
WARNING: [Synth 8-3917] design SNN_layer__GCB9 has port p_0_out[2032] driven by constant 0
WARNING: [Synth 8-3917] design SNN_layer__GCB9 has port p_0_out[2031] driven by constant 0
WARNING: [Synth 8-3917] design SNN_layer__GCB9 has port p_0_out[2030] driven by constant 0
WARNING: [Synth 8-3917] design SNN_layer__GCB9 has port p_0_out[2029] driven by constant 0
WARNING: [Synth 8-3917] design SNN_layer__GCB9 has port p_0_out[2028] driven by constant 0
WARNING: [Synth 8-3917] design SNN_layer__GCB9 has port p_0_out[2027] driven by constant 0
WARNING: [Synth 8-3917] design SNN_layer__GCB9 has port p_0_out[2026] driven by constant 0
WARNING: [Synth 8-3917] design SNN_layer__GCB9 has port p_0_out[2025] driven by constant 0
WARNING: [Synth 8-3917] design SNN_layer__GCB9 has port p_0_out[2024] driven by constant 0
WARNING: [Synth 8-3917] design SNN_layer__GCB9 has port p_0_out[2023] driven by constant 0
WARNING: [Synth 8-3917] design SNN_layer__GCB9 has port p_0_out[2022] driven by constant 0
WARNING: [Synth 8-3917] design SNN_layer__GCB9 has port p_0_out[2021] driven by constant 0
WARNING: [Synth 8-3917] design SNN_layer__GCB9 has port p_0_out[2020] driven by constant 0
WARNING: [Synth 8-3917] design SNN_layer__GCB9 has port p_0_out[2019] driven by constant 0
WARNING: [Synth 8-3917] design SNN_layer__GCB9 has port p_0_out[2018] driven by constant 0
WARNING: [Synth 8-3917] design SNN_layer__GCB9 has port p_0_out[2017] driven by constant 0
WARNING: [Synth 8-3917] design SNN_layer__GCB9 has port p_0_out[2016] driven by constant 0
WARNING: [Synth 8-3917] design SNN_layer__GCB9 has port p_0_out[2015] driven by constant 0
WARNING: [Synth 8-3917] design SNN_layer__GCB9 has port p_0_out[2014] driven by constant 0
WARNING: [Synth 8-3917] design SNN_layer__GCB9 has port p_0_out[2013] driven by constant 0
WARNING: [Synth 8-3917] design SNN_layer__GCB9 has port p_0_out[2012] driven by constant 0
WARNING: [Synth 8-3917] design SNN_layer__GCB9 has port p_0_out[2011] driven by constant 0
WARNING: [Synth 8-3917] design SNN_layer__GCB9 has port p_0_out[2010] driven by constant 0
WARNING: [Synth 8-3917] design SNN_layer__GCB9 has port p_0_out[2009] driven by constant 0
WARNING: [Synth 8-3917] design SNN_layer__GCB9 has port p_0_out[2008] driven by constant 0
WARNING: [Synth 8-3917] design SNN_layer__GCB9 has port p_0_out[2007] driven by constant 0
WARNING: [Synth 8-3917] design SNN_layer__GCB9 has port p_0_out[2006] driven by constant 0
WARNING: [Synth 8-3917] design SNN_layer__GCB9 has port p_0_out[2005] driven by constant 0
WARNING: [Synth 8-3917] design SNN_layer__GCB9 has port p_0_out[2004] driven by constant 0
WARNING: [Synth 8-3917] design SNN_layer__GCB9 has port p_0_out[2003] driven by constant 0
WARNING: [Synth 8-3917] design SNN_layer__GCB9 has port p_0_out[2002] driven by constant 0
WARNING: [Synth 8-3917] design SNN_layer__GCB9 has port p_0_out[2001] driven by constant 0
WARNING: [Synth 8-3917] design SNN_layer__GCB9 has port p_0_out[2000] driven by constant 0
WARNING: [Synth 8-3917] design SNN_layer__GCB9 has port p_0_out[1999] driven by constant 0
WARNING: [Synth 8-3917] design SNN_layer__GCB9 has port p_0_out[1998] driven by constant 0
WARNING: [Synth 8-3917] design SNN_layer__GCB9 has port p_0_out[1997] driven by constant 0
WARNING: [Synth 8-3917] design SNN_layer__GCB9 has port p_0_out[1996] driven by constant 0
WARNING: [Synth 8-3917] design SNN_layer__GCB9 has port p_0_out[1995] driven by constant 0
WARNING: [Synth 8-3917] design SNN_layer__GCB9 has port p_0_out[1994] driven by constant 0
WARNING: [Synth 8-3917] design SNN_layer__GCB9 has port p_0_out[1993] driven by constant 0
WARNING: [Synth 8-3917] design SNN_layer__GCB9 has port p_0_out[1992] driven by constant 0
WARNING: [Synth 8-3917] design SNN_layer__GCB9 has port p_0_out[1991] driven by constant 0
WARNING: [Synth 8-3917] design SNN_layer__GCB9 has port p_0_out[1990] driven by constant 0
WARNING: [Synth 8-3917] design SNN_layer__GCB9 has port p_0_out[1989] driven by constant 0
WARNING: [Synth 8-3917] design SNN_layer__GCB9 has port p_0_out[1988] driven by constant 0
WARNING: [Synth 8-3917] design SNN_layer__GCB9 has port p_0_out[1987] driven by constant 0
WARNING: [Synth 8-3917] design SNN_layer__GCB9 has port p_0_out[1986] driven by constant 0
WARNING: [Synth 8-3917] design SNN_layer__GCB9 has port p_0_out[1985] driven by constant 0
WARNING: [Synth 8-3917] design SNN_layer__GCB9 has port p_0_out[1984] driven by constant 0
WARNING: [Synth 8-3917] design SNN_layer__GCB9 has port p_0_out[1983] driven by constant 0
WARNING: [Synth 8-3917] design SNN_layer__GCB9 has port p_0_out[1982] driven by constant 0
WARNING: [Synth 8-3917] design SNN_layer__GCB9 has port p_0_out[1981] driven by constant 0
WARNING: [Synth 8-3917] design SNN_layer__GCB9 has port p_0_out[1980] driven by constant 0
WARNING: [Synth 8-3917] design SNN_layer__GCB9 has port p_0_out[1979] driven by constant 0
WARNING: [Synth 8-3917] design SNN_layer__GCB9 has port p_0_out[1978] driven by constant 0
WARNING: [Synth 8-3917] design SNN_layer__GCB9 has port p_0_out[1977] driven by constant 0
WARNING: [Synth 8-3917] design SNN_layer__GCB9 has port p_0_out[1976] driven by constant 0
WARNING: [Synth 8-3917] design SNN_layer__GCB9 has port p_0_out[1975] driven by constant 0
WARNING: [Synth 8-3917] design SNN_layer__GCB9 has port p_0_out[1974] driven by constant 0
WARNING: [Synth 8-3917] design SNN_layer__GCB9 has port p_0_out[1973] driven by constant 0
WARNING: [Synth 8-3917] design SNN_layer__GCB9 has port p_0_out[1972] driven by constant 0
WARNING: [Synth 8-3917] design SNN_layer__GCB9 has port p_0_out[1971] driven by constant 0
WARNING: [Synth 8-3917] design SNN_layer__GCB9 has port p_0_out[1970] driven by constant 0
WARNING: [Synth 8-3917] design SNN_layer__GCB9 has port p_0_out[1969] driven by constant 0
WARNING: [Synth 8-3917] design SNN_layer__GCB9 has port p_0_out[1968] driven by constant 0
WARNING: [Synth 8-3917] design SNN_layer__GCB9 has port p_0_out[1967] driven by constant 0
WARNING: [Synth 8-3917] design SNN_layer__GCB9 has port p_0_out[1966] driven by constant 0
WARNING: [Synth 8-3917] design SNN_layer__GCB9 has port p_0_out[1965] driven by constant 0
WARNING: [Synth 8-3917] design SNN_layer__GCB9 has port p_0_out[1964] driven by constant 0
WARNING: [Synth 8-3917] design SNN_layer__GCB9 has port p_0_out[1963] driven by constant 0
WARNING: [Synth 8-3917] design SNN_layer__GCB9 has port p_0_out[1962] driven by constant 0
WARNING: [Synth 8-3917] design SNN_layer__GCB9 has port p_0_out[1961] driven by constant 0
WARNING: [Synth 8-3917] design SNN_layer__GCB9 has port p_0_out[1960] driven by constant 0
WARNING: [Synth 8-3917] design SNN_layer__GCB9 has port p_0_out[1959] driven by constant 0
WARNING: [Synth 8-3917] design SNN_layer__GCB9 has port p_0_out[1958] driven by constant 0
WARNING: [Synth 8-3917] design SNN_layer__GCB9 has port p_0_out[1957] driven by constant 0
INFO: [Common 17-14] Message 'Synth 8-3917' appears 100 times and further instances of the messages will be disabled. Use the Tcl command set_msg_config to change the current settings.
INFO: [Common 17-14] Message 'Synth 8-3917' appears 100 times and further instances of the messages will be disabled. Use the Tcl command set_msg_config to change the current settings.
INFO: [Synth 8-5544] ROM "Spike_out_Cluster0" won't be mapped to Block RAM because address size (3) smaller than threshold (5)
DSP Report: Generating DSP p_2_out, operation Mode is: (C or 0)+A*B.
DSP Report: operator p_1_out is absorbed into DSP p_2_out.
DSP Report: operator p_0_out is absorbed into DSP p_2_out.
DSP Report: Generating DSP p_2_out, operation Mode is: (C or 0)+A*B.
DSP Report: operator p_1_out is absorbed into DSP p_2_out.
DSP Report: operator p_0_out is absorbed into DSP p_2_out.
DSP Report: Generating DSP p_2_out, operation Mode is: (C or 0)+A*B.
DSP Report: operator p_1_out is absorbed into DSP p_2_out.
DSP Report: operator p_0_out is absorbed into DSP p_2_out.
DSP Report: Generating DSP p_2_out, operation Mode is: (C or 0)+A*B.
DSP Report: operator p_1_out is absorbed into DSP p_2_out.
DSP Report: operator p_0_out is absorbed into DSP p_2_out.
DSP Report: Generating DSP p_2_out, operation Mode is: (C or 0)+A*B.
DSP Report: operator p_1_out is absorbed into DSP p_2_out.
DSP Report: operator p_0_out is absorbed into DSP p_2_out.
DSP Report: Generating DSP p_2_out, operation Mode is: (C or 0)+A*B.
DSP Report: operator p_1_out is absorbed into DSP p_2_out.
DSP Report: operator p_0_out is absorbed into DSP p_2_out.
DSP Report: Generating DSP p_2_out, operation Mode is: (C or 0)+A*B.
DSP Report: operator p_1_out is absorbed into DSP p_2_out.
DSP Report: operator p_0_out is absorbed into DSP p_2_out.
DSP Report: Generating DSP p_2_out, operation Mode is: (C or 0)+A*B.
DSP Report: operator p_1_out is absorbed into DSP p_2_out.
DSP Report: operator p_0_out is absorbed into DSP p_2_out.
DSP Report: Generating DSP p_2_out, operation Mode is: (C or 0)+A*B.
DSP Report: operator p_1_out is absorbed into DSP p_2_out.
DSP Report: operator p_0_out is absorbed into DSP p_2_out.
DSP Report: Generating DSP p_2_out, operation Mode is: (C or 0)+A*B.
DSP Report: operator p_1_out is absorbed into DSP p_2_out.
DSP Report: operator p_0_out is absorbed into DSP p_2_out.
DSP Report: Generating DSP p_2_out, operation Mode is: (C or 0)+A*B.
DSP Report: operator p_1_out is absorbed into DSP p_2_out.
DSP Report: operator p_0_out is absorbed into DSP p_2_out.
DSP Report: Generating DSP p_2_out, operation Mode is: (C or 0)+A*B.
DSP Report: operator p_1_out is absorbed into DSP p_2_out.
DSP Report: operator p_0_out is absorbed into DSP p_2_out.
DSP Report: Generating DSP p_2_out, operation Mode is: (C or 0)+A*B.
DSP Report: operator p_1_out is absorbed into DSP p_2_out.
DSP Report: operator p_0_out is absorbed into DSP p_2_out.
DSP Report: Generating DSP p_2_out, operation Mode is: (C or 0)+A*B.
DSP Report: operator p_1_out is absorbed into DSP p_2_out.
DSP Report: operator p_0_out is absorbed into DSP p_2_out.
DSP Report: Generating DSP p_2_out, operation Mode is: (C or 0)+A*B.
DSP Report: operator p_1_out is absorbed into DSP p_2_out.
DSP Report: operator p_0_out is absorbed into DSP p_2_out.
DSP Report: Generating DSP p_2_out, operation Mode is: (C or 0)+A*B.
DSP Report: operator p_1_out is absorbed into DSP p_2_out.
DSP Report: operator p_0_out is absorbed into DSP p_2_out.
---------------------------------------------------------------------------------
Finished Cross Boundary and Area Optimization : Time (s): cpu = 00:01:06 ; elapsed = 00:01:04 . Memory (MB): peak = 2881.441 ; gain = 1121.074 ; free physical = 6016 ; free virtual = 23023
---------------------------------------------------------------------------------
 Sort Area is SNN_layer__GCB12 p_2_out_0 : 0 0 : 2960 2960 : Used 1 time 100
 Sort Area is SNN_layer__GCB12 p_2_out_10 : 0 0 : 2960 2960 : Used 1 time 100
 Sort Area is SNN_layer__GCB12 p_2_out_2 : 0 0 : 2960 2960 : Used 1 time 100
 Sort Area is SNN_layer__GCB12 p_2_out_3 : 0 0 : 2960 2960 : Used 1 time 100
 Sort Area is SNN_layer__GCB12 p_2_out_4 : 0 0 : 2960 2960 : Used 1 time 100
 Sort Area is SNN_layer__GCB12 p_2_out_5 : 0 0 : 2960 2960 : Used 1 time 100
 Sort Area is SNN_layer__GCB12 p_2_out_6 : 0 0 : 2960 2960 : Used 1 time 100
 Sort Area is SNN_layer__GCB12 p_2_out_7 : 0 0 : 2960 2960 : Used 1 time 100
 Sort Area is SNN_layer__GCB12 p_2_out_8 : 0 0 : 2960 2960 : Used 1 time 100
 Sort Area is SNN_layer__GCB12 p_2_out_9 : 0 0 : 2960 2960 : Used 1 time 100
 Sort Area is SNN_layer__GCB12 p_2_out_a : 0 0 : 2960 2960 : Used 1 time 100
 Sort Area is SNN_layer__GCB12 p_2_out_b : 0 0 : 2960 2960 : Used 1 time 100
 Sort Area is SNN_layer__GCB12 p_2_out_c : 0 0 : 2960 2960 : Used 1 time 100
 Sort Area is SNN_layer__GCB12 p_2_out_d : 0 0 : 2960 2960 : Used 1 time 100
 Sort Area is SNN_layer__GCB12 p_2_out_e : 0 0 : 2960 2960 : Used 1 time 100
 Sort Area is SNN_layer__GCB12 p_2_out_f : 0 0 : 2960 2960 : Used 1 time 100
---------------------------------------------------------------------------------
Start ROM, RAM, DSP, Shift Register and Retiming Reporting
---------------------------------------------------------------------------------

Block RAM: Preliminary Mapping Report (see note below)
+---------------------------------------+------------------------------+------------------------+---+---+------------------------+---+---+------------------+--------+--------+
|Module Name                            | RTL Object                   | PORT A (Depth x Width) | W | R | PORT B (Depth x Width) | W | R | Ports driving FF | RAMB18 | RAMB36 | 
+---------------------------------------+------------------------------+------------------------+---+---+------------------------+---+---+------------------+--------+--------+
|SNN_layer__GCB11                       | grad_ram_bank_inst/ram_reg   | 784 x 2048(READ_FIRST) | W | R |                        |   |   | Port A           | 0      | 57     | 
|PCSNN_block_design_snn_dma_wrapper_0_0 | weight_ram_bank_inst/ram_reg | 784 x 2048(READ_FIRST) | W | R |                        |   |   | Port A           | 0      | 57     | 
+---------------------------------------+------------------------------+------------------------+---+---+------------------------+---+---+------------------+--------+--------+

Note: The table above is a preliminary report that shows the Block RAMs at the current stage of the synthesis flow. Some Block RAMs may be reimplemented as non Block RAM primitives later in the synthesis flow. Multiple instantiated Block RAMs are reported only once. 

DSP: Preliminary Mapping Report (see note below. The ' indicates corresponding REG is set)
+------------+--------------+--------+--------+--------+--------+--------+------+------+------+------+-------+------+------+
|Module Name | DSP Mapping  | A Size | B Size | C Size | D Size | P Size | AREG | BREG | CREG | DREG | ADREG | MREG | PREG | 
+------------+--------------+--------+--------+--------+--------+--------+------+------+------+------+-------+------+------+
|SNN_layer   | (C or 0)+A*B | 25     | 16     | 15     | -      | 41     | 0    | 0    | 0    | -    | -     | 0    | 0    | 
|SNN_layer   | (C or 0)+A*B | 25     | 16     | 15     | -      | 41     | 0    | 0    | 0    | -    | -     | 0    | 0    | 
|SNN_layer   | (C or 0)+A*B | 25     | 16     | 15     | -      | 41     | 0    | 0    | 0    | -    | -     | 0    | 0    | 
|SNN_layer   | (C or 0)+A*B | 25     | 16     | 15     | -      | 41     | 0    | 0    | 0    | -    | -     | 0    | 0    | 
|SNN_layer   | (C or 0)+A*B | 25     | 16     | 15     | -      | 41     | 0    | 0    | 0    | -    | -     | 0    | 0    | 
|SNN_layer   | (C or 0)+A*B | 25     | 16     | 15     | -      | 41     | 0    | 0    | 0    | -    | -     | 0    | 0    | 
|SNN_layer   | (C or 0)+A*B | 25     | 16     | 15     | -      | 41     | 0    | 0    | 0    | -    | -     | 0    | 0    | 
|SNN_layer   | (C or 0)+A*B | 25     | 16     | 15     | -      | 41     | 0    | 0    | 0    | -    | -     | 0    | 0    | 
|SNN_layer   | (C or 0)+A*B | 25     | 16     | 15     | -      | 41     | 0    | 0    | 0    | -    | -     | 0    | 0    | 
|SNN_layer   | (C or 0)+A*B | 25     | 16     | 15     | -      | 41     | 0    | 0    | 0    | -    | -     | 0    | 0    | 
|SNN_layer   | (C or 0)+A*B | 25     | 16     | 15     | -      | 41     | 0    | 0    | 0    | -    | -     | 0    | 0    | 
|SNN_layer   | (C or 0)+A*B | 25     | 16     | 15     | -      | 41     | 0    | 0    | 0    | -    | -     | 0    | 0    | 
|SNN_layer   | (C or 0)+A*B | 25     | 16     | 15     | -      | 41     | 0    | 0    | 0    | -    | -     | 0    | 0    | 
|SNN_layer   | (C or 0)+A*B | 25     | 16     | 15     | -      | 41     | 0    | 0    | 0    | -    | -     | 0    | 0    | 
|SNN_layer   | (C or 0)+A*B | 25     | 16     | 15     | -      | 41     | 0    | 0    | 0    | -    | -     | 0    | 0    | 
|SNN_layer   | (C or 0)+A*B | 25     | 16     | 15     | -      | 41     | 0    | 0    | 0    | -    | -     | 0    | 0    | 
+------------+--------------+--------+--------+--------+--------+--------+------+------+------+------+-------+------+------+

Note: The table above is a preliminary report that shows the DSPs inferred at the current stage of the synthesis flow. Some DSP may be reimplemented as non DSP primitives later in the synthesis flow. Multiple instantiated DSPs are reported only once.
---------------------------------------------------------------------------------
Finished ROM, RAM, DSP, Shift Register and Retiming Reporting
---------------------------------------------------------------------------------
No constraint files found.
---------------------------------------------------------------------------------
Start Timing Optimization
---------------------------------------------------------------------------------
---------------------------------------------------------------------------------
Finished Timing Optimization : Time (s): cpu = 00:02:39 ; elapsed = 00:01:12 . Memory (MB): peak = 2881.441 ; gain = 1121.074 ; free physical = 7485 ; free virtual = 24487
---------------------------------------------------------------------------------
---------------------------------------------------------------------------------
Start ROM, RAM, DSP, Shift Register and Retiming Reporting
---------------------------------------------------------------------------------

Block RAM: Final Mapping Report
+---------------------------------------+------------------------------+------------------------+---+---+------------------------+---+---+------------------+--------+--------+
|Module Name                            | RTL Object                   | PORT A (Depth x Width) | W | R | PORT B (Depth x Width) | W | R | Ports driving FF | RAMB18 | RAMB36 | 
+---------------------------------------+------------------------------+------------------------+---+---+------------------------+---+---+------------------+--------+--------+
|SNN_layer__GCB11                       | grad_ram_bank_inst/ram_reg   | 784 x 2048(READ_FIRST) | W | R |                        |   |   | Port A           | 0      | 57     | 
|PCSNN_block_design_snn_dma_wrapper_0_0 | weight_ram_bank_inst/ram_reg | 784 x 2048(READ_FIRST) | W | R |                        |   |   | Port A           | 0      | 57     | 
+---------------------------------------+------------------------------+------------------------+---+---+------------------------+---+---+------------------+--------+--------+

---------------------------------------------------------------------------------
Finished ROM, RAM, DSP, Shift Register and Retiming Reporting
---------------------------------------------------------------------------------
---------------------------------------------------------------------------------
Start Technology Mapping
---------------------------------------------------------------------------------
INFO: [Synth 8-7052] The timing for the instance snn_layer_insti_15/grad_ram_bank_inst/ram_reg_0 (implemented as a Block RAM) might be sub-optimal as no optional output register could be merged into the ram block. Providing additional output register may help in improving timing.
INFO: [Synth 8-7052] The timing for the instance snn_layer_insti_15/grad_ram_bank_inst/ram_reg_1 (implemented as a Block RAM) might be sub-optimal as no optional output register could be merged into the ram block. Providing additional output register may help in improving timing.
INFO: [Synth 8-7052] The timing for the instance snn_layer_insti_15/grad_ram_bank_inst/ram_reg_2 (implemented as a Block RAM) might be sub-optimal as no optional output register could be merged into the ram block. Providing additional output register may help in improving timing.
INFO: [Synth 8-7052] The timing for the instance snn_layer_insti_15/grad_ram_bank_inst/ram_reg_3 (implemented as a Block RAM) might be sub-optimal as no optional output register could be merged into the ram block. Providing additional output register may help in improving timing.
INFO: [Synth 8-7052] The timing for the instance snn_layer_insti_15/grad_ram_bank_inst/ram_reg_4 (implemented as a Block RAM) might be sub-optimal as no optional output register could be merged into the ram block. Providing additional output register may help in improving timing.
INFO: [Synth 8-7052] The timing for the instance snn_layer_insti_15/grad_ram_bank_inst/ram_reg_5 (implemented as a Block RAM) might be sub-optimal as no optional output register could be merged into the ram block. Providing additional output register may help in improving timing.
INFO: [Synth 8-7052] The timing for the instance snn_layer_insti_15/grad_ram_bank_inst/ram_reg_6 (implemented as a Block RAM) might be sub-optimal as no optional output register could be merged into the ram block. Providing additional output register may help in improving timing.
INFO: [Synth 8-7052] The timing for the instance snn_layer_insti_15/grad_ram_bank_inst/ram_reg_7 (implemented as a Block RAM) might be sub-optimal as no optional output register could be merged into the ram block. Providing additional output register may help in improving timing.
INFO: [Synth 8-7052] The timing for the instance snn_layer_insti_15/grad_ram_bank_inst/ram_reg_8 (implemented as a Block RAM) might be sub-optimal as no optional output register could be merged into the ram block. Providing additional output register may help in improving timing.
INFO: [Synth 8-7052] The timing for the instance snn_layer_insti_15/grad_ram_bank_inst/ram_reg_9 (implemented as a Block RAM) might be sub-optimal as no optional output register could be merged into the ram block. Providing additional output register may help in improving timing.
INFO: [Synth 8-7052] The timing for the instance snn_layer_insti_15/grad_ram_bank_inst/ram_reg_10 (implemented as a Block RAM) might be sub-optimal as no optional output register could be merged into the ram block. Providing additional output register may help in improving timing.
INFO: [Synth 8-7052] The timing for the instance snn_layer_insti_15/grad_ram_bank_inst/ram_reg_11 (implemented as a Block RAM) might be sub-optimal as no optional output register could be merged into the ram block. Providing additional output register may help in improving timing.
INFO: [Synth 8-7052] The timing for the instance snn_layer_insti_15/grad_ram_bank_inst/ram_reg_12 (implemented as a Block RAM) might be sub-optimal as no optional output register could be merged into the ram block. Providing additional output register may help in improving timing.
INFO: [Synth 8-7052] The timing for the instance snn_layer_insti_15/grad_ram_bank_inst/ram_reg_13 (implemented as a Block RAM) might be sub-optimal as no optional output register could be merged into the ram block. Providing additional output register may help in improving timing.
INFO: [Synth 8-7052] The timing for the instance snn_layer_insti_15/grad_ram_bank_inst/ram_reg_14 (implemented as a Block RAM) might be sub-optimal as no optional output register could be merged into the ram block. Providing additional output register may help in improving timing.
INFO: [Synth 8-7052] The timing for the instance snn_layer_insti_15/grad_ram_bank_inst/ram_reg_15 (implemented as a Block RAM) might be sub-optimal as no optional output register could be merged into the ram block. Providing additional output register may help in improving timing.
INFO: [Synth 8-7052] The timing for the instance snn_layer_insti_15/grad_ram_bank_inst/ram_reg_16 (implemented as a Block RAM) might be sub-optimal as no optional output register could be merged into the ram block. Providing additional output register may help in improving timing.
INFO: [Synth 8-7052] The timing for the instance snn_layer_insti_15/grad_ram_bank_inst/ram_reg_17 (implemented as a Block RAM) might be sub-optimal as no optional output register could be merged into the ram block. Providing additional output register may help in improving timing.
INFO: [Synth 8-7052] The timing for the instance snn_layer_insti_15/grad_ram_bank_inst/ram_reg_18 (implemented as a Block RAM) might be sub-optimal as no optional output register could be merged into the ram block. Providing additional output register may help in improving timing.
INFO: [Synth 8-7052] The timing for the instance snn_layer_insti_15/grad_ram_bank_inst/ram_reg_19 (implemented as a Block RAM) might be sub-optimal as no optional output register could be merged into the ram block. Providing additional output register may help in improving timing.
INFO: [Synth 8-7052] The timing for the instance snn_layer_insti_15/grad_ram_bank_inst/ram_reg_20 (implemented as a Block RAM) might be sub-optimal as no optional output register could be merged into the ram block. Providing additional output register may help in improving timing.
INFO: [Synth 8-7052] The timing for the instance snn_layer_insti_15/grad_ram_bank_inst/ram_reg_21 (implemented as a Block RAM) might be sub-optimal as no optional output register could be merged into the ram block. Providing additional output register may help in improving timing.
INFO: [Synth 8-7052] The timing for the instance snn_layer_insti_15/grad_ram_bank_inst/ram_reg_22 (implemented as a Block RAM) might be sub-optimal as no optional output register could be merged into the ram block. Providing additional output register may help in improving timing.
INFO: [Synth 8-7052] The timing for the instance snn_layer_insti_15/grad_ram_bank_inst/ram_reg_23 (implemented as a Block RAM) might be sub-optimal as no optional output register could be merged into the ram block. Providing additional output register may help in improving timing.
INFO: [Synth 8-7052] The timing for the instance snn_layer_insti_15/grad_ram_bank_inst/ram_reg_24 (implemented as a Block RAM) might be sub-optimal as no optional output register could be merged into the ram block. Providing additional output register may help in improving timing.
INFO: [Synth 8-7052] The timing for the instance snn_layer_insti_15/grad_ram_bank_inst/ram_reg_25 (implemented as a Block RAM) might be sub-optimal as no optional output register could be merged into the ram block. Providing additional output register may help in improving timing.
INFO: [Synth 8-7052] The timing for the instance snn_layer_insti_15/grad_ram_bank_inst/ram_reg_26 (implemented as a Block RAM) might be sub-optimal as no optional output register could be merged into the ram block. Providing additional output register may help in improving timing.
INFO: [Synth 8-7052] The timing for the instance snn_layer_insti_15/grad_ram_bank_inst/ram_reg_27 (implemented as a Block RAM) might be sub-optimal as no optional output register could be merged into the ram block. Providing additional output register may help in improving timing.
INFO: [Synth 8-7052] The timing for the instance snn_layer_insti_15/grad_ram_bank_inst/ram_reg_28 (implemented as a Block RAM) might be sub-optimal as no optional output register could be merged into the ram block. Providing additional output register may help in improving timing.
INFO: [Synth 8-7052] The timing for the instance snn_layer_insti_15/grad_ram_bank_inst/ram_reg_29 (implemented as a Block RAM) might be sub-optimal as no optional output register could be merged into the ram block. Providing additional output register may help in improving timing.
INFO: [Synth 8-7052] The timing for the instance snn_layer_insti_15/grad_ram_bank_inst/ram_reg_30 (implemented as a Block RAM) might be sub-optimal as no optional output register could be merged into the ram block. Providing additional output register may help in improving timing.
INFO: [Synth 8-7052] The timing for the instance snn_layer_insti_15/grad_ram_bank_inst/ram_reg_31 (implemented as a Block RAM) might be sub-optimal as no optional output register could be merged into the ram block. Providing additional output register may help in improving timing.
INFO: [Synth 8-7052] The timing for the instance snn_layer_insti_15/grad_ram_bank_inst/ram_reg_32 (implemented as a Block RAM) might be sub-optimal as no optional output register could be merged into the ram block. Providing additional output register may help in improving timing.
INFO: [Synth 8-7052] The timing for the instance snn_layer_insti_15/grad_ram_bank_inst/ram_reg_33 (implemented as a Block RAM) might be sub-optimal as no optional output register could be merged into the ram block. Providing additional output register may help in improving timing.
INFO: [Synth 8-7052] The timing for the instance snn_layer_insti_15/grad_ram_bank_inst/ram_reg_34 (implemented as a Block RAM) might be sub-optimal as no optional output register could be merged into the ram block. Providing additional output register may help in improving timing.
INFO: [Synth 8-7052] The timing for the instance snn_layer_insti_15/grad_ram_bank_inst/ram_reg_35 (implemented as a Block RAM) might be sub-optimal as no optional output register could be merged into the ram block. Providing additional output register may help in improving timing.
INFO: [Synth 8-7052] The timing for the instance snn_layer_insti_15/grad_ram_bank_inst/ram_reg_36 (implemented as a Block RAM) might be sub-optimal as no optional output register could be merged into the ram block. Providing additional output register may help in improving timing.
INFO: [Synth 8-7052] The timing for the instance snn_layer_insti_15/grad_ram_bank_inst/ram_reg_37 (implemented as a Block RAM) might be sub-optimal as no optional output register could be merged into the ram block. Providing additional output register may help in improving timing.
INFO: [Synth 8-7052] The timing for the instance snn_layer_insti_15/grad_ram_bank_inst/ram_reg_38 (implemented as a Block RAM) might be sub-optimal as no optional output register could be merged into the ram block. Providing additional output register may help in improving timing.
INFO: [Synth 8-7052] The timing for the instance snn_layer_insti_15/grad_ram_bank_inst/ram_reg_39 (implemented as a Block RAM) might be sub-optimal as no optional output register could be merged into the ram block. Providing additional output register may help in improving timing.
INFO: [Synth 8-7052] The timing for the instance snn_layer_insti_15/grad_ram_bank_inst/ram_reg_40 (implemented as a Block RAM) might be sub-optimal as no optional output register could be merged into the ram block. Providing additional output register may help in improving timing.
INFO: [Synth 8-7052] The timing for the instance snn_layer_insti_15/grad_ram_bank_inst/ram_reg_41 (implemented as a Block RAM) might be sub-optimal as no optional output register could be merged into the ram block. Providing additional output register may help in improving timing.
INFO: [Synth 8-7052] The timing for the instance snn_layer_insti_15/grad_ram_bank_inst/ram_reg_42 (implemented as a Block RAM) might be sub-optimal as no optional output register could be merged into the ram block. Providing additional output register may help in improving timing.
INFO: [Synth 8-7052] The timing for the instance snn_layer_insti_15/grad_ram_bank_inst/ram_reg_43 (implemented as a Block RAM) might be sub-optimal as no optional output register could be merged into the ram block. Providing additional output register may help in improving timing.
INFO: [Synth 8-7052] The timing for the instance snn_layer_insti_15/grad_ram_bank_inst/ram_reg_44 (implemented as a Block RAM) might be sub-optimal as no optional output register could be merged into the ram block. Providing additional output register may help in improving timing.
INFO: [Synth 8-7052] The timing for the instance snn_layer_insti_15/grad_ram_bank_inst/ram_reg_45 (implemented as a Block RAM) might be sub-optimal as no optional output register could be merged into the ram block. Providing additional output register may help in improving timing.
INFO: [Synth 8-7052] The timing for the instance snn_layer_insti_15/grad_ram_bank_inst/ram_reg_46 (implemented as a Block RAM) might be sub-optimal as no optional output register could be merged into the ram block. Providing additional output register may help in improving timing.
INFO: [Synth 8-7052] The timing for the instance snn_layer_insti_15/grad_ram_bank_inst/ram_reg_47 (implemented as a Block RAM) might be sub-optimal as no optional output register could be merged into the ram block. Providing additional output register may help in improving timing.
INFO: [Synth 8-7052] The timing for the instance snn_layer_insti_15/grad_ram_bank_inst/ram_reg_48 (implemented as a Block RAM) might be sub-optimal as no optional output register could be merged into the ram block. Providing additional output register may help in improving timing.
INFO: [Synth 8-7052] The timing for the instance snn_layer_insti_15/grad_ram_bank_inst/ram_reg_49 (implemented as a Block RAM) might be sub-optimal as no optional output register could be merged into the ram block. Providing additional output register may help in improving timing.
INFO: [Synth 8-7052] The timing for the instance snn_layer_insti_15/grad_ram_bank_inst/ram_reg_50 (implemented as a Block RAM) might be sub-optimal as no optional output register could be merged into the ram block. Providing additional output register may help in improving timing.
INFO: [Synth 8-7052] The timing for the instance snn_layer_insti_15/grad_ram_bank_inst/ram_reg_51 (implemented as a Block RAM) might be sub-optimal as no optional output register could be merged into the ram block. Providing additional output register may help in improving timing.
INFO: [Synth 8-7052] The timing for the instance snn_layer_insti_15/grad_ram_bank_inst/ram_reg_52 (implemented as a Block RAM) might be sub-optimal as no optional output register could be merged into the ram block. Providing additional output register may help in improving timing.
INFO: [Synth 8-7052] The timing for the instance snn_layer_insti_15/grad_ram_bank_inst/ram_reg_53 (implemented as a Block RAM) might be sub-optimal as no optional output register could be merged into the ram block. Providing additional output register may help in improving timing.
INFO: [Synth 8-7052] The timing for the instance snn_layer_insti_15/grad_ram_bank_inst/ram_reg_54 (implemented as a Block RAM) might be sub-optimal as no optional output register could be merged into the ram block. Providing additional output register may help in improving timing.
INFO: [Synth 8-7052] The timing for the instance snn_layer_insti_15/grad_ram_bank_inst/ram_reg_55 (implemented as a Block RAM) might be sub-optimal as no optional output register could be merged into the ram block. Providing additional output register may help in improving timing.
INFO: [Synth 8-7052] The timing for the instance snn_layer_insti_15/grad_ram_bank_inst/ram_reg_56 (implemented as a Block RAM) might be sub-optimal as no optional output register could be merged into the ram block. Providing additional output register may help in improving timing.
INFO: [Synth 8-7052] The timing for the instance snn_layer_insti_18/weight_ram_bank_inst/ram_reg_0 (implemented as a Block RAM) might be sub-optimal as no optional output register could be merged into the ram block. Providing additional output register may help in improving timing.
INFO: [Synth 8-7052] The timing for the instance snn_layer_insti_18/weight_ram_bank_inst/ram_reg_1 (implemented as a Block RAM) might be sub-optimal as no optional output register could be merged into the ram block. Providing additional output register may help in improving timing.
INFO: [Synth 8-7052] The timing for the instance snn_layer_insti_18/weight_ram_bank_inst/ram_reg_2 (implemented as a Block RAM) might be sub-optimal as no optional output register could be merged into the ram block. Providing additional output register may help in improving timing.
INFO: [Synth 8-7052] The timing for the instance snn_layer_insti_18/weight_ram_bank_inst/ram_reg_3 (implemented as a Block RAM) might be sub-optimal as no optional output register could be merged into the ram block. Providing additional output register may help in improving timing.
INFO: [Synth 8-7052] The timing for the instance snn_layer_insti_18/weight_ram_bank_inst/ram_reg_4 (implemented as a Block RAM) might be sub-optimal as no optional output register could be merged into the ram block. Providing additional output register may help in improving timing.
INFO: [Synth 8-7052] The timing for the instance snn_layer_insti_18/weight_ram_bank_inst/ram_reg_5 (implemented as a Block RAM) might be sub-optimal as no optional output register could be merged into the ram block. Providing additional output register may help in improving timing.
INFO: [Synth 8-7052] The timing for the instance snn_layer_insti_18/weight_ram_bank_inst/ram_reg_6 (implemented as a Block RAM) might be sub-optimal as no optional output register could be merged into the ram block. Providing additional output register may help in improving timing.
INFO: [Synth 8-7052] The timing for the instance snn_layer_insti_18/weight_ram_bank_inst/ram_reg_7 (implemented as a Block RAM) might be sub-optimal as no optional output register could be merged into the ram block. Providing additional output register may help in improving timing.
INFO: [Synth 8-7052] The timing for the instance snn_layer_insti_18/weight_ram_bank_inst/ram_reg_8 (implemented as a Block RAM) might be sub-optimal as no optional output register could be merged into the ram block. Providing additional output register may help in improving timing.
INFO: [Synth 8-7052] The timing for the instance snn_layer_insti_18/weight_ram_bank_inst/ram_reg_9 (implemented as a Block RAM) might be sub-optimal as no optional output register could be merged into the ram block. Providing additional output register may help in improving timing.
INFO: [Synth 8-7052] The timing for the instance snn_layer_insti_18/weight_ram_bank_inst/ram_reg_10 (implemented as a Block RAM) might be sub-optimal as no optional output register could be merged into the ram block. Providing additional output register may help in improving timing.
INFO: [Synth 8-7052] The timing for the instance snn_layer_insti_18/weight_ram_bank_inst/ram_reg_11 (implemented as a Block RAM) might be sub-optimal as no optional output register could be merged into the ram block. Providing additional output register may help in improving timing.
INFO: [Synth 8-7052] The timing for the instance snn_layer_insti_18/weight_ram_bank_inst/ram_reg_12 (implemented as a Block RAM) might be sub-optimal as no optional output register could be merged into the ram block. Providing additional output register may help in improving timing.
INFO: [Synth 8-7052] The timing for the instance snn_layer_insti_18/weight_ram_bank_inst/ram_reg_13 (implemented as a Block RAM) might be sub-optimal as no optional output register could be merged into the ram block. Providing additional output register may help in improving timing.
INFO: [Synth 8-7052] The timing for the instance snn_layer_insti_18/weight_ram_bank_inst/ram_reg_14 (implemented as a Block RAM) might be sub-optimal as no optional output register could be merged into the ram block. Providing additional output register may help in improving timing.
INFO: [Synth 8-7052] The timing for the instance snn_layer_insti_18/weight_ram_bank_inst/ram_reg_15 (implemented as a Block RAM) might be sub-optimal as no optional output register could be merged into the ram block. Providing additional output register may help in improving timing.
INFO: [Synth 8-7052] The timing for the instance snn_layer_insti_18/weight_ram_bank_inst/ram_reg_16 (implemented as a Block RAM) might be sub-optimal as no optional output register could be merged into the ram block. Providing additional output register may help in improving timing.
INFO: [Synth 8-7052] The timing for the instance snn_layer_insti_18/weight_ram_bank_inst/ram_reg_17 (implemented as a Block RAM) might be sub-optimal as no optional output register could be merged into the ram block. Providing additional output register may help in improving timing.
INFO: [Synth 8-7052] The timing for the instance snn_layer_insti_18/weight_ram_bank_inst/ram_reg_18 (implemented as a Block RAM) might be sub-optimal as no optional output register could be merged into the ram block. Providing additional output register may help in improving timing.
INFO: [Synth 8-7052] The timing for the instance snn_layer_insti_18/weight_ram_bank_inst/ram_reg_19 (implemented as a Block RAM) might be sub-optimal as no optional output register could be merged into the ram block. Providing additional output register may help in improving timing.
INFO: [Synth 8-7052] The timing for the instance snn_layer_insti_18/weight_ram_bank_inst/ram_reg_20 (implemented as a Block RAM) might be sub-optimal as no optional output register could be merged into the ram block. Providing additional output register may help in improving timing.
INFO: [Synth 8-7052] The timing for the instance snn_layer_insti_18/weight_ram_bank_inst/ram_reg_21 (implemented as a Block RAM) might be sub-optimal as no optional output register could be merged into the ram block. Providing additional output register may help in improving timing.
INFO: [Synth 8-7052] The timing for the instance snn_layer_insti_18/weight_ram_bank_inst/ram_reg_22 (implemented as a Block RAM) might be sub-optimal as no optional output register could be merged into the ram block. Providing additional output register may help in improving timing.
INFO: [Synth 8-7052] The timing for the instance snn_layer_insti_18/weight_ram_bank_inst/ram_reg_23 (implemented as a Block RAM) might be sub-optimal as no optional output register could be merged into the ram block. Providing additional output register may help in improving timing.
INFO: [Synth 8-7052] The timing for the instance snn_layer_insti_18/weight_ram_bank_inst/ram_reg_24 (implemented as a Block RAM) might be sub-optimal as no optional output register could be merged into the ram block. Providing additional output register may help in improving timing.
INFO: [Synth 8-7052] The timing for the instance snn_layer_insti_18/weight_ram_bank_inst/ram_reg_25 (implemented as a Block RAM) might be sub-optimal as no optional output register could be merged into the ram block. Providing additional output register may help in improving timing.
INFO: [Synth 8-7052] The timing for the instance snn_layer_insti_18/weight_ram_bank_inst/ram_reg_26 (implemented as a Block RAM) might be sub-optimal as no optional output register could be merged into the ram block. Providing additional output register may help in improving timing.
INFO: [Synth 8-7052] The timing for the instance snn_layer_insti_18/weight_ram_bank_inst/ram_reg_27 (implemented as a Block RAM) might be sub-optimal as no optional output register could be merged into the ram block. Providing additional output register may help in improving timing.
INFO: [Synth 8-7052] The timing for the instance snn_layer_insti_18/weight_ram_bank_inst/ram_reg_28 (implemented as a Block RAM) might be sub-optimal as no optional output register could be merged into the ram block. Providing additional output register may help in improving timing.
INFO: [Synth 8-7052] The timing for the instance snn_layer_insti_18/weight_ram_bank_inst/ram_reg_29 (implemented as a Block RAM) might be sub-optimal as no optional output register could be merged into the ram block. Providing additional output register may help in improving timing.
INFO: [Synth 8-7052] The timing for the instance snn_layer_insti_18/weight_ram_bank_inst/ram_reg_30 (implemented as a Block RAM) might be sub-optimal as no optional output register could be merged into the ram block. Providing additional output register may help in improving timing.
INFO: [Synth 8-7052] The timing for the instance snn_layer_insti_18/weight_ram_bank_inst/ram_reg_31 (implemented as a Block RAM) might be sub-optimal as no optional output register could be merged into the ram block. Providing additional output register may help in improving timing.
INFO: [Synth 8-7052] The timing for the instance snn_layer_insti_18/weight_ram_bank_inst/ram_reg_32 (implemented as a Block RAM) might be sub-optimal as no optional output register could be merged into the ram block. Providing additional output register may help in improving timing.
INFO: [Synth 8-7052] The timing for the instance snn_layer_insti_18/weight_ram_bank_inst/ram_reg_33 (implemented as a Block RAM) might be sub-optimal as no optional output register could be merged into the ram block. Providing additional output register may help in improving timing.
INFO: [Synth 8-7052] The timing for the instance snn_layer_insti_18/weight_ram_bank_inst/ram_reg_34 (implemented as a Block RAM) might be sub-optimal as no optional output register could be merged into the ram block. Providing additional output register may help in improving timing.
INFO: [Synth 8-7052] The timing for the instance snn_layer_insti_18/weight_ram_bank_inst/ram_reg_35 (implemented as a Block RAM) might be sub-optimal as no optional output register could be merged into the ram block. Providing additional output register may help in improving timing.
INFO: [Synth 8-7052] The timing for the instance snn_layer_insti_18/weight_ram_bank_inst/ram_reg_36 (implemented as a Block RAM) might be sub-optimal as no optional output register could be merged into the ram block. Providing additional output register may help in improving timing.
INFO: [Synth 8-7052] The timing for the instance snn_layer_insti_18/weight_ram_bank_inst/ram_reg_37 (implemented as a Block RAM) might be sub-optimal as no optional output register could be merged into the ram block. Providing additional output register may help in improving timing.
INFO: [Synth 8-7052] The timing for the instance snn_layer_insti_18/weight_ram_bank_inst/ram_reg_38 (implemented as a Block RAM) might be sub-optimal as no optional output register could be merged into the ram block. Providing additional output register may help in improving timing.
INFO: [Synth 8-7052] The timing for the instance snn_layer_insti_18/weight_ram_bank_inst/ram_reg_39 (implemented as a Block RAM) might be sub-optimal as no optional output register could be merged into the ram block. Providing additional output register may help in improving timing.
INFO: [Synth 8-7052] The timing for the instance snn_layer_insti_18/weight_ram_bank_inst/ram_reg_40 (implemented as a Block RAM) might be sub-optimal as no optional output register could be merged into the ram block. Providing additional output register may help in improving timing.
INFO: [Synth 8-7052] The timing for the instance snn_layer_insti_18/weight_ram_bank_inst/ram_reg_41 (implemented as a Block RAM) might be sub-optimal as no optional output register could be merged into the ram block. Providing additional output register may help in improving timing.
INFO: [Synth 8-7052] The timing for the instance snn_layer_insti_18/weight_ram_bank_inst/ram_reg_42 (implemented as a Block RAM) might be sub-optimal as no optional output register could be merged into the ram block. Providing additional output register may help in improving timing.
INFO: [Common 17-14] Message 'Synth 8-7052' appears 100 times and further instances of the messages will be disabled. Use the Tcl command set_msg_config to change the current settings.
---------------------------------------------------------------------------------
Finished Technology Mapping : Time (s): cpu = 00:02:43 ; elapsed = 00:01:16 . Memory (MB): peak = 2889.445 ; gain = 1129.078 ; free physical = 6878 ; free virtual = 23923
---------------------------------------------------------------------------------
---------------------------------------------------------------------------------
Start IO Insertion
---------------------------------------------------------------------------------
---------------------------------------------------------------------------------
Start Flattening Before IO Insertion
---------------------------------------------------------------------------------
---------------------------------------------------------------------------------
Finished Flattening Before IO Insertion
---------------------------------------------------------------------------------
---------------------------------------------------------------------------------
Start Final Netlist Cleanup
---------------------------------------------------------------------------------
---------------------------------------------------------------------------------
Finished Final Netlist Cleanup
---------------------------------------------------------------------------------
---------------------------------------------------------------------------------
Finished IO Insertion : Time (s): cpu = 00:02:50 ; elapsed = 00:01:23 . Memory (MB): peak = 2889.445 ; gain = 1129.078 ; free physical = 6762 ; free virtual = 23808
---------------------------------------------------------------------------------
---------------------------------------------------------------------------------
Start Renaming Generated Instances
---------------------------------------------------------------------------------
---------------------------------------------------------------------------------
Finished Renaming Generated Instances : Time (s): cpu = 00:02:50 ; elapsed = 00:01:23 . Memory (MB): peak = 2889.445 ; gain = 1129.078 ; free physical = 6756 ; free virtual = 23801
---------------------------------------------------------------------------------
---------------------------------------------------------------------------------
Start Rebuilding User Hierarchy
---------------------------------------------------------------------------------
---------------------------------------------------------------------------------
Finished Rebuilding User Hierarchy : Time (s): cpu = 00:02:52 ; elapsed = 00:01:25 . Memory (MB): peak = 2889.445 ; gain = 1129.078 ; free physical = 6918 ; free virtual = 23964
---------------------------------------------------------------------------------
---------------------------------------------------------------------------------
Start Renaming Generated Ports
---------------------------------------------------------------------------------
---------------------------------------------------------------------------------
Finished Renaming Generated Ports : Time (s): cpu = 00:02:52 ; elapsed = 00:01:26 . Memory (MB): peak = 2889.445 ; gain = 1129.078 ; free physical = 6910 ; free virtual = 23955
---------------------------------------------------------------------------------
---------------------------------------------------------------------------------
Start Handling Custom Attributes
---------------------------------------------------------------------------------
---------------------------------------------------------------------------------
Finished Handling Custom Attributes : Time (s): cpu = 00:02:53 ; elapsed = 00:01:26 . Memory (MB): peak = 2898.398 ; gain = 1138.031 ; free physical = 6881 ; free virtual = 23927
---------------------------------------------------------------------------------
---------------------------------------------------------------------------------
Start Renaming Generated Nets
---------------------------------------------------------------------------------
---------------------------------------------------------------------------------
Finished Renaming Generated Nets : Time (s): cpu = 00:02:53 ; elapsed = 00:01:27 . Memory (MB): peak = 2898.398 ; gain = 1138.031 ; free physical = 6881 ; free virtual = 23927
---------------------------------------------------------------------------------
---------------------------------------------------------------------------------
Start Writing Synthesis Report
---------------------------------------------------------------------------------

DSP Final Report (the ' indicates corresponding REG is set)
+------------+-------------+--------+--------+--------+--------+--------+------+------+------+------+-------+------+------+
|Module Name | DSP Mapping | A Size | B Size | C Size | D Size | P Size | AREG | BREG | CREG | DREG | ADREG | MREG | PREG | 
+------------+-------------+--------+--------+--------+--------+--------+------+------+------+------+-------+------+------+
|SNN_layer   | Dynamic     | -      | -      | -      | -      | 41     | -    | -    | -    | -    | -     | 0    | 0    | 
|SNN_layer   | Dynamic     | -      | -      | -      | -      | 41     | -    | -    | -    | -    | -     | 0    | 0    | 
|SNN_layer   | Dynamic     | -      | -      | -      | -      | 41     | -    | -    | -    | -    | -     | 0    | 0    | 
|SNN_layer   | Dynamic     | -      | -      | -      | -      | 41     | -    | -    | -    | -    | -     | 0    | 0    | 
|SNN_layer   | Dynamic     | -      | -      | -      | -      | 41     | -    | -    | -    | -    | -     | 0    | 0    | 
|SNN_layer   | Dynamic     | -      | -      | -      | -      | 41     | -    | -    | -    | -    | -     | 0    | 0    | 
|SNN_layer   | Dynamic     | -      | -      | -      | -      | 41     | -    | -    | -    | -    | -     | 0    | 0    | 
|SNN_layer   | Dynamic     | -      | -      | -      | -      | 41     | -    | -    | -    | -    | -     | 0    | 0    | 
|SNN_layer   | Dynamic     | -      | -      | -      | -      | 41     | -    | -    | -    | -    | -     | 0    | 0    | 
|SNN_layer   | Dynamic     | -      | -      | -      | -      | 41     | -    | -    | -    | -    | -     | 0    | 0    | 
|SNN_layer   | Dynamic     | -      | -      | -      | -      | 41     | -    | -    | -    | -    | -     | 0    | 0    | 
|SNN_layer   | Dynamic     | -      | -      | -      | -      | 41     | -    | -    | -    | -    | -     | 0    | 0    | 
|SNN_layer   | Dynamic     | -      | -      | -      | -      | 41     | -    | -    | -    | -    | -     | 0    | 0    | 
|SNN_layer   | Dynamic     | -      | -      | -      | -      | 41     | -    | -    | -    | -    | -     | 0    | 0    | 
|SNN_layer   | Dynamic     | -      | -      | -      | -      | 41     | -    | -    | -    | -    | -     | 0    | 0    | 
|SNN_layer   | Dynamic     | -      | -      | -      | -      | 41     | -    | -    | -    | -    | -     | 0    | 0    | 
+------------+-------------+--------+--------+--------+--------+--------+------+------+------+------+-------+------+------+


Report BlackBoxes: 
+-+--------------+----------+
| |BlackBox name |Instances |
+-+--------------+----------+
+-+--------------+----------+

Report Cell Usage: 
+------+---------+------+
|      |Cell     |Count |
+------+---------+------+
|1     |CARRY4   |  2982|
|2     |DSP48E1  |    16|
|3     |LUT1     |  2271|
|4     |LUT2     |  5733|
|5     |LUT3     | 12390|
|6     |LUT4     |  7464|
|7     |LUT5     | 18730|
|8     |LUT6     |  5462|
|9     |MUXF7    |   804|
|10    |MUXF8    |    84|
|11    |RAMB36E1 |   114|
|12    |FDCE     | 18226|
|13    |FDPE     |    13|
|14    |FDRE     |  6845|
+------+---------+------+
---------------------------------------------------------------------------------
Finished Writing Synthesis Report : Time (s): cpu = 00:02:53 ; elapsed = 00:01:27 . Memory (MB): peak = 2898.398 ; gain = 1138.031 ; free physical = 6881 ; free virtual = 23927
---------------------------------------------------------------------------------
Synthesis finished with 0 errors, 0 critical warnings and 100 warnings.
Synthesis Optimization Runtime : Time (s): cpu = 00:02:44 ; elapsed = 00:01:25 . Memory (MB): peak = 2902.312 ; gain = 895.379 ; free physical = 12820 ; free virtual = 29865
Synthesis Optimization Complete : Time (s): cpu = 00:02:53 ; elapsed = 00:01:31 . Memory (MB): peak = 2902.312 ; gain = 1141.945 ; free physical = 12873 ; free virtual = 29869
INFO: [Project 1-571] Translating synthesized netlist
Netlist sorting complete. Time (s): cpu = 00:00:00.36 ; elapsed = 00:00:00.37 . Memory (MB): peak = 2942.547 ; gain = 0.000 ; free physical = 12880 ; free virtual = 29876
INFO: [Netlist 29-17] Analyzing 4000 Unisim elements for replacement
INFO: [Netlist 29-28] Unisim Transformation completed in 0 CPU seconds
INFO: [Project 1-570] Preparing netlist for logic optimization
INFO: [Opt 31-138] Pushed 0 inverter(s) to 0 load pin(s).
Netlist sorting complete. Time (s): cpu = 00:00:00.01 ; elapsed = 00:00:00.01 . Memory (MB): peak = 3119.727 ; gain = 0.000 ; free physical = 12835 ; free virtual = 29831
INFO: [Project 1-111] Unisim Transformation Summary:
No Unisim elements were transformed.

Synth Design complete | Checksum: 89cafa50
INFO: [Common 17-83] Releasing license: Synthesis
139 Infos, 107 Warnings, 0 Critical Warnings and 0 Errors encountered.
synth_design completed successfully
synth_design: Time (s): cpu = 00:03:04 ; elapsed = 00:01:40 . Memory (MB): peak = 3119.762 ; gain = 1498.285 ; free physical = 12845 ; free virtual = 29841
INFO: [Common 17-2834] synth_design peak Physical Memory [PSS] (MB): overall = 8909.640; main = 2083.368; forked = 7167.034
INFO: [Common 17-2834] synth_design peak Virtual Memory [VSS] (MB): overall = 18278.203; main = 3119.730; forked = 15400.676
INFO: [Coretcl 2-1174] Renamed 6 cell refs.
Write ShapeDB Complete: Time (s): cpu = 00:00:00.23 ; elapsed = 00:00:00.08 . Memory (MB): peak = 3143.738 ; gain = 0.000 ; free physical = 12838 ; free virtual = 29843
INFO: [Common 17-1381] The checkpoint '/home/ivanyuchen/CODING_FILES/VERILOG/PCSNN/PCSNN.runs/PCSNN_block_design_snn_dma_wrapper_0_0_synth_1/PCSNN_block_design_snn_dma_wrapper_0_0.dcp' has been generated.
INFO: [Vivado 12-24828] Executing command : report_utilization -file PCSNN_block_design_snn_dma_wrapper_0_0_utilization_synth.rpt -pb PCSNN_block_design_snn_dma_wrapper_0_0_utilization_synth.pb
write_vhdl: Time (s): cpu = 00:00:06 ; elapsed = 00:00:06 . Memory (MB): peak = 3143.738 ; gain = 0.000 ; free physical = 12615 ; free virtual = 29680
INFO: [Common 17-206] Exiting Vivado at Thu Jun 25 09:30:41 2026...
