Copyright 1986-2022 Xilinx, Inc. All Rights Reserved. Copyright 2022-2025 Advanced Micro Devices, Inc. All Rights Reserved.
---------------------------------------------------------------------------------------------------------------------------------------------------------------------
| Tool Version : Vivado v.2025.2 (lin64) Build 6299465 Fri Nov 14 12:34:56 MST 2025
| Date         : Thu Jun 25 09:31:52 2026
| Host         : ivanyuchen-Predator-PHN16-71 running 64-bit Ubuntu 24.04.4 LTS
| Command      : report_drc -file PCSNN_block_design_wrapper_drc_opted.rpt -pb PCSNN_block_design_wrapper_drc_opted.pb -rpx PCSNN_block_design_wrapper_drc_opted.rpx
| Design       : PCSNN_block_design_wrapper
| Device       : xc7z020clg400-1
| Speed File   : -1
| Design State : Synthesized
---------------------------------------------------------------------------------------------------------------------------------------------------------------------

Report DRC

Table of Contents
-----------------
1. REPORT SUMMARY
2. REPORT DETAILS

1. REPORT SUMMARY
-----------------
            Netlist: netlist
          Floorplan: design_1
      Design limits: <entire design considered>
           Ruledeck: default
             Max checks: <unlimited>
             Checks found: 119
+-----------+----------+-----------------------------+--------+
| Rule      | Severity | Description                 | Checks |
+-----------+----------+-----------------------------+--------+
| CHECK-3   | Warning  | Report rule limit reached   | 1      |
| DPIP-1    | Warning  | Input pipelining            | 48     |
| DPOP-1    | Warning  | PREG Output pipelining      | 16     |
| DPOP-2    | Warning  | MREG Output pipelining      | 16     |
| DPREG-4   | Warning  | DSP48E1_PregDynOpmodeZmuxP: | 16     |
| REQP-1839 | Warning  | RAMB36 async control check  | 20     |
| REQP-181  | Advisory | writefirst                  | 2      |
+-----------+----------+-----------------------------+--------+

2. REPORT DETAILS
-----------------
CHECK-3#1 Warning
Report rule limit reached  
REQP-1839 rule limit reached: 20 violations have been found.
Related violations: <none>

DPIP-1#1 Warning
Input pipelining  
DSP PCSNN_block_design_i/snn_dma_wrapper_0/inst/snn_top_inst/snn_layer_inst/p_2_out input PCSNN_block_design_i/snn_dma_wrapper_0/inst/snn_top_inst/snn_layer_inst/p_2_out/A[29:0] is not pipelined. Pipelining DSP48 input will improve performance.
Related violations: <none>

DPIP-1#2 Warning
Input pipelining  
DSP PCSNN_block_design_i/snn_dma_wrapper_0/inst/snn_top_inst/snn_layer_inst/p_2_out input PCSNN_block_design_i/snn_dma_wrapper_0/inst/snn_top_inst/snn_layer_inst/p_2_out/B[17:0] is not pipelined. Pipelining DSP48 input will improve performance.
Related violations: <none>

DPIP-1#3 Warning
Input pipelining  
DSP PCSNN_block_design_i/snn_dma_wrapper_0/inst/snn_top_inst/snn_layer_inst/p_2_out input PCSNN_block_design_i/snn_dma_wrapper_0/inst/snn_top_inst/snn_layer_inst/p_2_out/C[47:0] is not pipelined. Pipelining DSP48 input will improve performance.
Related violations: <none>

DPIP-1#4 Warning
Input pipelining  
DSP PCSNN_block_design_i/snn_dma_wrapper_0/inst/snn_top_inst/snn_layer_inst/p_2_out__0 input PCSNN_block_design_i/snn_dma_wrapper_0/inst/snn_top_inst/snn_layer_inst/p_2_out__0/A[29:0] is not pipelined. Pipelining DSP48 input will improve performance.
Related violations: <none>

DPIP-1#5 Warning
Input pipelining  
DSP PCSNN_block_design_i/snn_dma_wrapper_0/inst/snn_top_inst/snn_layer_inst/p_2_out__0 input PCSNN_block_design_i/snn_dma_wrapper_0/inst/snn_top_inst/snn_layer_inst/p_2_out__0/B[17:0] is not pipelined. Pipelining DSP48 input will improve performance.
Related violations: <none>

DPIP-1#6 Warning
Input pipelining  
DSP PCSNN_block_design_i/snn_dma_wrapper_0/inst/snn_top_inst/snn_layer_inst/p_2_out__0 input PCSNN_block_design_i/snn_dma_wrapper_0/inst/snn_top_inst/snn_layer_inst/p_2_out__0/C[47:0] is not pipelined. Pipelining DSP48 input will improve performance.
Related violations: <none>

DPIP-1#7 Warning
Input pipelining  
DSP PCSNN_block_design_i/snn_dma_wrapper_0/inst/snn_top_inst/snn_layer_inst/p_2_out__1 input PCSNN_block_design_i/snn_dma_wrapper_0/inst/snn_top_inst/snn_layer_inst/p_2_out__1/A[29:0] is not pipelined. Pipelining DSP48 input will improve performance.
Related violations: <none>

DPIP-1#8 Warning
Input pipelining  
DSP PCSNN_block_design_i/snn_dma_wrapper_0/inst/snn_top_inst/snn_layer_inst/p_2_out__1 input PCSNN_block_design_i/snn_dma_wrapper_0/inst/snn_top_inst/snn_layer_inst/p_2_out__1/B[17:0] is not pipelined. Pipelining DSP48 input will improve performance.
Related violations: <none>

DPIP-1#9 Warning
Input pipelining  
DSP PCSNN_block_design_i/snn_dma_wrapper_0/inst/snn_top_inst/snn_layer_inst/p_2_out__1 input PCSNN_block_design_i/snn_dma_wrapper_0/inst/snn_top_inst/snn_layer_inst/p_2_out__1/C[47:0] is not pipelined. Pipelining DSP48 input will improve performance.
Related violations: <none>

DPIP-1#10 Warning
Input pipelining  
DSP PCSNN_block_design_i/snn_dma_wrapper_0/inst/snn_top_inst/snn_layer_inst/p_2_out__10 input PCSNN_block_design_i/snn_dma_wrapper_0/inst/snn_top_inst/snn_layer_inst/p_2_out__10/A[29:0] is not pipelined. Pipelining DSP48 input will improve performance.
Related violations: <none>

DPIP-1#11 Warning
Input pipelining  
DSP PCSNN_block_design_i/snn_dma_wrapper_0/inst/snn_top_inst/snn_layer_inst/p_2_out__10 input PCSNN_block_design_i/snn_dma_wrapper_0/inst/snn_top_inst/snn_layer_inst/p_2_out__10/B[17:0] is not pipelined. Pipelining DSP48 input will improve performance.
Related violations: <none>

DPIP-1#12 Warning
Input pipelining  
DSP PCSNN_block_design_i/snn_dma_wrapper_0/inst/snn_top_inst/snn_layer_inst/p_2_out__10 input PCSNN_block_design_i/snn_dma_wrapper_0/inst/snn_top_inst/snn_layer_inst/p_2_out__10/C[47:0] is not pipelined. Pipelining DSP48 input will improve performance.
Related violations: <none>

DPIP-1#13 Warning
Input pipelining  
DSP PCSNN_block_design_i/snn_dma_wrapper_0/inst/snn_top_inst/snn_layer_inst/p_2_out__11 input PCSNN_block_design_i/snn_dma_wrapper_0/inst/snn_top_inst/snn_layer_inst/p_2_out__11/A[29:0] is not pipelined. Pipelining DSP48 input will improve performance.
Related violations: <none>

DPIP-1#14 Warning
Input pipelining  
DSP PCSNN_block_design_i/snn_dma_wrapper_0/inst/snn_top_inst/snn_layer_inst/p_2_out__11 input PCSNN_block_design_i/snn_dma_wrapper_0/inst/snn_top_inst/snn_layer_inst/p_2_out__11/B[17:0] is not pipelined. Pipelining DSP48 input will improve performance.
Related violations: <none>

DPIP-1#15 Warning
Input pipelining  
DSP PCSNN_block_design_i/snn_dma_wrapper_0/inst/snn_top_inst/snn_layer_inst/p_2_out__11 input PCSNN_block_design_i/snn_dma_wrapper_0/inst/snn_top_inst/snn_layer_inst/p_2_out__11/C[47:0] is not pipelined. Pipelining DSP48 input will improve performance.
Related violations: <none>

DPIP-1#16 Warning
Input pipelining  
DSP PCSNN_block_design_i/snn_dma_wrapper_0/inst/snn_top_inst/snn_layer_inst/p_2_out__12 input PCSNN_block_design_i/snn_dma_wrapper_0/inst/snn_top_inst/snn_layer_inst/p_2_out__12/A[29:0] is not pipelined. Pipelining DSP48 input will improve performance.
Related violations: <none>

DPIP-1#17 Warning
Input pipelining  
DSP PCSNN_block_design_i/snn_dma_wrapper_0/inst/snn_top_inst/snn_layer_inst/p_2_out__12 input PCSNN_block_design_i/snn_dma_wrapper_0/inst/snn_top_inst/snn_layer_inst/p_2_out__12/B[17:0] is not pipelined. Pipelining DSP48 input will improve performance.
Related violations: <none>

DPIP-1#18 Warning
Input pipelining  
DSP PCSNN_block_design_i/snn_dma_wrapper_0/inst/snn_top_inst/snn_layer_inst/p_2_out__12 input PCSNN_block_design_i/snn_dma_wrapper_0/inst/snn_top_inst/snn_layer_inst/p_2_out__12/C[47:0] is not pipelined. Pipelining DSP48 input will improve performance.
Related violations: <none>

DPIP-1#19 Warning
Input pipelining  
DSP PCSNN_block_design_i/snn_dma_wrapper_0/inst/snn_top_inst/snn_layer_inst/p_2_out__13 input PCSNN_block_design_i/snn_dma_wrapper_0/inst/snn_top_inst/snn_layer_inst/p_2_out__13/A[29:0] is not pipelined. Pipelining DSP48 input will improve performance.
Related violations: <none>

DPIP-1#20 Warning
Input pipelining  
DSP PCSNN_block_design_i/snn_dma_wrapper_0/inst/snn_top_inst/snn_layer_inst/p_2_out__13 input PCSNN_block_design_i/snn_dma_wrapper_0/inst/snn_top_inst/snn_layer_inst/p_2_out__13/B[17:0] is not pipelined. Pipelining DSP48 input will improve performance.
Related violations: <none>

DPIP-1#21 Warning
Input pipelining  
DSP PCSNN_block_design_i/snn_dma_wrapper_0/inst/snn_top_inst/snn_layer_inst/p_2_out__13 input PCSNN_block_design_i/snn_dma_wrapper_0/inst/snn_top_inst/snn_layer_inst/p_2_out__13/C[47:0] is not pipelined. Pipelining DSP48 input will improve performance.
Related violations: <none>

DPIP-1#22 Warning
Input pipelining  
DSP PCSNN_block_design_i/snn_dma_wrapper_0/inst/snn_top_inst/snn_layer_inst/p_2_out__14 input PCSNN_block_design_i/snn_dma_wrapper_0/inst/snn_top_inst/snn_layer_inst/p_2_out__14/A[29:0] is not pipelined. Pipelining DSP48 input will improve performance.
Related violations: <none>

DPIP-1#23 Warning
Input pipelining  
DSP PCSNN_block_design_i/snn_dma_wrapper_0/inst/snn_top_inst/snn_layer_inst/p_2_out__14 input PCSNN_block_design_i/snn_dma_wrapper_0/inst/snn_top_inst/snn_layer_inst/p_2_out__14/B[17:0] is not pipelined. Pipelining DSP48 input will improve performance.
Related violations: <none>

DPIP-1#24 Warning
Input pipelining  
DSP PCSNN_block_design_i/snn_dma_wrapper_0/inst/snn_top_inst/snn_layer_inst/p_2_out__14 input PCSNN_block_design_i/snn_dma_wrapper_0/inst/snn_top_inst/snn_layer_inst/p_2_out__14/C[47:0] is not pipelined. Pipelining DSP48 input will improve performance.
Related violations: <none>

DPIP-1#25 Warning
Input pipelining  
DSP PCSNN_block_design_i/snn_dma_wrapper_0/inst/snn_top_inst/snn_layer_inst/p_2_out__2 input PCSNN_block_design_i/snn_dma_wrapper_0/inst/snn_top_inst/snn_layer_inst/p_2_out__2/A[29:0] is not pipelined. Pipelining DSP48 input will improve performance.
Related violations: <none>

DPIP-1#26 Warning
Input pipelining  
DSP PCSNN_block_design_i/snn_dma_wrapper_0/inst/snn_top_inst/snn_layer_inst/p_2_out__2 input PCSNN_block_design_i/snn_dma_wrapper_0/inst/snn_top_inst/snn_layer_inst/p_2_out__2/B[17:0] is not pipelined. Pipelining DSP48 input will improve performance.
Related violations: <none>

DPIP-1#27 Warning
Input pipelining  
DSP PCSNN_block_design_i/snn_dma_wrapper_0/inst/snn_top_inst/snn_layer_inst/p_2_out__2 input PCSNN_block_design_i/snn_dma_wrapper_0/inst/snn_top_inst/snn_layer_inst/p_2_out__2/C[47:0] is not pipelined. Pipelining DSP48 input will improve performance.
Related violations: <none>

DPIP-1#28 Warning
Input pipelining  
DSP PCSNN_block_design_i/snn_dma_wrapper_0/inst/snn_top_inst/snn_layer_inst/p_2_out__3 input PCSNN_block_design_i/snn_dma_wrapper_0/inst/snn_top_inst/snn_layer_inst/p_2_out__3/A[29:0] is not pipelined. Pipelining DSP48 input will improve performance.
Related violations: <none>

DPIP-1#29 Warning
Input pipelining  
DSP PCSNN_block_design_i/snn_dma_wrapper_0/inst/snn_top_inst/snn_layer_inst/p_2_out__3 input PCSNN_block_design_i/snn_dma_wrapper_0/inst/snn_top_inst/snn_layer_inst/p_2_out__3/B[17:0] is not pipelined. Pipelining DSP48 input will improve performance.
Related violations: <none>

DPIP-1#30 Warning
Input pipelining  
DSP PCSNN_block_design_i/snn_dma_wrapper_0/inst/snn_top_inst/snn_layer_inst/p_2_out__3 input PCSNN_block_design_i/snn_dma_wrapper_0/inst/snn_top_inst/snn_layer_inst/p_2_out__3/C[47:0] is not pipelined. Pipelining DSP48 input will improve performance.
Related violations: <none>

DPIP-1#31 Warning
Input pipelining  
DSP PCSNN_block_design_i/snn_dma_wrapper_0/inst/snn_top_inst/snn_layer_inst/p_2_out__4 input PCSNN_block_design_i/snn_dma_wrapper_0/inst/snn_top_inst/snn_layer_inst/p_2_out__4/A[29:0] is not pipelined. Pipelining DSP48 input will improve performance.
Related violations: <none>

DPIP-1#32 Warning
Input pipelining  
DSP PCSNN_block_design_i/snn_dma_wrapper_0/inst/snn_top_inst/snn_layer_inst/p_2_out__4 input PCSNN_block_design_i/snn_dma_wrapper_0/inst/snn_top_inst/snn_layer_inst/p_2_out__4/B[17:0] is not pipelined. Pipelining DSP48 input will improve performance.
Related violations: <none>

DPIP-1#33 Warning
Input pipelining  
DSP PCSNN_block_design_i/snn_dma_wrapper_0/inst/snn_top_inst/snn_layer_inst/p_2_out__4 input PCSNN_block_design_i/snn_dma_wrapper_0/inst/snn_top_inst/snn_layer_inst/p_2_out__4/C[47:0] is not pipelined. Pipelining DSP48 input will improve performance.
Related violations: <none>

DPIP-1#34 Warning
Input pipelining  
DSP PCSNN_block_design_i/snn_dma_wrapper_0/inst/snn_top_inst/snn_layer_inst/p_2_out__5 input PCSNN_block_design_i/snn_dma_wrapper_0/inst/snn_top_inst/snn_layer_inst/p_2_out__5/A[29:0] is not pipelined. Pipelining DSP48 input will improve performance.
Related violations: <none>

DPIP-1#35 Warning
Input pipelining  
DSP PCSNN_block_design_i/snn_dma_wrapper_0/inst/snn_top_inst/snn_layer_inst/p_2_out__5 input PCSNN_block_design_i/snn_dma_wrapper_0/inst/snn_top_inst/snn_layer_inst/p_2_out__5/B[17:0] is not pipelined. Pipelining DSP48 input will improve performance.
Related violations: <none>

DPIP-1#36 Warning
Input pipelining  
DSP PCSNN_block_design_i/snn_dma_wrapper_0/inst/snn_top_inst/snn_layer_inst/p_2_out__5 input PCSNN_block_design_i/snn_dma_wrapper_0/inst/snn_top_inst/snn_layer_inst/p_2_out__5/C[47:0] is not pipelined. Pipelining DSP48 input will improve performance.
Related violations: <none>

DPIP-1#37 Warning
Input pipelining  
DSP PCSNN_block_design_i/snn_dma_wrapper_0/inst/snn_top_inst/snn_layer_inst/p_2_out__6 input PCSNN_block_design_i/snn_dma_wrapper_0/inst/snn_top_inst/snn_layer_inst/p_2_out__6/A[29:0] is not pipelined. Pipelining DSP48 input will improve performance.
Related violations: <none>

DPIP-1#38 Warning
Input pipelining  
DSP PCSNN_block_design_i/snn_dma_wrapper_0/inst/snn_top_inst/snn_layer_inst/p_2_out__6 input PCSNN_block_design_i/snn_dma_wrapper_0/inst/snn_top_inst/snn_layer_inst/p_2_out__6/B[17:0] is not pipelined. Pipelining DSP48 input will improve performance.
Related violations: <none>

DPIP-1#39 Warning
Input pipelining  
DSP PCSNN_block_design_i/snn_dma_wrapper_0/inst/snn_top_inst/snn_layer_inst/p_2_out__6 input PCSNN_block_design_i/snn_dma_wrapper_0/inst/snn_top_inst/snn_layer_inst/p_2_out__6/C[47:0] is not pipelined. Pipelining DSP48 input will improve performance.
Related violations: <none>

DPIP-1#40 Warning
Input pipelining  
DSP PCSNN_block_design_i/snn_dma_wrapper_0/inst/snn_top_inst/snn_layer_inst/p_2_out__7 input PCSNN_block_design_i/snn_dma_wrapper_0/inst/snn_top_inst/snn_layer_inst/p_2_out__7/A[29:0] is not pipelined. Pipelining DSP48 input will improve performance.
Related violations: <none>

DPIP-1#41 Warning
Input pipelining  
DSP PCSNN_block_design_i/snn_dma_wrapper_0/inst/snn_top_inst/snn_layer_inst/p_2_out__7 input PCSNN_block_design_i/snn_dma_wrapper_0/inst/snn_top_inst/snn_layer_inst/p_2_out__7/B[17:0] is not pipelined. Pipelining DSP48 input will improve performance.
Related violations: <none>

DPIP-1#42 Warning
Input pipelining  
DSP PCSNN_block_design_i/snn_dma_wrapper_0/inst/snn_top_inst/snn_layer_inst/p_2_out__7 input PCSNN_block_design_i/snn_dma_wrapper_0/inst/snn_top_inst/snn_layer_inst/p_2_out__7/C[47:0] is not pipelined. Pipelining DSP48 input will improve performance.
Related violations: <none>

DPIP-1#43 Warning
Input pipelining  
DSP PCSNN_block_design_i/snn_dma_wrapper_0/inst/snn_top_inst/snn_layer_inst/p_2_out__8 input PCSNN_block_design_i/snn_dma_wrapper_0/inst/snn_top_inst/snn_layer_inst/p_2_out__8/A[29:0] is not pipelined. Pipelining DSP48 input will improve performance.
Related violations: <none>

DPIP-1#44 Warning
Input pipelining  
DSP PCSNN_block_design_i/snn_dma_wrapper_0/inst/snn_top_inst/snn_layer_inst/p_2_out__8 input PCSNN_block_design_i/snn_dma_wrapper_0/inst/snn_top_inst/snn_layer_inst/p_2_out__8/B[17:0] is not pipelined. Pipelining DSP48 input will improve performance.
Related violations: <none>

DPIP-1#45 Warning
Input pipelining  
DSP PCSNN_block_design_i/snn_dma_wrapper_0/inst/snn_top_inst/snn_layer_inst/p_2_out__8 input PCSNN_block_design_i/snn_dma_wrapper_0/inst/snn_top_inst/snn_layer_inst/p_2_out__8/C[47:0] is not pipelined. Pipelining DSP48 input will improve performance.
Related violations: <none>

DPIP-1#46 Warning
Input pipelining  
DSP PCSNN_block_design_i/snn_dma_wrapper_0/inst/snn_top_inst/snn_layer_inst/p_2_out__9 input PCSNN_block_design_i/snn_dma_wrapper_0/inst/snn_top_inst/snn_layer_inst/p_2_out__9/A[29:0] is not pipelined. Pipelining DSP48 input will improve performance.
Related violations: <none>

DPIP-1#47 Warning
Input pipelining  
DSP PCSNN_block_design_i/snn_dma_wrapper_0/inst/snn_top_inst/snn_layer_inst/p_2_out__9 input PCSNN_block_design_i/snn_dma_wrapper_0/inst/snn_top_inst/snn_layer_inst/p_2_out__9/B[17:0] is not pipelined. Pipelining DSP48 input will improve performance.
Related violations: <none>

DPIP-1#48 Warning
Input pipelining  
DSP PCSNN_block_design_i/snn_dma_wrapper_0/inst/snn_top_inst/snn_layer_inst/p_2_out__9 input PCSNN_block_design_i/snn_dma_wrapper_0/inst/snn_top_inst/snn_layer_inst/p_2_out__9/C[47:0] is not pipelined. Pipelining DSP48 input will improve performance.
Related violations: <none>

DPOP-1#1 Warning
PREG Output pipelining  
DSP PCSNN_block_design_i/snn_dma_wrapper_0/inst/snn_top_inst/snn_layer_inst/p_2_out output PCSNN_block_design_i/snn_dma_wrapper_0/inst/snn_top_inst/snn_layer_inst/p_2_out/P[47:0] is not pipelined (PREG=0). Pipelining the DSP48 output will improve performance and often saves power so it is suggested whenever possible to fully pipeline this function.  If this DSP48 function was inferred, it is suggested to describe an additional register stage after this function.  If the DSP48 was instantiated in the design, it is suggested to set the PREG attribute to 1.
Related violations: <none>

DPOP-1#2 Warning
PREG Output pipelining  
DSP PCSNN_block_design_i/snn_dma_wrapper_0/inst/snn_top_inst/snn_layer_inst/p_2_out__0 output PCSNN_block_design_i/snn_dma_wrapper_0/inst/snn_top_inst/snn_layer_inst/p_2_out__0/P[47:0] is not pipelined (PREG=0). Pipelining the DSP48 output will improve performance and often saves power so it is suggested whenever possible to fully pipeline this function.  If this DSP48 function was inferred, it is suggested to describe an additional register stage after this function.  If the DSP48 was instantiated in the design, it is suggested to set the PREG attribute to 1.
Related violations: <none>

DPOP-1#3 Warning
PREG Output pipelining  
DSP PCSNN_block_design_i/snn_dma_wrapper_0/inst/snn_top_inst/snn_layer_inst/p_2_out__1 output PCSNN_block_design_i/snn_dma_wrapper_0/inst/snn_top_inst/snn_layer_inst/p_2_out__1/P[47:0] is not pipelined (PREG=0). Pipelining the DSP48 output will improve performance and often saves power so it is suggested whenever possible to fully pipeline this function.  If this DSP48 function was inferred, it is suggested to describe an additional register stage after this function.  If the DSP48 was instantiated in the design, it is suggested to set the PREG attribute to 1.
Related violations: <none>

DPOP-1#4 Warning
PREG Output pipelining  
DSP PCSNN_block_design_i/snn_dma_wrapper_0/inst/snn_top_inst/snn_layer_inst/p_2_out__10 output PCSNN_block_design_i/snn_dma_wrapper_0/inst/snn_top_inst/snn_layer_inst/p_2_out__10/P[47:0] is not pipelined (PREG=0). Pipelining the DSP48 output will improve performance and often saves power so it is suggested whenever possible to fully pipeline this function.  If this DSP48 function was inferred, it is suggested to describe an additional register stage after this function.  If the DSP48 was instantiated in the design, it is suggested to set the PREG attribute to 1.
Related violations: <none>

DPOP-1#5 Warning
PREG Output pipelining  
DSP PCSNN_block_design_i/snn_dma_wrapper_0/inst/snn_top_inst/snn_layer_inst/p_2_out__11 output PCSNN_block_design_i/snn_dma_wrapper_0/inst/snn_top_inst/snn_layer_inst/p_2_out__11/P[47:0] is not pipelined (PREG=0). Pipelining the DSP48 output will improve performance and often saves power so it is suggested whenever possible to fully pipeline this function.  If this DSP48 function was inferred, it is suggested to describe an additional register stage after this function.  If the DSP48 was instantiated in the design, it is suggested to set the PREG attribute to 1.
Related violations: <none>

DPOP-1#6 Warning
PREG Output pipelining  
DSP PCSNN_block_design_i/snn_dma_wrapper_0/inst/snn_top_inst/snn_layer_inst/p_2_out__12 output PCSNN_block_design_i/snn_dma_wrapper_0/inst/snn_top_inst/snn_layer_inst/p_2_out__12/P[47:0] is not pipelined (PREG=0). Pipelining the DSP48 output will improve performance and often saves power so it is suggested whenever possible to fully pipeline this function.  If this DSP48 function was inferred, it is suggested to describe an additional register stage after this function.  If the DSP48 was instantiated in the design, it is suggested to set the PREG attribute to 1.
Related violations: <none>

DPOP-1#7 Warning
PREG Output pipelining  
DSP PCSNN_block_design_i/snn_dma_wrapper_0/inst/snn_top_inst/snn_layer_inst/p_2_out__13 output PCSNN_block_design_i/snn_dma_wrapper_0/inst/snn_top_inst/snn_layer_inst/p_2_out__13/P[47:0] is not pipelined (PREG=0). Pipelining the DSP48 output will improve performance and often saves power so it is suggested whenever possible to fully pipeline this function.  If this DSP48 function was inferred, it is suggested to describe an additional register stage after this function.  If the DSP48 was instantiated in the design, it is suggested to set the PREG attribute to 1.
Related violations: <none>

DPOP-1#8 Warning
PREG Output pipelining  
DSP PCSNN_block_design_i/snn_dma_wrapper_0/inst/snn_top_inst/snn_layer_inst/p_2_out__14 output PCSNN_block_design_i/snn_dma_wrapper_0/inst/snn_top_inst/snn_layer_inst/p_2_out__14/P[47:0] is not pipelined (PREG=0). Pipelining the DSP48 output will improve performance and often saves power so it is suggested whenever possible to fully pipeline this function.  If this DSP48 function was inferred, it is suggested to describe an additional register stage after this function.  If the DSP48 was instantiated in the design, it is suggested to set the PREG attribute to 1.
Related violations: <none>

DPOP-1#9 Warning
PREG Output pipelining  
DSP PCSNN_block_design_i/snn_dma_wrapper_0/inst/snn_top_inst/snn_layer_inst/p_2_out__2 output PCSNN_block_design_i/snn_dma_wrapper_0/inst/snn_top_inst/snn_layer_inst/p_2_out__2/P[47:0] is not pipelined (PREG=0). Pipelining the DSP48 output will improve performance and often saves power so it is suggested whenever possible to fully pipeline this function.  If this DSP48 function was inferred, it is suggested to describe an additional register stage after this function.  If the DSP48 was instantiated in the design, it is suggested to set the PREG attribute to 1.
Related violations: <none>

DPOP-1#10 Warning
PREG Output pipelining  
DSP PCSNN_block_design_i/snn_dma_wrapper_0/inst/snn_top_inst/snn_layer_inst/p_2_out__3 output PCSNN_block_design_i/snn_dma_wrapper_0/inst/snn_top_inst/snn_layer_inst/p_2_out__3/P[47:0] is not pipelined (PREG=0). Pipelining the DSP48 output will improve performance and often saves power so it is suggested whenever possible to fully pipeline this function.  If this DSP48 function was inferred, it is suggested to describe an additional register stage after this function.  If the DSP48 was instantiated in the design, it is suggested to set the PREG attribute to 1.
Related violations: <none>

DPOP-1#11 Warning
PREG Output pipelining  
DSP PCSNN_block_design_i/snn_dma_wrapper_0/inst/snn_top_inst/snn_layer_inst/p_2_out__4 output PCSNN_block_design_i/snn_dma_wrapper_0/inst/snn_top_inst/snn_layer_inst/p_2_out__4/P[47:0] is not pipelined (PREG=0). Pipelining the DSP48 output will improve performance and often saves power so it is suggested whenever possible to fully pipeline this function.  If this DSP48 function was inferred, it is suggested to describe an additional register stage after this function.  If the DSP48 was instantiated in the design, it is suggested to set the PREG attribute to 1.
Related violations: <none>

DPOP-1#12 Warning
PREG Output pipelining  
DSP PCSNN_block_design_i/snn_dma_wrapper_0/inst/snn_top_inst/snn_layer_inst/p_2_out__5 output PCSNN_block_design_i/snn_dma_wrapper_0/inst/snn_top_inst/snn_layer_inst/p_2_out__5/P[47:0] is not pipelined (PREG=0). Pipelining the DSP48 output will improve performance and often saves power so it is suggested whenever possible to fully pipeline this function.  If this DSP48 function was inferred, it is suggested to describe an additional register stage after this function.  If the DSP48 was instantiated in the design, it is suggested to set the PREG attribute to 1.
Related violations: <none>

DPOP-1#13 Warning
PREG Output pipelining  
DSP PCSNN_block_design_i/snn_dma_wrapper_0/inst/snn_top_inst/snn_layer_inst/p_2_out__6 output PCSNN_block_design_i/snn_dma_wrapper_0/inst/snn_top_inst/snn_layer_inst/p_2_out__6/P[47:0] is not pipelined (PREG=0). Pipelining the DSP48 output will improve performance and often saves power so it is suggested whenever possible to fully pipeline this function.  If this DSP48 function was inferred, it is suggested to describe an additional register stage after this function.  If the DSP48 was instantiated in the design, it is suggested to set the PREG attribute to 1.
Related violations: <none>

DPOP-1#14 Warning
PREG Output pipelining  
DSP PCSNN_block_design_i/snn_dma_wrapper_0/inst/snn_top_inst/snn_layer_inst/p_2_out__7 output PCSNN_block_design_i/snn_dma_wrapper_0/inst/snn_top_inst/snn_layer_inst/p_2_out__7/P[47:0] is not pipelined (PREG=0). Pipelining the DSP48 output will improve performance and often saves power so it is suggested whenever possible to fully pipeline this function.  If this DSP48 function was inferred, it is suggested to describe an additional register stage after this function.  If the DSP48 was instantiated in the design, it is suggested to set the PREG attribute to 1.
Related violations: <none>

DPOP-1#15 Warning
PREG Output pipelining  
DSP PCSNN_block_design_i/snn_dma_wrapper_0/inst/snn_top_inst/snn_layer_inst/p_2_out__8 output PCSNN_block_design_i/snn_dma_wrapper_0/inst/snn_top_inst/snn_layer_inst/p_2_out__8/P[47:0] is not pipelined (PREG=0). Pipelining the DSP48 output will improve performance and often saves power so it is suggested whenever possible to fully pipeline this function.  If this DSP48 function was inferred, it is suggested to describe an additional register stage after this function.  If the DSP48 was instantiated in the design, it is suggested to set the PREG attribute to 1.
Related violations: <none>

DPOP-1#16 Warning
PREG Output pipelining  
DSP PCSNN_block_design_i/snn_dma_wrapper_0/inst/snn_top_inst/snn_layer_inst/p_2_out__9 output PCSNN_block_design_i/snn_dma_wrapper_0/inst/snn_top_inst/snn_layer_inst/p_2_out__9/P[47:0] is not pipelined (PREG=0). Pipelining the DSP48 output will improve performance and often saves power so it is suggested whenever possible to fully pipeline this function.  If this DSP48 function was inferred, it is suggested to describe an additional register stage after this function.  If the DSP48 was instantiated in the design, it is suggested to set the PREG attribute to 1.
Related violations: <none>

DPOP-2#1 Warning
MREG Output pipelining  
DSP PCSNN_block_design_i/snn_dma_wrapper_0/inst/snn_top_inst/snn_layer_inst/p_2_out multiplier stage PCSNN_block_design_i/snn_dma_wrapper_0/inst/snn_top_inst/snn_layer_inst/p_2_out/P[47:0] is not pipelined (MREG=0). Pipelining the multiplier function will improve performance and will save significant power so it is suggested whenever possible to fully pipeline this function.  If this multiplier was inferred, it is suggested to describe an additional register stage after this function.  If there is no registered adder/accumulator following the multiply function, two pipeline stages are suggested to allow both the MREG and PREG registers to be used.  If the DSP48 was instantiated in the design, it is suggested to set both the MREG and PREG attributes to 1 when performing multiply functions.
Related violations: <none>

DPOP-2#2 Warning
MREG Output pipelining  
DSP PCSNN_block_design_i/snn_dma_wrapper_0/inst/snn_top_inst/snn_layer_inst/p_2_out__0 multiplier stage PCSNN_block_design_i/snn_dma_wrapper_0/inst/snn_top_inst/snn_layer_inst/p_2_out__0/P[47:0] is not pipelined (MREG=0). Pipelining the multiplier function will improve performance and will save significant power so it is suggested whenever possible to fully pipeline this function.  If this multiplier was inferred, it is suggested to describe an additional register stage after this function.  If there is no registered adder/accumulator following the multiply function, two pipeline stages are suggested to allow both the MREG and PREG registers to be used.  If the DSP48 was instantiated in the design, it is suggested to set both the MREG and PREG attributes to 1 when performing multiply functions.
Related violations: <none>

DPOP-2#3 Warning
MREG Output pipelining  
DSP PCSNN_block_design_i/snn_dma_wrapper_0/inst/snn_top_inst/snn_layer_inst/p_2_out__1 multiplier stage PCSNN_block_design_i/snn_dma_wrapper_0/inst/snn_top_inst/snn_layer_inst/p_2_out__1/P[47:0] is not pipelined (MREG=0). Pipelining the multiplier function will improve performance and will save significant power so it is suggested whenever possible to fully pipeline this function.  If this multiplier was inferred, it is suggested to describe an additional register stage after this function.  If there is no registered adder/accumulator following the multiply function, two pipeline stages are suggested to allow both the MREG and PREG registers to be used.  If the DSP48 was instantiated in the design, it is suggested to set both the MREG and PREG attributes to 1 when performing multiply functions.
Related violations: <none>

DPOP-2#4 Warning
MREG Output pipelining  
DSP PCSNN_block_design_i/snn_dma_wrapper_0/inst/snn_top_inst/snn_layer_inst/p_2_out__10 multiplier stage PCSNN_block_design_i/snn_dma_wrapper_0/inst/snn_top_inst/snn_layer_inst/p_2_out__10/P[47:0] is not pipelined (MREG=0). Pipelining the multiplier function will improve performance and will save significant power so it is suggested whenever possible to fully pipeline this function.  If this multiplier was inferred, it is suggested to describe an additional register stage after this function.  If there is no registered adder/accumulator following the multiply function, two pipeline stages are suggested to allow both the MREG and PREG registers to be used.  If the DSP48 was instantiated in the design, it is suggested to set both the MREG and PREG attributes to 1 when performing multiply functions.
Related violations: <none>

DPOP-2#5 Warning
MREG Output pipelining  
DSP PCSNN_block_design_i/snn_dma_wrapper_0/inst/snn_top_inst/snn_layer_inst/p_2_out__11 multiplier stage PCSNN_block_design_i/snn_dma_wrapper_0/inst/snn_top_inst/snn_layer_inst/p_2_out__11/P[47:0] is not pipelined (MREG=0). Pipelining the multiplier function will improve performance and will save significant power so it is suggested whenever possible to fully pipeline this function.  If this multiplier was inferred, it is suggested to describe an additional register stage after this function.  If there is no registered adder/accumulator following the multiply function, two pipeline stages are suggested to allow both the MREG and PREG registers to be used.  If the DSP48 was instantiated in the design, it is suggested to set both the MREG and PREG attributes to 1 when performing multiply functions.
Related violations: <none>

DPOP-2#6 Warning
MREG Output pipelining  
DSP PCSNN_block_design_i/snn_dma_wrapper_0/inst/snn_top_inst/snn_layer_inst/p_2_out__12 multiplier stage PCSNN_block_design_i/snn_dma_wrapper_0/inst/snn_top_inst/snn_layer_inst/p_2_out__12/P[47:0] is not pipelined (MREG=0). Pipelining the multiplier function will improve performance and will save significant power so it is suggested whenever possible to fully pipeline this function.  If this multiplier was inferred, it is suggested to describe an additional register stage after this function.  If there is no registered adder/accumulator following the multiply function, two pipeline stages are suggested to allow both the MREG and PREG registers to be used.  If the DSP48 was instantiated in the design, it is suggested to set both the MREG and PREG attributes to 1 when performing multiply functions.
Related violations: <none>

DPOP-2#7 Warning
MREG Output pipelining  
DSP PCSNN_block_design_i/snn_dma_wrapper_0/inst/snn_top_inst/snn_layer_inst/p_2_out__13 multiplier stage PCSNN_block_design_i/snn_dma_wrapper_0/inst/snn_top_inst/snn_layer_inst/p_2_out__13/P[47:0] is not pipelined (MREG=0). Pipelining the multiplier function will improve performance and will save significant power so it is suggested whenever possible to fully pipeline this function.  If this multiplier was inferred, it is suggested to describe an additional register stage after this function.  If there is no registered adder/accumulator following the multiply function, two pipeline stages are suggested to allow both the MREG and PREG registers to be used.  If the DSP48 was instantiated in the design, it is suggested to set both the MREG and PREG attributes to 1 when performing multiply functions.
Related violations: <none>

DPOP-2#8 Warning
MREG Output pipelining  
DSP PCSNN_block_design_i/snn_dma_wrapper_0/inst/snn_top_inst/snn_layer_inst/p_2_out__14 multiplier stage PCSNN_block_design_i/snn_dma_wrapper_0/inst/snn_top_inst/snn_layer_inst/p_2_out__14/P[47:0] is not pipelined (MREG=0). Pipelining the multiplier function will improve performance and will save significant power so it is suggested whenever possible to fully pipeline this function.  If this multiplier was inferred, it is suggested to describe an additional register stage after this function.  If there is no registered adder/accumulator following the multiply function, two pipeline stages are suggested to allow both the MREG and PREG registers to be used.  If the DSP48 was instantiated in the design, it is suggested to set both the MREG and PREG attributes to 1 when performing multiply functions.
Related violations: <none>

DPOP-2#9 Warning
MREG Output pipelining  
DSP PCSNN_block_design_i/snn_dma_wrapper_0/inst/snn_top_inst/snn_layer_inst/p_2_out__2 multiplier stage PCSNN_block_design_i/snn_dma_wrapper_0/inst/snn_top_inst/snn_layer_inst/p_2_out__2/P[47:0] is not pipelined (MREG=0). Pipelining the multiplier function will improve performance and will save significant power so it is suggested whenever possible to fully pipeline this function.  If this multiplier was inferred, it is suggested to describe an additional register stage after this function.  If there is no registered adder/accumulator following the multiply function, two pipeline stages are suggested to allow both the MREG and PREG registers to be used.  If the DSP48 was instantiated in the design, it is suggested to set both the MREG and PREG attributes to 1 when performing multiply functions.
Related violations: <none>

DPOP-2#10 Warning
MREG Output pipelining  
DSP PCSNN_block_design_i/snn_dma_wrapper_0/inst/snn_top_inst/snn_layer_inst/p_2_out__3 multiplier stage PCSNN_block_design_i/snn_dma_wrapper_0/inst/snn_top_inst/snn_layer_inst/p_2_out__3/P[47:0] is not pipelined (MREG=0). Pipelining the multiplier function will improve performance and will save significant power so it is suggested whenever possible to fully pipeline this function.  If this multiplier was inferred, it is suggested to describe an additional register stage after this function.  If there is no registered adder/accumulator following the multiply function, two pipeline stages are suggested to allow both the MREG and PREG registers to be used.  If the DSP48 was instantiated in the design, it is suggested to set both the MREG and PREG attributes to 1 when performing multiply functions.
Related violations: <none>

DPOP-2#11 Warning
MREG Output pipelining  
DSP PCSNN_block_design_i/snn_dma_wrapper_0/inst/snn_top_inst/snn_layer_inst/p_2_out__4 multiplier stage PCSNN_block_design_i/snn_dma_wrapper_0/inst/snn_top_inst/snn_layer_inst/p_2_out__4/P[47:0] is not pipelined (MREG=0). Pipelining the multiplier function will improve performance and will save significant power so it is suggested whenever possible to fully pipeline this function.  If this multiplier was inferred, it is suggested to describe an additional register stage after this function.  If there is no registered adder/accumulator following the multiply function, two pipeline stages are suggested to allow both the MREG and PREG registers to be used.  If the DSP48 was instantiated in the design, it is suggested to set both the MREG and PREG attributes to 1 when performing multiply functions.
Related violations: <none>

DPOP-2#12 Warning
MREG Output pipelining  
DSP PCSNN_block_design_i/snn_dma_wrapper_0/inst/snn_top_inst/snn_layer_inst/p_2_out__5 multiplier stage PCSNN_block_design_i/snn_dma_wrapper_0/inst/snn_top_inst/snn_layer_inst/p_2_out__5/P[47:0] is not pipelined (MREG=0). Pipelining the multiplier function will improve performance and will save significant power so it is suggested whenever possible to fully pipeline this function.  If this multiplier was inferred, it is suggested to describe an additional register stage after this function.  If there is no registered adder/accumulator following the multiply function, two pipeline stages are suggested to allow both the MREG and PREG registers to be used.  If the DSP48 was instantiated in the design, it is suggested to set both the MREG and PREG attributes to 1 when performing multiply functions.
Related violations: <none>

DPOP-2#13 Warning
MREG Output pipelining  
DSP PCSNN_block_design_i/snn_dma_wrapper_0/inst/snn_top_inst/snn_layer_inst/p_2_out__6 multiplier stage PCSNN_block_design_i/snn_dma_wrapper_0/inst/snn_top_inst/snn_layer_inst/p_2_out__6/P[47:0] is not pipelined (MREG=0). Pipelining the multiplier function will improve performance and will save significant power so it is suggested whenever possible to fully pipeline this function.  If this multiplier was inferred, it is suggested to describe an additional register stage after this function.  If there is no registered adder/accumulator following the multiply function, two pipeline stages are suggested to allow both the MREG and PREG registers to be used.  If the DSP48 was instantiated in the design, it is suggested to set both the MREG and PREG attributes to 1 when performing multiply functions.
Related violations: <none>

DPOP-2#14 Warning
MREG Output pipelining  
DSP PCSNN_block_design_i/snn_dma_wrapper_0/inst/snn_top_inst/snn_layer_inst/p_2_out__7 multiplier stage PCSNN_block_design_i/snn_dma_wrapper_0/inst/snn_top_inst/snn_layer_inst/p_2_out__7/P[47:0] is not pipelined (MREG=0). Pipelining the multiplier function will improve performance and will save significant power so it is suggested whenever possible to fully pipeline this function.  If this multiplier was inferred, it is suggested to describe an additional register stage after this function.  If there is no registered adder/accumulator following the multiply function, two pipeline stages are suggested to allow both the MREG and PREG registers to be used.  If the DSP48 was instantiated in the design, it is suggested to set both the MREG and PREG attributes to 1 when performing multiply functions.
Related violations: <none>

DPOP-2#15 Warning
MREG Output pipelining  
DSP PCSNN_block_design_i/snn_dma_wrapper_0/inst/snn_top_inst/snn_layer_inst/p_2_out__8 multiplier stage PCSNN_block_design_i/snn_dma_wrapper_0/inst/snn_top_inst/snn_layer_inst/p_2_out__8/P[47:0] is not pipelined (MREG=0). Pipelining the multiplier function will improve performance and will save significant power so it is suggested whenever possible to fully pipeline this function.  If this multiplier was inferred, it is suggested to describe an additional register stage after this function.  If there is no registered adder/accumulator following the multiply function, two pipeline stages are suggested to allow both the MREG and PREG registers to be used.  If the DSP48 was instantiated in the design, it is suggested to set both the MREG and PREG attributes to 1 when performing multiply functions.
Related violations: <none>

DPOP-2#16 Warning
MREG Output pipelining  
DSP PCSNN_block_design_i/snn_dma_wrapper_0/inst/snn_top_inst/snn_layer_inst/p_2_out__9 multiplier stage PCSNN_block_design_i/snn_dma_wrapper_0/inst/snn_top_inst/snn_layer_inst/p_2_out__9/P[47:0] is not pipelined (MREG=0). Pipelining the multiplier function will improve performance and will save significant power so it is suggested whenever possible to fully pipeline this function.  If this multiplier was inferred, it is suggested to describe an additional register stage after this function.  If there is no registered adder/accumulator following the multiply function, two pipeline stages are suggested to allow both the MREG and PREG registers to be used.  If the DSP48 was instantiated in the design, it is suggested to set both the MREG and PREG attributes to 1 when performing multiply functions.
Related violations: <none>

DPREG-4#1 Warning
DSP48E1_PregDynOpmodeZmuxP:  
The DSP48E1 cell PCSNN_block_design_i/snn_dma_wrapper_0/inst/snn_top_inst/snn_layer_inst/p_2_out with the given dynamic OPMODE[6:0] connections may lead to an unregistered asynchronous feedback path without the PREG attribute enabled. Please refer to the user guide and if one of the internal P feedback opmodes is possible for this design the PREG attribute must be set to 1, currently set to 0
Related violations: <none>

DPREG-4#2 Warning
DSP48E1_PregDynOpmodeZmuxP:  
The DSP48E1 cell PCSNN_block_design_i/snn_dma_wrapper_0/inst/snn_top_inst/snn_layer_inst/p_2_out__0 with the given dynamic OPMODE[6:0] connections may lead to an unregistered asynchronous feedback path without the PREG attribute enabled. Please refer to the user guide and if one of the internal P feedback opmodes is possible for this design the PREG attribute must be set to 1, currently set to 0
Related violations: <none>

DPREG-4#3 Warning
DSP48E1_PregDynOpmodeZmuxP:  
The DSP48E1 cell PCSNN_block_design_i/snn_dma_wrapper_0/inst/snn_top_inst/snn_layer_inst/p_2_out__1 with the given dynamic OPMODE[6:0] connections may lead to an unregistered asynchronous feedback path without the PREG attribute enabled. Please refer to the user guide and if one of the internal P feedback opmodes is possible for this design the PREG attribute must be set to 1, currently set to 0
Related violations: <none>

DPREG-4#4 Warning
DSP48E1_PregDynOpmodeZmuxP:  
The DSP48E1 cell PCSNN_block_design_i/snn_dma_wrapper_0/inst/snn_top_inst/snn_layer_inst/p_2_out__10 with the given dynamic OPMODE[6:0] connections may lead to an unregistered asynchronous feedback path without the PREG attribute enabled. Please refer to the user guide and if one of the internal P feedback opmodes is possible for this design the PREG attribute must be set to 1, currently set to 0
Related violations: <none>

DPREG-4#5 Warning
DSP48E1_PregDynOpmodeZmuxP:  
The DSP48E1 cell PCSNN_block_design_i/snn_dma_wrapper_0/inst/snn_top_inst/snn_layer_inst/p_2_out__11 with the given dynamic OPMODE[6:0] connections may lead to an unregistered asynchronous feedback path without the PREG attribute enabled. Please refer to the user guide and if one of the internal P feedback opmodes is possible for this design the PREG attribute must be set to 1, currently set to 0
Related violations: <none>

DPREG-4#6 Warning
DSP48E1_PregDynOpmodeZmuxP:  
The DSP48E1 cell PCSNN_block_design_i/snn_dma_wrapper_0/inst/snn_top_inst/snn_layer_inst/p_2_out__12 with the given dynamic OPMODE[6:0] connections may lead to an unregistered asynchronous feedback path without the PREG attribute enabled. Please refer to the user guide and if one of the internal P feedback opmodes is possible for this design the PREG attribute must be set to 1, currently set to 0
Related violations: <none>

DPREG-4#7 Warning
DSP48E1_PregDynOpmodeZmuxP:  
The DSP48E1 cell PCSNN_block_design_i/snn_dma_wrapper_0/inst/snn_top_inst/snn_layer_inst/p_2_out__13 with the given dynamic OPMODE[6:0] connections may lead to an unregistered asynchronous feedback path without the PREG attribute enabled. Please refer to the user guide and if one of the internal P feedback opmodes is possible for this design the PREG attribute must be set to 1, currently set to 0
Related violations: <none>

DPREG-4#8 Warning
DSP48E1_PregDynOpmodeZmuxP:  
The DSP48E1 cell PCSNN_block_design_i/snn_dma_wrapper_0/inst/snn_top_inst/snn_layer_inst/p_2_out__14 with the given dynamic OPMODE[6:0] connections may lead to an unregistered asynchronous feedback path without the PREG attribute enabled. Please refer to the user guide and if one of the internal P feedback opmodes is possible for this design the PREG attribute must be set to 1, currently set to 0
Related violations: <none>

DPREG-4#9 Warning
DSP48E1_PregDynOpmodeZmuxP:  
The DSP48E1 cell PCSNN_block_design_i/snn_dma_wrapper_0/inst/snn_top_inst/snn_layer_inst/p_2_out__2 with the given dynamic OPMODE[6:0] connections may lead to an unregistered asynchronous feedback path without the PREG attribute enabled. Please refer to the user guide and if one of the internal P feedback opmodes is possible for this design the PREG attribute must be set to 1, currently set to 0
Related violations: <none>

DPREG-4#10 Warning
DSP48E1_PregDynOpmodeZmuxP:  
The DSP48E1 cell PCSNN_block_design_i/snn_dma_wrapper_0/inst/snn_top_inst/snn_layer_inst/p_2_out__3 with the given dynamic OPMODE[6:0] connections may lead to an unregistered asynchronous feedback path without the PREG attribute enabled. Please refer to the user guide and if one of the internal P feedback opmodes is possible for this design the PREG attribute must be set to 1, currently set to 0
Related violations: <none>

DPREG-4#11 Warning
DSP48E1_PregDynOpmodeZmuxP:  
The DSP48E1 cell PCSNN_block_design_i/snn_dma_wrapper_0/inst/snn_top_inst/snn_layer_inst/p_2_out__4 with the given dynamic OPMODE[6:0] connections may lead to an unregistered asynchronous feedback path without the PREG attribute enabled. Please refer to the user guide and if one of the internal P feedback opmodes is possible for this design the PREG attribute must be set to 1, currently set to 0
Related violations: <none>

DPREG-4#12 Warning
DSP48E1_PregDynOpmodeZmuxP:  
The DSP48E1 cell PCSNN_block_design_i/snn_dma_wrapper_0/inst/snn_top_inst/snn_layer_inst/p_2_out__5 with the given dynamic OPMODE[6:0] connections may lead to an unregistered asynchronous feedback path without the PREG attribute enabled. Please refer to the user guide and if one of the internal P feedback opmodes is possible for this design the PREG attribute must be set to 1, currently set to 0
Related violations: <none>

DPREG-4#13 Warning
DSP48E1_PregDynOpmodeZmuxP:  
The DSP48E1 cell PCSNN_block_design_i/snn_dma_wrapper_0/inst/snn_top_inst/snn_layer_inst/p_2_out__6 with the given dynamic OPMODE[6:0] connections may lead to an unregistered asynchronous feedback path without the PREG attribute enabled. Please refer to the user guide and if one of the internal P feedback opmodes is possible for this design the PREG attribute must be set to 1, currently set to 0
Related violations: <none>

DPREG-4#14 Warning
DSP48E1_PregDynOpmodeZmuxP:  
The DSP48E1 cell PCSNN_block_design_i/snn_dma_wrapper_0/inst/snn_top_inst/snn_layer_inst/p_2_out__7 with the given dynamic OPMODE[6:0] connections may lead to an unregistered asynchronous feedback path without the PREG attribute enabled. Please refer to the user guide and if one of the internal P feedback opmodes is possible for this design the PREG attribute must be set to 1, currently set to 0
Related violations: <none>

DPREG-4#15 Warning
DSP48E1_PregDynOpmodeZmuxP:  
The DSP48E1 cell PCSNN_block_design_i/snn_dma_wrapper_0/inst/snn_top_inst/snn_layer_inst/p_2_out__8 with the given dynamic OPMODE[6:0] connections may lead to an unregistered asynchronous feedback path without the PREG attribute enabled. Please refer to the user guide and if one of the internal P feedback opmodes is possible for this design the PREG attribute must be set to 1, currently set to 0
Related violations: <none>

DPREG-4#16 Warning
DSP48E1_PregDynOpmodeZmuxP:  
The DSP48E1 cell PCSNN_block_design_i/snn_dma_wrapper_0/inst/snn_top_inst/snn_layer_inst/p_2_out__9 with the given dynamic OPMODE[6:0] connections may lead to an unregistered asynchronous feedback path without the PREG attribute enabled. Please refer to the user guide and if one of the internal P feedback opmodes is possible for this design the PREG attribute must be set to 1, currently set to 0
Related violations: <none>

REQP-1839#1 Warning
RAMB36 async control check  
The RAMB36E1 PCSNN_block_design_i/axi_dma_0/U0/I_PRMRY_DATAMOVER/GEN_MM2S_FULL.I_MM2S_FULL_WRAPPER/GEN_INCLUDE_MM2S_SF.I_RD_SF/I_DATA_FIFO/BLK_MEM.I_SYNC_FIFOGEN_FIFO/xpm_fifo_base_inst/gen_sdpram.xpm_memory_base_inst/gen_wr_a.gen_word_narrow.mem_reg has an input control pin PCSNN_block_design_i/axi_dma_0/U0/I_PRMRY_DATAMOVER/GEN_MM2S_FULL.I_MM2S_FULL_WRAPPER/GEN_INCLUDE_MM2S_SF.I_RD_SF/I_DATA_FIFO/BLK_MEM.I_SYNC_FIFOGEN_FIFO/xpm_fifo_base_inst/gen_sdpram.xpm_memory_base_inst/gen_wr_a.gen_word_narrow.mem_reg/WEBWE[0] (net: PCSNN_block_design_i/axi_dma_0/U0/I_PRMRY_DATAMOVER/GEN_MM2S_FULL.I_MM2S_FULL_WRAPPER/GEN_INCLUDE_MM2S_SF.I_RD_SF/I_DATA_FIFO/BLK_MEM.I_SYNC_FIFOGEN_FIFO/xpm_fifo_base_inst/gen_sdpram.xpm_memory_base_inst/wea[0]) which is driven by a register (PCSNN_block_design_i/axi_mem_intercon/s00_couplers/auto_pc/inst/gen_axi4_axi3.axi3_conv_inst/USE_READ.USE_SPLIT_R.read_addr_inst/USE_R_CHANNEL.cmd_queue/inst/fifo_gen_inst/inst_fifo_gen/gconvfifo.rf/grf.rf/gntv_or_sync_fifo.gl0.rd/gr1.gr1_int.rfwft/empty_fwft_i_reg) that has an active asychronous set or reset. This may cause corruption of the memory contents and/or read values when the set/reset is asserted and is not analyzed by the default static timing analysis. It is suggested to eliminate the use of a set/reset to registers driving this RAMB pin or else use a synchronous reset in which the assertion of the reset is timed by default.
Related violations: <none>

REQP-1839#2 Warning
RAMB36 async control check  
The RAMB36E1 PCSNN_block_design_i/axi_dma_0/U0/I_PRMRY_DATAMOVER/GEN_MM2S_FULL.I_MM2S_FULL_WRAPPER/GEN_INCLUDE_MM2S_SF.I_RD_SF/I_DATA_FIFO/BLK_MEM.I_SYNC_FIFOGEN_FIFO/xpm_fifo_base_inst/gen_sdpram.xpm_memory_base_inst/gen_wr_a.gen_word_narrow.mem_reg has an input control pin PCSNN_block_design_i/axi_dma_0/U0/I_PRMRY_DATAMOVER/GEN_MM2S_FULL.I_MM2S_FULL_WRAPPER/GEN_INCLUDE_MM2S_SF.I_RD_SF/I_DATA_FIFO/BLK_MEM.I_SYNC_FIFOGEN_FIFO/xpm_fifo_base_inst/gen_sdpram.xpm_memory_base_inst/gen_wr_a.gen_word_narrow.mem_reg/WEBWE[1] (net: PCSNN_block_design_i/axi_dma_0/U0/I_PRMRY_DATAMOVER/GEN_MM2S_FULL.I_MM2S_FULL_WRAPPER/GEN_INCLUDE_MM2S_SF.I_RD_SF/I_DATA_FIFO/BLK_MEM.I_SYNC_FIFOGEN_FIFO/xpm_fifo_base_inst/gen_sdpram.xpm_memory_base_inst/wea[0]) which is driven by a register (PCSNN_block_design_i/axi_mem_intercon/s00_couplers/auto_pc/inst/gen_axi4_axi3.axi3_conv_inst/USE_READ.USE_SPLIT_R.read_addr_inst/USE_R_CHANNEL.cmd_queue/inst/fifo_gen_inst/inst_fifo_gen/gconvfifo.rf/grf.rf/gntv_or_sync_fifo.gl0.rd/gr1.gr1_int.rfwft/empty_fwft_i_reg) that has an active asychronous set or reset. This may cause corruption of the memory contents and/or read values when the set/reset is asserted and is not analyzed by the default static timing analysis. It is suggested to eliminate the use of a set/reset to registers driving this RAMB pin or else use a synchronous reset in which the assertion of the reset is timed by default.
Related violations: <none>

REQP-1839#3 Warning
RAMB36 async control check  
The RAMB36E1 PCSNN_block_design_i/axi_dma_0/U0/I_PRMRY_DATAMOVER/GEN_MM2S_FULL.I_MM2S_FULL_WRAPPER/GEN_INCLUDE_MM2S_SF.I_RD_SF/I_DATA_FIFO/BLK_MEM.I_SYNC_FIFOGEN_FIFO/xpm_fifo_base_inst/gen_sdpram.xpm_memory_base_inst/gen_wr_a.gen_word_narrow.mem_reg has an input control pin PCSNN_block_design_i/axi_dma_0/U0/I_PRMRY_DATAMOVER/GEN_MM2S_FULL.I_MM2S_FULL_WRAPPER/GEN_INCLUDE_MM2S_SF.I_RD_SF/I_DATA_FIFO/BLK_MEM.I_SYNC_FIFOGEN_FIFO/xpm_fifo_base_inst/gen_sdpram.xpm_memory_base_inst/gen_wr_a.gen_word_narrow.mem_reg/WEBWE[2] (net: PCSNN_block_design_i/axi_dma_0/U0/I_PRMRY_DATAMOVER/GEN_MM2S_FULL.I_MM2S_FULL_WRAPPER/GEN_INCLUDE_MM2S_SF.I_RD_SF/I_DATA_FIFO/BLK_MEM.I_SYNC_FIFOGEN_FIFO/xpm_fifo_base_inst/gen_sdpram.xpm_memory_base_inst/wea[0]) which is driven by a register (PCSNN_block_design_i/axi_mem_intercon/s00_couplers/auto_pc/inst/gen_axi4_axi3.axi3_conv_inst/USE_READ.USE_SPLIT_R.read_addr_inst/USE_R_CHANNEL.cmd_queue/inst/fifo_gen_inst/inst_fifo_gen/gconvfifo.rf/grf.rf/gntv_or_sync_fifo.gl0.rd/gr1.gr1_int.rfwft/empty_fwft_i_reg) that has an active asychronous set or reset. This may cause corruption of the memory contents and/or read values when the set/reset is asserted and is not analyzed by the default static timing analysis. It is suggested to eliminate the use of a set/reset to registers driving this RAMB pin or else use a synchronous reset in which the assertion of the reset is timed by default.
Related violations: <none>

REQP-1839#4 Warning
RAMB36 async control check  
The RAMB36E1 PCSNN_block_design_i/axi_dma_0/U0/I_PRMRY_DATAMOVER/GEN_MM2S_FULL.I_MM2S_FULL_WRAPPER/GEN_INCLUDE_MM2S_SF.I_RD_SF/I_DATA_FIFO/BLK_MEM.I_SYNC_FIFOGEN_FIFO/xpm_fifo_base_inst/gen_sdpram.xpm_memory_base_inst/gen_wr_a.gen_word_narrow.mem_reg has an input control pin PCSNN_block_design_i/axi_dma_0/U0/I_PRMRY_DATAMOVER/GEN_MM2S_FULL.I_MM2S_FULL_WRAPPER/GEN_INCLUDE_MM2S_SF.I_RD_SF/I_DATA_FIFO/BLK_MEM.I_SYNC_FIFOGEN_FIFO/xpm_fifo_base_inst/gen_sdpram.xpm_memory_base_inst/gen_wr_a.gen_word_narrow.mem_reg/WEBWE[3] (net: PCSNN_block_design_i/axi_dma_0/U0/I_PRMRY_DATAMOVER/GEN_MM2S_FULL.I_MM2S_FULL_WRAPPER/GEN_INCLUDE_MM2S_SF.I_RD_SF/I_DATA_FIFO/BLK_MEM.I_SYNC_FIFOGEN_FIFO/xpm_fifo_base_inst/gen_sdpram.xpm_memory_base_inst/wea[0]) which is driven by a register (PCSNN_block_design_i/axi_mem_intercon/s00_couplers/auto_pc/inst/gen_axi4_axi3.axi3_conv_inst/USE_READ.USE_SPLIT_R.read_addr_inst/USE_R_CHANNEL.cmd_queue/inst/fifo_gen_inst/inst_fifo_gen/gconvfifo.rf/grf.rf/gntv_or_sync_fifo.gl0.rd/gr1.gr1_int.rfwft/empty_fwft_i_reg) that has an active asychronous set or reset. This may cause corruption of the memory contents and/or read values when the set/reset is asserted and is not analyzed by the default static timing analysis. It is suggested to eliminate the use of a set/reset to registers driving this RAMB pin or else use a synchronous reset in which the assertion of the reset is timed by default.
Related violations: <none>

REQP-1839#5 Warning
RAMB36 async control check  
The RAMB36E1 PCSNN_block_design_i/axi_dma_0/U0/I_PRMRY_DATAMOVER/GEN_MM2S_FULL.I_MM2S_FULL_WRAPPER/GEN_INCLUDE_MM2S_SF.I_RD_SF/I_DATA_FIFO/BLK_MEM.I_SYNC_FIFOGEN_FIFO/xpm_fifo_base_inst/gen_sdpram.xpm_memory_base_inst/gen_wr_a.gen_word_narrow.mem_reg has an input control pin PCSNN_block_design_i/axi_dma_0/U0/I_PRMRY_DATAMOVER/GEN_MM2S_FULL.I_MM2S_FULL_WRAPPER/GEN_INCLUDE_MM2S_SF.I_RD_SF/I_DATA_FIFO/BLK_MEM.I_SYNC_FIFOGEN_FIFO/xpm_fifo_base_inst/gen_sdpram.xpm_memory_base_inst/gen_wr_a.gen_word_narrow.mem_reg/WEBWE[4] (net: PCSNN_block_design_i/axi_dma_0/U0/I_PRMRY_DATAMOVER/GEN_MM2S_FULL.I_MM2S_FULL_WRAPPER/GEN_INCLUDE_MM2S_SF.I_RD_SF/I_DATA_FIFO/BLK_MEM.I_SYNC_FIFOGEN_FIFO/xpm_fifo_base_inst/gen_sdpram.xpm_memory_base_inst/wea[0]) which is driven by a register (PCSNN_block_design_i/axi_mem_intercon/s00_couplers/auto_pc/inst/gen_axi4_axi3.axi3_conv_inst/USE_READ.USE_SPLIT_R.read_addr_inst/USE_R_CHANNEL.cmd_queue/inst/fifo_gen_inst/inst_fifo_gen/gconvfifo.rf/grf.rf/gntv_or_sync_fifo.gl0.rd/gr1.gr1_int.rfwft/empty_fwft_i_reg) that has an active asychronous set or reset. This may cause corruption of the memory contents and/or read values when the set/reset is asserted and is not analyzed by the default static timing analysis. It is suggested to eliminate the use of a set/reset to registers driving this RAMB pin or else use a synchronous reset in which the assertion of the reset is timed by default.
Related violations: <none>

REQP-1839#6 Warning
RAMB36 async control check  
The RAMB36E1 PCSNN_block_design_i/axi_dma_0/U0/I_PRMRY_DATAMOVER/GEN_MM2S_FULL.I_MM2S_FULL_WRAPPER/GEN_INCLUDE_MM2S_SF.I_RD_SF/I_DATA_FIFO/BLK_MEM.I_SYNC_FIFOGEN_FIFO/xpm_fifo_base_inst/gen_sdpram.xpm_memory_base_inst/gen_wr_a.gen_word_narrow.mem_reg has an input control pin PCSNN_block_design_i/axi_dma_0/U0/I_PRMRY_DATAMOVER/GEN_MM2S_FULL.I_MM2S_FULL_WRAPPER/GEN_INCLUDE_MM2S_SF.I_RD_SF/I_DATA_FIFO/BLK_MEM.I_SYNC_FIFOGEN_FIFO/xpm_fifo_base_inst/gen_sdpram.xpm_memory_base_inst/gen_wr_a.gen_word_narrow.mem_reg/WEBWE[5] (net: PCSNN_block_design_i/axi_dma_0/U0/I_PRMRY_DATAMOVER/GEN_MM2S_FULL.I_MM2S_FULL_WRAPPER/GEN_INCLUDE_MM2S_SF.I_RD_SF/I_DATA_FIFO/BLK_MEM.I_SYNC_FIFOGEN_FIFO/xpm_fifo_base_inst/gen_sdpram.xpm_memory_base_inst/wea[0]) which is driven by a register (PCSNN_block_design_i/axi_mem_intercon/s00_couplers/auto_pc/inst/gen_axi4_axi3.axi3_conv_inst/USE_READ.USE_SPLIT_R.read_addr_inst/USE_R_CHANNEL.cmd_queue/inst/fifo_gen_inst/inst_fifo_gen/gconvfifo.rf/grf.rf/gntv_or_sync_fifo.gl0.rd/gr1.gr1_int.rfwft/empty_fwft_i_reg) that has an active asychronous set or reset. This may cause corruption of the memory contents and/or read values when the set/reset is asserted and is not analyzed by the default static timing analysis. It is suggested to eliminate the use of a set/reset to registers driving this RAMB pin or else use a synchronous reset in which the assertion of the reset is timed by default.
Related violations: <none>

REQP-1839#7 Warning
RAMB36 async control check  
The RAMB36E1 PCSNN_block_design_i/axi_dma_0/U0/I_PRMRY_DATAMOVER/GEN_MM2S_FULL.I_MM2S_FULL_WRAPPER/GEN_INCLUDE_MM2S_SF.I_RD_SF/I_DATA_FIFO/BLK_MEM.I_SYNC_FIFOGEN_FIFO/xpm_fifo_base_inst/gen_sdpram.xpm_memory_base_inst/gen_wr_a.gen_word_narrow.mem_reg has an input control pin PCSNN_block_design_i/axi_dma_0/U0/I_PRMRY_DATAMOVER/GEN_MM2S_FULL.I_MM2S_FULL_WRAPPER/GEN_INCLUDE_MM2S_SF.I_RD_SF/I_DATA_FIFO/BLK_MEM.I_SYNC_FIFOGEN_FIFO/xpm_fifo_base_inst/gen_sdpram.xpm_memory_base_inst/gen_wr_a.gen_word_narrow.mem_reg/WEBWE[6] (net: PCSNN_block_design_i/axi_dma_0/U0/I_PRMRY_DATAMOVER/GEN_MM2S_FULL.I_MM2S_FULL_WRAPPER/GEN_INCLUDE_MM2S_SF.I_RD_SF/I_DATA_FIFO/BLK_MEM.I_SYNC_FIFOGEN_FIFO/xpm_fifo_base_inst/gen_sdpram.xpm_memory_base_inst/wea[0]) which is driven by a register (PCSNN_block_design_i/axi_mem_intercon/s00_couplers/auto_pc/inst/gen_axi4_axi3.axi3_conv_inst/USE_READ.USE_SPLIT_R.read_addr_inst/USE_R_CHANNEL.cmd_queue/inst/fifo_gen_inst/inst_fifo_gen/gconvfifo.rf/grf.rf/gntv_or_sync_fifo.gl0.rd/gr1.gr1_int.rfwft/empty_fwft_i_reg) that has an active asychronous set or reset. This may cause corruption of the memory contents and/or read values when the set/reset is asserted and is not analyzed by the default static timing analysis. It is suggested to eliminate the use of a set/reset to registers driving this RAMB pin or else use a synchronous reset in which the assertion of the reset is timed by default.
Related violations: <none>

REQP-1839#8 Warning
RAMB36 async control check  
The RAMB36E1 PCSNN_block_design_i/axi_dma_0/U0/I_PRMRY_DATAMOVER/GEN_MM2S_FULL.I_MM2S_FULL_WRAPPER/GEN_INCLUDE_MM2S_SF.I_RD_SF/I_DATA_FIFO/BLK_MEM.I_SYNC_FIFOGEN_FIFO/xpm_fifo_base_inst/gen_sdpram.xpm_memory_base_inst/gen_wr_a.gen_word_narrow.mem_reg has an input control pin PCSNN_block_design_i/axi_dma_0/U0/I_PRMRY_DATAMOVER/GEN_MM2S_FULL.I_MM2S_FULL_WRAPPER/GEN_INCLUDE_MM2S_SF.I_RD_SF/I_DATA_FIFO/BLK_MEM.I_SYNC_FIFOGEN_FIFO/xpm_fifo_base_inst/gen_sdpram.xpm_memory_base_inst/gen_wr_a.gen_word_narrow.mem_reg/WEBWE[7] (net: PCSNN_block_design_i/axi_dma_0/U0/I_PRMRY_DATAMOVER/GEN_MM2S_FULL.I_MM2S_FULL_WRAPPER/GEN_INCLUDE_MM2S_SF.I_RD_SF/I_DATA_FIFO/BLK_MEM.I_SYNC_FIFOGEN_FIFO/xpm_fifo_base_inst/gen_sdpram.xpm_memory_base_inst/wea[0]) which is driven by a register (PCSNN_block_design_i/axi_mem_intercon/s00_couplers/auto_pc/inst/gen_axi4_axi3.axi3_conv_inst/USE_READ.USE_SPLIT_R.read_addr_inst/USE_R_CHANNEL.cmd_queue/inst/fifo_gen_inst/inst_fifo_gen/gconvfifo.rf/grf.rf/gntv_or_sync_fifo.gl0.rd/gr1.gr1_int.rfwft/empty_fwft_i_reg) that has an active asychronous set or reset. This may cause corruption of the memory contents and/or read values when the set/reset is asserted and is not analyzed by the default static timing analysis. It is suggested to eliminate the use of a set/reset to registers driving this RAMB pin or else use a synchronous reset in which the assertion of the reset is timed by default.
Related violations: <none>

REQP-1839#9 Warning
RAMB36 async control check  
The RAMB36E1 PCSNN_block_design_i/snn_dma_wrapper_0/inst/snn_top_inst/snn_layer_inst/grad_ram_bank_inst/ram_reg_0 has an input control pin PCSNN_block_design_i/snn_dma_wrapper_0/inst/snn_top_inst/snn_layer_inst/grad_ram_bank_inst/ram_reg_0/ADDRARDADDR[10] (net: PCSNN_block_design_i/snn_dma_wrapper_0/inst/snn_top_inst/snn_layer_inst/grad_ram_bank_inst/ram_reg_56_8[4]) which is driven by a register (PCSNN_block_design_i/snn_dma_wrapper_0/inst/snn_top_inst/snn_layer_inst/pixel_addr_reg[5]) that has an active asychronous set or reset. This may cause corruption of the memory contents and/or read values when the set/reset is asserted and is not analyzed by the default static timing analysis. It is suggested to eliminate the use of a set/reset to registers driving this RAMB pin or else use a synchronous reset in which the assertion of the reset is timed by default.
Related violations: <none>

REQP-1839#10 Warning
RAMB36 async control check  
The RAMB36E1 PCSNN_block_design_i/snn_dma_wrapper_0/inst/snn_top_inst/snn_layer_inst/grad_ram_bank_inst/ram_reg_0 has an input control pin PCSNN_block_design_i/snn_dma_wrapper_0/inst/snn_top_inst/snn_layer_inst/grad_ram_bank_inst/ram_reg_0/ADDRARDADDR[11] (net: PCSNN_block_design_i/snn_dma_wrapper_0/inst/snn_top_inst/snn_layer_inst/grad_ram_bank_inst/ADDRARDADDR[3]) which is driven by a register (PCSNN_block_design_i/snn_dma_wrapper_0/inst/snn_top_inst/snn_layer_inst/pixel_addr_reg[6]_rep__0) that has an active asychronous set or reset. This may cause corruption of the memory contents and/or read values when the set/reset is asserted and is not analyzed by the default static timing analysis. It is suggested to eliminate the use of a set/reset to registers driving this RAMB pin or else use a synchronous reset in which the assertion of the reset is timed by default.
Related violations: <none>

REQP-1839#11 Warning
RAMB36 async control check  
The RAMB36E1 PCSNN_block_design_i/snn_dma_wrapper_0/inst/snn_top_inst/snn_layer_inst/grad_ram_bank_inst/ram_reg_0 has an input control pin PCSNN_block_design_i/snn_dma_wrapper_0/inst/snn_top_inst/snn_layer_inst/grad_ram_bank_inst/ram_reg_0/ADDRARDADDR[12] (net: PCSNN_block_design_i/snn_dma_wrapper_0/inst/snn_top_inst/snn_layer_inst/grad_ram_bank_inst/ram_reg_56_8[6]) which is driven by a register (PCSNN_block_design_i/snn_dma_wrapper_0/inst/snn_top_inst/snn_layer_inst/pixel_addr_reg[7]) that has an active asychronous set or reset. This may cause corruption of the memory contents and/or read values when the set/reset is asserted and is not analyzed by the default static timing analysis. It is suggested to eliminate the use of a set/reset to registers driving this RAMB pin or else use a synchronous reset in which the assertion of the reset is timed by default.
Related violations: <none>

REQP-1839#12 Warning
RAMB36 async control check  
The RAMB36E1 PCSNN_block_design_i/snn_dma_wrapper_0/inst/snn_top_inst/snn_layer_inst/grad_ram_bank_inst/ram_reg_0 has an input control pin PCSNN_block_design_i/snn_dma_wrapper_0/inst/snn_top_inst/snn_layer_inst/grad_ram_bank_inst/ram_reg_0/ADDRARDADDR[13] (net: PCSNN_block_design_i/snn_dma_wrapper_0/inst/snn_top_inst/snn_layer_inst/grad_ram_bank_inst/ram_reg_56_8[7]) which is driven by a register (PCSNN_block_design_i/snn_dma_wrapper_0/inst/snn_top_inst/snn_layer_inst/pixel_addr_reg[8]) that has an active asychronous set or reset. This may cause corruption of the memory contents and/or read values when the set/reset is asserted and is not analyzed by the default static timing analysis. It is suggested to eliminate the use of a set/reset to registers driving this RAMB pin or else use a synchronous reset in which the assertion of the reset is timed by default.
Related violations: <none>

REQP-1839#13 Warning
RAMB36 async control check  
The RAMB36E1 PCSNN_block_design_i/snn_dma_wrapper_0/inst/snn_top_inst/snn_layer_inst/grad_ram_bank_inst/ram_reg_0 has an input control pin PCSNN_block_design_i/snn_dma_wrapper_0/inst/snn_top_inst/snn_layer_inst/grad_ram_bank_inst/ram_reg_0/ADDRARDADDR[14] (net: PCSNN_block_design_i/snn_dma_wrapper_0/inst/snn_top_inst/snn_layer_inst/grad_ram_bank_inst/ram_reg_56_8[8]) which is driven by a register (PCSNN_block_design_i/snn_dma_wrapper_0/inst/snn_top_inst/snn_layer_inst/pixel_addr_reg[9]) that has an active asychronous set or reset. This may cause corruption of the memory contents and/or read values when the set/reset is asserted and is not analyzed by the default static timing analysis. It is suggested to eliminate the use of a set/reset to registers driving this RAMB pin or else use a synchronous reset in which the assertion of the reset is timed by default.
Related violations: <none>

REQP-1839#14 Warning
RAMB36 async control check  
The RAMB36E1 PCSNN_block_design_i/snn_dma_wrapper_0/inst/snn_top_inst/snn_layer_inst/grad_ram_bank_inst/ram_reg_0 has an input control pin PCSNN_block_design_i/snn_dma_wrapper_0/inst/snn_top_inst/snn_layer_inst/grad_ram_bank_inst/ram_reg_0/ADDRARDADDR[5] (net: PCSNN_block_design_i/snn_dma_wrapper_0/inst/snn_top_inst/snn_layer_inst/grad_ram_bank_inst/ram_reg_56_8[0]) which is driven by a register (PCSNN_block_design_i/snn_dma_wrapper_0/inst/snn_top_inst/snn_layer_inst/pixel_addr_reg[0]) that has an active asychronous set or reset. This may cause corruption of the memory contents and/or read values when the set/reset is asserted and is not analyzed by the default static timing analysis. It is suggested to eliminate the use of a set/reset to registers driving this RAMB pin or else use a synchronous reset in which the assertion of the reset is timed by default.
Related violations: <none>

REQP-1839#15 Warning
RAMB36 async control check  
The RAMB36E1 PCSNN_block_design_i/snn_dma_wrapper_0/inst/snn_top_inst/snn_layer_inst/grad_ram_bank_inst/ram_reg_0 has an input control pin PCSNN_block_design_i/snn_dma_wrapper_0/inst/snn_top_inst/snn_layer_inst/grad_ram_bank_inst/ram_reg_0/ADDRARDADDR[6] (net: PCSNN_block_design_i/snn_dma_wrapper_0/inst/snn_top_inst/snn_layer_inst/grad_ram_bank_inst/ADDRARDADDR[0]) which is driven by a register (PCSNN_block_design_i/snn_dma_wrapper_0/inst/snn_top_inst/snn_layer_inst/pixel_addr_reg[1]_rep__3) that has an active asychronous set or reset. This may cause corruption of the memory contents and/or read values when the set/reset is asserted and is not analyzed by the default static timing analysis. It is suggested to eliminate the use of a set/reset to registers driving this RAMB pin or else use a synchronous reset in which the assertion of the reset is timed by default.
Related violations: <none>

REQP-1839#16 Warning
RAMB36 async control check  
The RAMB36E1 PCSNN_block_design_i/snn_dma_wrapper_0/inst/snn_top_inst/snn_layer_inst/grad_ram_bank_inst/ram_reg_0 has an input control pin PCSNN_block_design_i/snn_dma_wrapper_0/inst/snn_top_inst/snn_layer_inst/grad_ram_bank_inst/ram_reg_0/ADDRARDADDR[7] (net: PCSNN_block_design_i/snn_dma_wrapper_0/inst/snn_top_inst/snn_layer_inst/grad_ram_bank_inst/ADDRARDADDR[1]) which is driven by a register (PCSNN_block_design_i/snn_dma_wrapper_0/inst/snn_top_inst/snn_layer_inst/pixel_addr_reg[2]_rep__0) that has an active asychronous set or reset. This may cause corruption of the memory contents and/or read values when the set/reset is asserted and is not analyzed by the default static timing analysis. It is suggested to eliminate the use of a set/reset to registers driving this RAMB pin or else use a synchronous reset in which the assertion of the reset is timed by default.
Related violations: <none>

REQP-1839#17 Warning
RAMB36 async control check  
The RAMB36E1 PCSNN_block_design_i/snn_dma_wrapper_0/inst/snn_top_inst/snn_layer_inst/grad_ram_bank_inst/ram_reg_0 has an input control pin PCSNN_block_design_i/snn_dma_wrapper_0/inst/snn_top_inst/snn_layer_inst/grad_ram_bank_inst/ram_reg_0/ADDRARDADDR[8] (net: PCSNN_block_design_i/snn_dma_wrapper_0/inst/snn_top_inst/snn_layer_inst/grad_ram_bank_inst/ram_reg_56_8[2]) which is driven by a register (PCSNN_block_design_i/snn_dma_wrapper_0/inst/snn_top_inst/snn_layer_inst/pixel_addr_reg[3]) that has an active asychronous set or reset. This may cause corruption of the memory contents and/or read values when the set/reset is asserted and is not analyzed by the default static timing analysis. It is suggested to eliminate the use of a set/reset to registers driving this RAMB pin or else use a synchronous reset in which the assertion of the reset is timed by default.
Related violations: <none>

REQP-1839#18 Warning
RAMB36 async control check  
The RAMB36E1 PCSNN_block_design_i/snn_dma_wrapper_0/inst/snn_top_inst/snn_layer_inst/grad_ram_bank_inst/ram_reg_0 has an input control pin PCSNN_block_design_i/snn_dma_wrapper_0/inst/snn_top_inst/snn_layer_inst/grad_ram_bank_inst/ram_reg_0/ADDRARDADDR[9] (net: PCSNN_block_design_i/snn_dma_wrapper_0/inst/snn_top_inst/snn_layer_inst/grad_ram_bank_inst/ADDRARDADDR[2]) which is driven by a register (PCSNN_block_design_i/snn_dma_wrapper_0/inst/snn_top_inst/snn_layer_inst/pixel_addr_reg[4]_rep__0) that has an active asychronous set or reset. This may cause corruption of the memory contents and/or read values when the set/reset is asserted and is not analyzed by the default static timing analysis. It is suggested to eliminate the use of a set/reset to registers driving this RAMB pin or else use a synchronous reset in which the assertion of the reset is timed by default.
Related violations: <none>

REQP-1839#19 Warning
RAMB36 async control check  
The RAMB36E1 PCSNN_block_design_i/snn_dma_wrapper_0/inst/snn_top_inst/snn_layer_inst/grad_ram_bank_inst/ram_reg_0 has an input control pin PCSNN_block_design_i/snn_dma_wrapper_0/inst/snn_top_inst/snn_layer_inst/grad_ram_bank_inst/ram_reg_0/WEA[3] (net: PCSNN_block_design_i/snn_dma_wrapper_0/inst/snn_top_inst/snn_layer_inst/grad_ram_bank_inst/ram_reg_0_i_37__0_n_0) which is driven by a register (PCSNN_block_design_i/snn_dma_wrapper_0/inst/snn_top_inst/snn_layer_inst/neuron_group_counter_reg[0]) that has an active asychronous set or reset. This may cause corruption of the memory contents and/or read values when the set/reset is asserted and is not analyzed by the default static timing analysis. It is suggested to eliminate the use of a set/reset to registers driving this RAMB pin or else use a synchronous reset in which the assertion of the reset is timed by default.
Related violations: <none>

REQP-1839#20 Warning
RAMB36 async control check  
The RAMB36E1 PCSNN_block_design_i/snn_dma_wrapper_0/inst/snn_top_inst/snn_layer_inst/grad_ram_bank_inst/ram_reg_0 has an input control pin PCSNN_block_design_i/snn_dma_wrapper_0/inst/snn_top_inst/snn_layer_inst/grad_ram_bank_inst/ram_reg_0/WEA[3] (net: PCSNN_block_design_i/snn_dma_wrapper_0/inst/snn_top_inst/snn_layer_inst/grad_ram_bank_inst/ram_reg_0_i_37__0_n_0) which is driven by a register (PCSNN_block_design_i/snn_dma_wrapper_0/inst/snn_top_inst/snn_layer_inst/state_reg[2]) that has an active asychronous set or reset. This may cause corruption of the memory contents and/or read values when the set/reset is asserted and is not analyzed by the default static timing analysis. It is suggested to eliminate the use of a set/reset to registers driving this RAMB pin or else use a synchronous reset in which the assertion of the reset is timed by default.
Related violations: <none>

REQP-181#1 Advisory
writefirst  
Synchronous clocking is detected for BRAM (PCSNN_block_design_i/axi_dma_0/U0/I_PRMRY_DATAMOVER/GEN_MM2S_FULL.I_MM2S_FULL_WRAPPER/GEN_INCLUDE_MM2S_SF.I_RD_SF/I_DATA_FIFO/BLK_MEM.I_SYNC_FIFOGEN_FIFO/xpm_fifo_base_inst/gen_sdpram.xpm_memory_base_inst/gen_wr_a.gen_word_narrow.mem_reg) in SDP mode with WRITE_FIRST write-mode. This is the preferred mode for best power characteristics, however it may exhibit address collisions if the same address appears on both read and write ports resulting in unknown or corrupted read data. It is suggested to confirm via simulation that an address collision never occurs and if so it is suggested to try and avoid this situation. If address collisions cannot be avoided, the write-mode may be set to READ_FIRST which guarantees that the read data is the prior contents of the memory at the cost of additional power in the design. See the FPGA Memory Resources User Guide for additional information.
Related violations: <none>

REQP-181#2 Advisory
writefirst  
Synchronous clocking is detected for BRAM (PCSNN_block_design_i/axi_dma_0/U0/I_PRMRY_DATAMOVER/GEN_S2MM_FULL.I_S2MM_FULL_WRAPPER/GEN_ENABLE_INDET_BTT_SF.I_INDET_BTT/I_DATA_FIFO/BLK_MEM.I_SYNC_FIFOGEN_FIFO/xpm_fifo_base_inst/gen_sdpram.xpm_memory_base_inst/gen_wr_a.gen_word_narrow.mem_reg) in SDP mode with WRITE_FIRST write-mode. This is the preferred mode for best power characteristics, however it may exhibit address collisions if the same address appears on both read and write ports resulting in unknown or corrupted read data. It is suggested to confirm via simulation that an address collision never occurs and if so it is suggested to try and avoid this situation. If address collisions cannot be avoided, the write-mode may be set to READ_FIRST which guarantees that the read data is the prior contents of the memory at the cost of additional power in the design. See the FPGA Memory Resources User Guide for additional information.
Related violations: <none>


