Copyright 1986-2022 Xilinx, Inc. All Rights Reserved. Copyright 2022-2025 Advanced Micro Devices, Inc. All Rights Reserved.
---------------------------------------------------------------------------------------------------------------------------------------------
| Tool Version : Vivado v.2025.2 (lin64) Build 6299465 Fri Nov 14 12:34:56 MST 2025
| Date         : Thu Jun 25 09:35:31 2026
| Host         : ivanyuchen-Predator-PHN16-71 running 64-bit Ubuntu 24.04.4 LTS
| Command      : report_clock_utilization -file PCSNN_block_design_wrapper_clock_utilization_routed.rpt
| Design       : PCSNN_block_design_wrapper
| Device       : 7z020-clg400
| Speed File   : -1  PRODUCTION 1.12 2019-11-22
| Design State : Routed
---------------------------------------------------------------------------------------------------------------------------------------------

Clock Utilization Report

Table of Contents
-----------------
1. Clock Primitive Utilization
2. Global Clock Resources
3. Global Clock Source Details
4. Clock Regions: Key Resource Utilization
5. Clock Regions : Global Clock Summary
6. Device Cell Placement Summary for Global Clock g0
7. Device Cell Placement Summary for Global Clock g1
8. Clock Region Cell Placement per Global Clock: Region X0Y0
9. Clock Region Cell Placement per Global Clock: Region X1Y0
10. Clock Region Cell Placement per Global Clock: Region X0Y1
11. Clock Region Cell Placement per Global Clock: Region X1Y1
12. Clock Region Cell Placement per Global Clock: Region X0Y2
13. Clock Region Cell Placement per Global Clock: Region X1Y2

1. Clock Primitive Utilization
------------------------------

+----------+------+-----------+-----+--------------+--------+
| Type     | Used | Available | LOC | Clock Region | Pblock |
+----------+------+-----------+-----+--------------+--------+
| BUFGCTRL |    2 |        32 |   0 |            0 |      0 |
| BUFH     |    0 |        72 |   0 |            0 |      0 |
| BUFIO    |    0 |        16 |   0 |            0 |      0 |
| BUFMR    |    0 |         8 |   0 |            0 |      0 |
| BUFR     |    0 |        16 |   0 |            0 |      0 |
| MMCM     |    0 |         4 |   0 |            0 |      0 |
| PLL      |    0 |         4 |   0 |            0 |      0 |
+----------+------+-----------+-----+--------------+--------+


2. Global Clock Resources
-------------------------

+-----------+-----------+-----------------+------------+----------------+--------------+-------------------+-------------+-----------------+--------------+------------+-----------------------------------------------------------------------------------------------------------------+----------------------------------------------------------------------------------------------------------+
| Global Id | Source Id | Driver Type/Pin | Constraint | Site           | Clock Region | Load Clock Region | Clock Loads | Non-Clock Loads | Clock Period | Clock      | Driver Pin                                                                                                      | Net                                                                                                      |
+-----------+-----------+-----------------+------------+----------------+--------------+-------------------+-------------+-----------------+--------------+------------+-----------------------------------------------------------------------------------------------------------------+----------------------------------------------------------------------------------------------------------+
| g0        | src0      | BUFG/O          | None       | BUFGCTRL_X0Y16 | n/a          |                 6 |       28872 |               0 |       20.000 | clk_fpga_0 | PCSNN_block_design_i/processing_system7_0/inst/buffer_fclk_clk_0.FCLK_CLK_0_BUFG/O                              | PCSNN_block_design_i/processing_system7_0/inst/FCLK_CLK0                                                 |
| g1        | src1      | BUFG/O          | None       | BUFGCTRL_X0Y17 | n/a          |                 6 |           0 |           25076 |          n/a | n/a        | PCSNN_block_design_i/snn_dma_wrapper_0/inst/snn_top_inst/snn_layer_inst/image_buffer_inst/aresetn_0_BUFG_inst/O | PCSNN_block_design_i/snn_dma_wrapper_0/inst/snn_top_inst/snn_layer_inst/image_buffer_inst/aresetn_0_BUFG |
+-----------+-----------+-----------------+------------+----------------+--------------+-------------------+-------------+-----------------+--------------+------------+-----------------------------------------------------------------------------------------------------------------+----------------------------------------------------------------------------------------------------------+
* Clock Loads column represents cell count of net connects that connect to a clock pin. Internal cell leaf pins are not considered
** Non-Clock Loads column represents cell count of non-clock pin loads


3. Global Clock Source Details
------------------------------

+-----------+-----------+-----------------+------------+--------------+--------------+-------------+-----------------+---------------------+--------------+------------------------------------------------------------------------------------------------------------------+-----------------------------------------------------------------------------------------------------+
| Source Id | Global Id | Driver Type/Pin | Constraint | Site         | Clock Region | Clock Loads | Non-Clock Loads | Source Clock Period | Source Clock | Driver Pin                                                                                                       | Net                                                                                                 |
+-----------+-----------+-----------------+------------+--------------+--------------+-------------+-----------------+---------------------+--------------+------------------------------------------------------------------------------------------------------------------+-----------------------------------------------------------------------------------------------------+
| src0      | g0        | PS7/FCLKCLK[0]  | PS7_X0Y0   | PS7_X0Y0     | X0Y2         |           1 |               0 |              20.000 | clk_fpga_0   | PCSNN_block_design_i/processing_system7_0/inst/PS7_i/FCLKCLK[0]                                                  | PCSNN_block_design_i/processing_system7_0/inst/FCLK_CLK_unbuffered[0]                               |
| src1      | g1        | LUT1/O          | None       | SLICE_X48Y47 | X0Y0         |           1 |               0 |                     |              | PCSNN_block_design_i/snn_dma_wrapper_0/inst/snn_top_inst/snn_layer_inst/image_buffer_inst/m_axis_tdata[31]_i_1/O | PCSNN_block_design_i/snn_dma_wrapper_0/inst/snn_top_inst/snn_layer_inst/image_buffer_inst/aresetn_0 |
+-----------+-----------+-----------------+------------+--------------+--------------+-------------+-----------------+---------------------+--------------+------------------------------------------------------------------------------------------------------------------+-----------------------------------------------------------------------------------------------------+
* Clock Loads column represents cell count of net connects that connect to a clock pin. Internal cell leaf pins are not considered
** Non-Clock Loads column represents cell count of non-clock pin loads


4. Clock Regions: Key Resource Utilization
------------------------------------------

+-------------------+--------------+--------------+--------------+--------------+--------------+--------------+--------------+--------------+--------------+--------------+--------------+--------------+--------------+--------------+--------------+
|                   | Global Clock |     BUFRs    |    BUFMRs    |    BUFIOs    |     MMCM     |      PLL     |      GT      |      PCI     |    ILOGIC    |    OLOGIC    |      FF      |     LUTM     |    RAMB18    |    RAMB36    |    DSP48E2   |
+-------------------+------+-------+------+-------+------+-------+------+-------+------+-------+------+-------+------+-------+------+-------+------+-------+------+-------+------+-------+------+-------+------+-------+------+-------+------+-------+
| Clock Region Name | Used | Avail | Used | Avail | Used | Avail | Used | Avail | Used | Avail | Used | Avail | Used | Avail | Used | Avail | Used | Avail | Used | Avail | Used | Avail | Used | Avail | Used | Avail | Used | Avail | Used | Avail |
+-------------------+------+-------+------+-------+------+-------+------+-------+------+-------+------+-------+------+-------+------+-------+------+-------+------+-------+------+-------+------+-------+------+-------+------+-------+------+-------+
| X0Y0              |    2 |    12 |    0 |     4 |    0 |     2 |    0 |     4 |    0 |     1 |    0 |     1 |    0 |     0 |    0 |     0 |    0 |    50 |    0 |    50 | 6116 |  2500 | 2383 |  1000 |    0 |    60 |   21 |    30 |    0 |    60 |
| X1Y0              |    2 |    12 |    0 |     4 |    0 |     2 |    0 |     4 |    0 |     1 |    0 |     1 |    0 |     0 |    0 |     0 |    0 |    50 |    0 |    50 | 7653 |  3200 | 1841 |   850 |    0 |    60 |   23 |    30 |    0 |    40 |
| X0Y1              |    2 |    12 |    0 |     0 |    0 |     0 |    0 |     0 |    0 |     0 |    0 |     0 |    0 |     0 |    0 |     0 |    0 |     0 |    0 |     0 | 3137 |  1200 | 1328 |   400 |    0 |    20 |   10 |    10 |    0 |    20 |
| X1Y1              |    2 |    12 |    0 |     4 |    0 |     2 |    0 |     4 |    0 |     1 |    0 |     1 |    0 |     0 |    0 |     0 |    0 |    50 |    0 |    50 | 5385 |  2600 | 1790 |   850 |    0 |    60 |   30 |    30 |    0 |    40 |
| X0Y2              |    2 |    12 |    0 |     0 |    0 |     0 |    0 |     0 |    0 |     0 |    0 |     0 |    0 |     0 |    0 |     0 |    0 |     0 |    0 |     0 | 1757 |  1200 |  550 |   400 |    0 |    20 |    8 |    10 |    0 |    20 |
| X1Y2              |    2 |    12 |    0 |     4 |    0 |     2 |    0 |     4 |    0 |     1 |    0 |     1 |    0 |     0 |    0 |     0 |    0 |    50 |    0 |    50 | 4507 |  2600 | 1539 |   850 |    0 |    60 |   24 |    30 |    0 |    40 |
+-------------------+------+-------+------+-------+------+-------+------+-------+------+-------+------+-------+------+-------+------+-------+------+-------+------+-------+------+-------+------+-------+------+-------+------+-------+------+-------+
* Global Clock column represents track count; while other columns represents cell counts


5. Clock Regions : Global Clock Summary
---------------------------------------

All Modules
+----+----+----+
|    | X0 | X1 |
+----+----+----+
| Y2 |  0 |  0 |
| Y1 |  0 |  0 |
| Y0 |  0 |  0 |
+----+----+----+


6. Device Cell Placement Summary for Global Clock g0
----------------------------------------------------

+-----------+-----------------+-------------------+------------+-------------+----------------+-------------+----------+----------------+----------+----------------------------------------------------------+
| Global Id | Driver Type/Pin | Driver Region (D) | Clock      | Period (ns) | Waveform (ns)  | Slice Loads | IO Loads | Clocking Loads | GT Loads | Net                                                      |
+-----------+-----------------+-------------------+------------+-------------+----------------+-------------+----------+----------------+----------+----------------------------------------------------------+
| g0        | BUFG/O          | n/a               | clk_fpga_0 |      20.000 | {0.000 10.000} |       28867 |        0 |              0 |        0 | PCSNN_block_design_i/processing_system7_0/inst/FCLK_CLK0 |
+-----------+-----------------+-------------------+------------+-------------+----------------+-------------+----------+----------------+----------+----------------------------------------------------------+
* Slice Loads column represents load cell count of all cell types other than IO, GT and clock resources
** IO Loads column represents load cell count of IO types
*** Clocking Loads column represents load cell count that are clock resources (global clock buffer, MMCM, PLL, etc)
**** GT Loads column represents load cell count of GT types


+----+-------+-------+-----------------------+
|    | X0    | X1    | HORIZONTAL PROG DELAY |
+----+-------+-------+-----------------------+
| Y2 |  1768 |  4531 |                     0 |
| Y1 |  3325 |  5430 |                     0 |
| Y0 |  6137 |  7676 |                     0 |
+----+-------+-------+-----------------------+


7. Device Cell Placement Summary for Global Clock g1
----------------------------------------------------

+-----------+-----------------+-------------------+-------+-------------+---------------+-------------+----------+----------------+----------+----------------------------------------------------------------------------------------------------------+
| Global Id | Driver Type/Pin | Driver Region (D) | Clock | Period (ns) | Waveform (ns) | Slice Loads | IO Loads | Clocking Loads | GT Loads | Net                                                                                                      |
+-----------+-----------------+-------------------+-------+-------------+---------------+-------------+----------+----------------+----------+----------------------------------------------------------------------------------------------------------+
| g1        | BUFG/O          | n/a               |       |             |               |       25076 |        0 |              0 |        0 | PCSNN_block_design_i/snn_dma_wrapper_0/inst/snn_top_inst/snn_layer_inst/image_buffer_inst/aresetn_0_BUFG |
+-----------+-----------------+-------------------+-------+-------------+---------------+-------------+----------+----------------+----------+----------------------------------------------------------------------------------------------------------+
* Slice Loads column represents load cell count of all cell types other than IO, GT and clock resources
** IO Loads column represents load cell count of IO types
*** Clocking Loads column represents load cell count that are clock resources (global clock buffer, MMCM, PLL, etc)
**** GT Loads column represents load cell count of GT types


+----+-------+-------+-----------------------+
|    | X0    | X1    | HORIZONTAL PROG DELAY |
+----+-------+-------+-----------------------+
| Y2 |  1294 |  4482 |                     0 |
| Y1 |   646 |  5322 |                     0 |
| Y0 |  5680 |  7652 |                     0 |
+----+-------+-------+-----------------------+


8. Clock Region Cell Placement per Global Clock: Region X0Y0
------------------------------------------------------------

+-----------+-------+-----------------+------------+-------------+-----------------+------+-------------+------+-----+----+------+-----+---------+----------------------------------------------------------------------------------------------------------+
| Global Id | Track | Driver Type/Pin | Constraint | Clock Loads | Non-Clock Loads | FF   | Memory LUTs | RAMB | DSP | GT | MMCM | PLL | Hard IP | Net                                                                                                      |
+-----------+-------+-----------------+------------+-------------+-----------------+------+-------------+------+-----+----+------+-----+---------+----------------------------------------------------------------------------------------------------------+
| g0        | n/a   | BUFG/O          | None       |        6137 |               0 | 6116 |           0 |   21 |   0 |  0 |    0 |   0 |       0 | PCSNN_block_design_i/processing_system7_0/inst/FCLK_CLK0                                                 |
| g1        | n/a   | BUFG/O          | None       |           0 |            5680 | 5680 |           0 |    0 |   0 |  0 |    0 |   0 |       0 | PCSNN_block_design_i/snn_dma_wrapper_0/inst/snn_top_inst/snn_layer_inst/image_buffer_inst/aresetn_0_BUFG |
+-----------+-------+-----------------+------------+-------------+-----------------+------+-------------+------+-----+----+------+-----+---------+----------------------------------------------------------------------------------------------------------+
* Clock Loads column represents cell count of net connects that connect to a clock pin. Internal cell leaf pins are not considered
** Non-Clock Loads column represents cell count of non-clock pin loads
*** Columns FF, LUTRAM, RAMB through 'Hard IP' represents load cell counts


9. Clock Region Cell Placement per Global Clock: Region X1Y0
------------------------------------------------------------

+-----------+-------+-----------------+------------+-------------+-----------------+------+-------------+------+-----+----+------+-----+---------+----------------------------------------------------------------------------------------------------------+
| Global Id | Track | Driver Type/Pin | Constraint | Clock Loads | Non-Clock Loads | FF   | Memory LUTs | RAMB | DSP | GT | MMCM | PLL | Hard IP | Net                                                                                                      |
+-----------+-------+-----------------+------------+-------------+-----------------+------+-------------+------+-----+----+------+-----+---------+----------------------------------------------------------------------------------------------------------+
| g0        | n/a   | BUFG/O          | None       |        7676 |               0 | 7653 |           0 |   23 |   0 |  0 |    0 |   0 |       0 | PCSNN_block_design_i/processing_system7_0/inst/FCLK_CLK0                                                 |
| g1        | n/a   | BUFG/O          | None       |           0 |            7652 | 7652 |           0 |    0 |   0 |  0 |    0 |   0 |       0 | PCSNN_block_design_i/snn_dma_wrapper_0/inst/snn_top_inst/snn_layer_inst/image_buffer_inst/aresetn_0_BUFG |
+-----------+-------+-----------------+------------+-------------+-----------------+------+-------------+------+-----+----+------+-----+---------+----------------------------------------------------------------------------------------------------------+
* Clock Loads column represents cell count of net connects that connect to a clock pin. Internal cell leaf pins are not considered
** Non-Clock Loads column represents cell count of non-clock pin loads
*** Columns FF, LUTRAM, RAMB through 'Hard IP' represents load cell counts


10. Clock Region Cell Placement per Global Clock: Region X0Y1
-------------------------------------------------------------

+-----------+-------+-----------------+------------+-------------+-----------------+------+-------------+------+-----+----+------+-----+---------+----------------------------------------------------------------------------------------------------------+
| Global Id | Track | Driver Type/Pin | Constraint | Clock Loads | Non-Clock Loads | FF   | Memory LUTs | RAMB | DSP | GT | MMCM | PLL | Hard IP | Net                                                                                                      |
+-----------+-------+-----------------+------------+-------------+-----------------+------+-------------+------+-----+----+------+-----+---------+----------------------------------------------------------------------------------------------------------+
| g0        | n/a   | BUFG/O          | None       |        3325 |               0 | 3137 |         178 |   10 |   0 |  0 |    0 |   0 |       0 | PCSNN_block_design_i/processing_system7_0/inst/FCLK_CLK0                                                 |
| g1        | n/a   | BUFG/O          | None       |           0 |             646 |  646 |           0 |    0 |   0 |  0 |    0 |   0 |       0 | PCSNN_block_design_i/snn_dma_wrapper_0/inst/snn_top_inst/snn_layer_inst/image_buffer_inst/aresetn_0_BUFG |
+-----------+-------+-----------------+------------+-------------+-----------------+------+-------------+------+-----+----+------+-----+---------+----------------------------------------------------------------------------------------------------------+
* Clock Loads column represents cell count of net connects that connect to a clock pin. Internal cell leaf pins are not considered
** Non-Clock Loads column represents cell count of non-clock pin loads
*** Columns FF, LUTRAM, RAMB through 'Hard IP' represents load cell counts


11. Clock Region Cell Placement per Global Clock: Region X1Y1
-------------------------------------------------------------

+-----------+-------+-----------------+------------+-------------+-----------------+------+-------------+------+-----+----+------+-----+---------+----------------------------------------------------------------------------------------------------------+
| Global Id | Track | Driver Type/Pin | Constraint | Clock Loads | Non-Clock Loads | FF   | Memory LUTs | RAMB | DSP | GT | MMCM | PLL | Hard IP | Net                                                                                                      |
+-----------+-------+-----------------+------------+-------------+-----------------+------+-------------+------+-----+----+------+-----+---------+----------------------------------------------------------------------------------------------------------+
| g0        | n/a   | BUFG/O          | None       |        5430 |               0 | 5385 |          15 |   30 |   0 |  0 |    0 |   0 |       0 | PCSNN_block_design_i/processing_system7_0/inst/FCLK_CLK0                                                 |
| g1        | n/a   | BUFG/O          | None       |           0 |            5322 | 5322 |           0 |    0 |   0 |  0 |    0 |   0 |       0 | PCSNN_block_design_i/snn_dma_wrapper_0/inst/snn_top_inst/snn_layer_inst/image_buffer_inst/aresetn_0_BUFG |
+-----------+-------+-----------------+------------+-------------+-----------------+------+-------------+------+-----+----+------+-----+---------+----------------------------------------------------------------------------------------------------------+
* Clock Loads column represents cell count of net connects that connect to a clock pin. Internal cell leaf pins are not considered
** Non-Clock Loads column represents cell count of non-clock pin loads
*** Columns FF, LUTRAM, RAMB through 'Hard IP' represents load cell counts


12. Clock Region Cell Placement per Global Clock: Region X0Y2
-------------------------------------------------------------

+-----------+-------+-----------------+------------+-------------+-----------------+------+-------------+------+-----+----+------+-----+---------+----------------------------------------------------------------------------------------------------------+
| Global Id | Track | Driver Type/Pin | Constraint | Clock Loads | Non-Clock Loads | FF   | Memory LUTs | RAMB | DSP | GT | MMCM | PLL | Hard IP | Net                                                                                                      |
+-----------+-------+-----------------+------------+-------------+-----------------+------+-------------+------+-----+----+------+-----+---------+----------------------------------------------------------------------------------------------------------+
| g0        | n/a   | BUFG/O          | None       |        1768 |               0 | 1757 |           2 |    8 |   0 |  0 |    0 |   0 |       0 | PCSNN_block_design_i/processing_system7_0/inst/FCLK_CLK0                                                 |
| g1        | n/a   | BUFG/O          | None       |           0 |            1294 | 1294 |           0 |    0 |   0 |  0 |    0 |   0 |       0 | PCSNN_block_design_i/snn_dma_wrapper_0/inst/snn_top_inst/snn_layer_inst/image_buffer_inst/aresetn_0_BUFG |
+-----------+-------+-----------------+------------+-------------+-----------------+------+-------------+------+-----+----+------+-----+---------+----------------------------------------------------------------------------------------------------------+
* Clock Loads column represents cell count of net connects that connect to a clock pin. Internal cell leaf pins are not considered
** Non-Clock Loads column represents cell count of non-clock pin loads
*** Columns FF, LUTRAM, RAMB through 'Hard IP' represents load cell counts


13. Clock Region Cell Placement per Global Clock: Region X1Y2
-------------------------------------------------------------

+-----------+-------+-----------------+------------+-------------+-----------------+------+-------------+------+-----+----+------+-----+---------+----------------------------------------------------------------------------------------------------------+
| Global Id | Track | Driver Type/Pin | Constraint | Clock Loads | Non-Clock Loads | FF   | Memory LUTs | RAMB | DSP | GT | MMCM | PLL | Hard IP | Net                                                                                                      |
+-----------+-------+-----------------+------------+-------------+-----------------+------+-------------+------+-----+----+------+-----+---------+----------------------------------------------------------------------------------------------------------+
| g0        | n/a   | BUFG/O          | None       |        4531 |               0 | 4507 |           0 |   24 |   0 |  0 |    0 |   0 |       0 | PCSNN_block_design_i/processing_system7_0/inst/FCLK_CLK0                                                 |
| g1        | n/a   | BUFG/O          | None       |           0 |            4482 | 4482 |           0 |    0 |   0 |  0 |    0 |   0 |       0 | PCSNN_block_design_i/snn_dma_wrapper_0/inst/snn_top_inst/snn_layer_inst/image_buffer_inst/aresetn_0_BUFG |
+-----------+-------+-----------------+------------+-------------+-----------------+------+-------------+------+-----+----+------+-----+---------+----------------------------------------------------------------------------------------------------------+
* Clock Loads column represents cell count of net connects that connect to a clock pin. Internal cell leaf pins are not considered
** Non-Clock Loads column represents cell count of non-clock pin loads
*** Columns FF, LUTRAM, RAMB through 'Hard IP' represents load cell counts



# Location of BUFG Primitives 
set_property LOC BUFGCTRL_X0Y17 [get_cells PCSNN_block_design_i/snn_dma_wrapper_0/inst/snn_top_inst/snn_layer_inst/image_buffer_inst/aresetn_0_BUFG_inst]
set_property LOC BUFGCTRL_X0Y16 [get_cells PCSNN_block_design_i/processing_system7_0/inst/buffer_fclk_clk_0.FCLK_CLK_0_BUFG]

# Location of IO Primitives which is load of clock spine

# Location of clock ports

# Clock net "PCSNN_block_design_i/snn_dma_wrapper_0/inst/snn_top_inst/snn_layer_inst/image_buffer_inst/aresetn_0_BUFG" driven by instance "PCSNN_block_design_i/snn_dma_wrapper_0/inst/snn_top_inst/snn_layer_inst/image_buffer_inst/aresetn_0_BUFG_inst" located at site "BUFGCTRL_X0Y17"
#startgroup
create_pblock {CLKAG_PCSNN_block_design_i/snn_dma_wrapper_0/inst/snn_top_inst/snn_layer_inst/image_buffer_inst/aresetn_0_BUFG}
add_cells_to_pblock [get_pblocks  {CLKAG_PCSNN_block_design_i/snn_dma_wrapper_0/inst/snn_top_inst/snn_layer_inst/image_buffer_inst/aresetn_0_BUFG}] [get_cells -filter { PRIMITIVE_GROUP != I/O && IS_PRIMITIVE==1 && PRIMITIVE_LEVEL !=INTERNAL } -of_object [get_pins -filter {DIRECTION==IN} -of_objects [get_nets -hierarchical -filter {PARENT=="PCSNN_block_design_i/snn_dma_wrapper_0/inst/snn_top_inst/snn_layer_inst/image_buffer_inst/aresetn_0_BUFG"}]]]
resize_pblock [get_pblocks {CLKAG_PCSNN_block_design_i/snn_dma_wrapper_0/inst/snn_top_inst/snn_layer_inst/image_buffer_inst/aresetn_0_BUFG}] -add {CLOCKREGION_X0Y0:CLOCKREGION_X0Y0 CLOCKREGION_X0Y1:CLOCKREGION_X0Y1 CLOCKREGION_X0Y2:CLOCKREGION_X0Y2 CLOCKREGION_X1Y0:CLOCKREGION_X1Y0 CLOCKREGION_X1Y1:CLOCKREGION_X1Y1 CLOCKREGION_X1Y2:CLOCKREGION_X1Y2}
#endgroup

# Clock net "PCSNN_block_design_i/processing_system7_0/inst/FCLK_CLK0" driven by instance "PCSNN_block_design_i/processing_system7_0/inst/buffer_fclk_clk_0.FCLK_CLK_0_BUFG" located at site "BUFGCTRL_X0Y16"
#startgroup
create_pblock {CLKAG_PCSNN_block_design_i/processing_system7_0/inst/FCLK_CLK0}
add_cells_to_pblock [get_pblocks  {CLKAG_PCSNN_block_design_i/processing_system7_0/inst/FCLK_CLK0}] [get_cells -filter { PRIMITIVE_GROUP != I/O && IS_PRIMITIVE==1 && PRIMITIVE_LEVEL !=INTERNAL } -of_object [get_pins -filter {DIRECTION==IN} -of_objects [get_nets -hierarchical -filter {PARENT=="PCSNN_block_design_i/processing_system7_0/inst/FCLK_CLK0"}]]]
resize_pblock [get_pblocks {CLKAG_PCSNN_block_design_i/processing_system7_0/inst/FCLK_CLK0}] -add {CLOCKREGION_X0Y0:CLOCKREGION_X0Y0 CLOCKREGION_X0Y1:CLOCKREGION_X0Y1 CLOCKREGION_X0Y2:CLOCKREGION_X0Y2 CLOCKREGION_X1Y0:CLOCKREGION_X1Y0 CLOCKREGION_X1Y1:CLOCKREGION_X1Y1 CLOCKREGION_X1Y2:CLOCKREGION_X1Y2}
#endgroup
