
*** Running vivado
    with args -log PCSNN_block_design_wrapper.vdi -applog -m64 -product Vivado -messageDb vivado.pb -mode batch -source PCSNN_block_design_wrapper.tcl -notrace


****** Vivado v2025.2 (64-bit)
  **** SW Build 6299465 on Fri Nov 14 12:34:56 MST 2025
  **** IP Build 6300035 on Fri Nov 14 10:48:45 MST 2025
  **** SharedData Build 6298862 on Thu Nov 13 04:50:51 MST 2025
  **** Start of session at: Thu Jun 25 10:31:55 2026
    ** Copyright 1986-2022 Xilinx, Inc. All Rights Reserved.
    ** Copyright 2022-2025 Advanced Micro Devices, Inc. All Rights Reserved.

source PCSNN_block_design_wrapper.tcl -notrace
INFO: [IP_Flow 19-234] Refreshing IP repositories
INFO: [IP_Flow 19-1704] No user IP repositories specified
INFO: [IP_Flow 19-2313] Loaded Vivado IP repository '/home/ivanyuchen/2025.2/data/ip'.
Command: link_design -top PCSNN_block_design_wrapper -part xc7z020clg400-1
Design is defaulting to srcset: sources_1
Design is defaulting to constrset: constrs_1
INFO: [Device 21-403] Loading part xc7z020clg400-1
INFO: [Project 1-5699] Read binary netlist with skipMacroContent - 1
INFO: [Project 1-454] Reading design checkpoint '/home/ivanyuchen/CODING_FILES/VERILOG/PCSNN/PCSNN.gen/sources_1/bd/PCSNN_block_design/ip/PCSNN_block_design_axi_dma_0_0/PCSNN_block_design_axi_dma_0_0.dcp' for cell 'PCSNN_block_design_i/axi_dma_0'
INFO: [Project 1-454] Reading design checkpoint '/home/ivanyuchen/CODING_FILES/VERILOG/PCSNN/PCSNN.gen/sources_1/bd/PCSNN_block_design/ip/PCSNN_block_design_axi_smc_0/PCSNN_block_design_axi_smc_0.dcp' for cell 'PCSNN_block_design_i/axi_smc'
INFO: [Project 1-454] Reading design checkpoint '/home/ivanyuchen/CODING_FILES/VERILOG/PCSNN/PCSNN.gen/sources_1/bd/PCSNN_block_design/ip/PCSNN_block_design_processing_system7_0_0/PCSNN_block_design_processing_system7_0_0.dcp' for cell 'PCSNN_block_design_i/processing_system7_0'
INFO: [Project 1-454] Reading design checkpoint '/home/ivanyuchen/CODING_FILES/VERILOG/PCSNN/PCSNN.gen/sources_1/bd/PCSNN_block_design/ip/PCSNN_block_design_rst_ps7_0_100M_0/PCSNN_block_design_rst_ps7_0_100M_0.dcp' for cell 'PCSNN_block_design_i/rst_ps7_0_100M'
INFO: [Project 1-454] Reading design checkpoint '/home/ivanyuchen/CODING_FILES/VERILOG/PCSNN/PCSNN.gen/sources_1/bd/PCSNN_block_design/ip/PCSNN_block_design_snn_dma_wrapper_0_0/PCSNN_block_design_snn_dma_wrapper_0_0.dcp' for cell 'PCSNN_block_design_i/snn_dma_wrapper_0'
INFO: [Project 1-454] Reading design checkpoint '/home/ivanyuchen/CODING_FILES/VERILOG/PCSNN/PCSNN.gen/sources_1/bd/PCSNN_block_design/ip/PCSNN_block_design_axi_mem_intercon_imp_xbar_0/PCSNN_block_design_axi_mem_intercon_imp_xbar_0.dcp' for cell 'PCSNN_block_design_i/axi_mem_intercon/xbar'
INFO: [Project 1-454] Reading design checkpoint '/home/ivanyuchen/CODING_FILES/VERILOG/PCSNN/PCSNN.gen/sources_1/bd/PCSNN_block_design/ip/PCSNN_block_design_axi_mem_intercon_imp_auto_pc_0/PCSNN_block_design_axi_mem_intercon_imp_auto_pc_0.dcp' for cell 'PCSNN_block_design_i/axi_mem_intercon/m00_couplers/auto_pc'
INFO: [Project 1-454] Reading design checkpoint '/home/ivanyuchen/CODING_FILES/VERILOG/PCSNN/PCSNN.gen/sources_1/bd/PCSNN_block_design/ip/PCSNN_block_design_axi_mem_intercon_imp_auto_us_0/PCSNN_block_design_axi_mem_intercon_imp_auto_us_0.dcp' for cell 'PCSNN_block_design_i/axi_mem_intercon/s00_couplers/auto_us'
INFO: [Project 1-454] Reading design checkpoint '/home/ivanyuchen/CODING_FILES/VERILOG/PCSNN/PCSNN.gen/sources_1/bd/PCSNN_block_design/ip/PCSNN_block_design_axi_mem_intercon_imp_auto_us_1/PCSNN_block_design_axi_mem_intercon_imp_auto_us_1.dcp' for cell 'PCSNN_block_design_i/axi_mem_intercon/s01_couplers/auto_us'
Netlist sorting complete. Time (s): cpu = 00:00:00.34 ; elapsed = 00:00:00.35 . Memory (MB): peak = 1949.914 ; gain = 0.000 ; free physical = 11263 ; free virtual = 30152
INFO: [Netlist 29-17] Analyzing 5920 Unisim elements for replacement
INFO: [Netlist 29-28] Unisim Transformation completed in 0 CPU seconds
INFO: [Project 1-479] Netlist was created with Vivado 2025.2
INFO: [Project 1-570] Preparing netlist for logic optimization
Parsing XDC File [/home/ivanyuchen/CODING_FILES/VERILOG/PCSNN/PCSNN.gen/sources_1/bd/PCSNN_block_design/ip/PCSNN_block_design_processing_system7_0_0/PCSNN_block_design_processing_system7_0_0.xdc] for cell 'PCSNN_block_design_i/processing_system7_0/inst'
Finished Parsing XDC File [/home/ivanyuchen/CODING_FILES/VERILOG/PCSNN/PCSNN.gen/sources_1/bd/PCSNN_block_design/ip/PCSNN_block_design_processing_system7_0_0/PCSNN_block_design_processing_system7_0_0.xdc] for cell 'PCSNN_block_design_i/processing_system7_0/inst'
Parsing XDC File [/home/ivanyuchen/CODING_FILES/VERILOG/PCSNN/PCSNN.gen/sources_1/bd/PCSNN_block_design/ip/PCSNN_block_design_axi_dma_0_0/PCSNN_block_design_axi_dma_0_0.xdc] for cell 'PCSNN_block_design_i/axi_dma_0/U0'
Finished Parsing XDC File [/home/ivanyuchen/CODING_FILES/VERILOG/PCSNN/PCSNN.gen/sources_1/bd/PCSNN_block_design/ip/PCSNN_block_design_axi_dma_0_0/PCSNN_block_design_axi_dma_0_0.xdc] for cell 'PCSNN_block_design_i/axi_dma_0/U0'
Parsing XDC File [/home/ivanyuchen/CODING_FILES/VERILOG/PCSNN/PCSNN.gen/sources_1/bd/PCSNN_block_design/ip/PCSNN_block_design_axi_smc_0/bd_0/ip/ip_1/bd_cc28_psr_aclk_0_board.xdc] for cell 'PCSNN_block_design_i/axi_smc/inst/clk_map/psr_aclk/U0'
Finished Parsing XDC File [/home/ivanyuchen/CODING_FILES/VERILOG/PCSNN/PCSNN.gen/sources_1/bd/PCSNN_block_design/ip/PCSNN_block_design_axi_smc_0/bd_0/ip/ip_1/bd_cc28_psr_aclk_0_board.xdc] for cell 'PCSNN_block_design_i/axi_smc/inst/clk_map/psr_aclk/U0'
Parsing XDC File [/home/ivanyuchen/CODING_FILES/VERILOG/PCSNN/PCSNN.gen/sources_1/bd/PCSNN_block_design/ip/PCSNN_block_design_axi_smc_0/smartconnect.xdc] for cell 'PCSNN_block_design_i/axi_smc/inst'
Finished Parsing XDC File [/home/ivanyuchen/CODING_FILES/VERILOG/PCSNN/PCSNN.gen/sources_1/bd/PCSNN_block_design/ip/PCSNN_block_design_axi_smc_0/smartconnect.xdc] for cell 'PCSNN_block_design_i/axi_smc/inst'
Parsing XDC File [/home/ivanyuchen/CODING_FILES/VERILOG/PCSNN/PCSNN.gen/sources_1/bd/PCSNN_block_design/ip/PCSNN_block_design_rst_ps7_0_100M_0/PCSNN_block_design_rst_ps7_0_100M_0_board.xdc] for cell 'PCSNN_block_design_i/rst_ps7_0_100M/U0'
Finished Parsing XDC File [/home/ivanyuchen/CODING_FILES/VERILOG/PCSNN/PCSNN.gen/sources_1/bd/PCSNN_block_design/ip/PCSNN_block_design_rst_ps7_0_100M_0/PCSNN_block_design_rst_ps7_0_100M_0_board.xdc] for cell 'PCSNN_block_design_i/rst_ps7_0_100M/U0'
Parsing XDC File [/home/ivanyuchen/CODING_FILES/VERILOG/PCSNN/PCSNN.gen/sources_1/bd/PCSNN_block_design/ip/PCSNN_block_design_axi_dma_0_0/PCSNN_block_design_axi_dma_0_0_clocks.xdc] for cell 'PCSNN_block_design_i/axi_dma_0/U0'
Finished Parsing XDC File [/home/ivanyuchen/CODING_FILES/VERILOG/PCSNN/PCSNN.gen/sources_1/bd/PCSNN_block_design/ip/PCSNN_block_design_axi_dma_0_0/PCSNN_block_design_axi_dma_0_0_clocks.xdc] for cell 'PCSNN_block_design_i/axi_dma_0/U0'
Parsing XDC File [/home/ivanyuchen/CODING_FILES/VERILOG/PCSNN/PCSNN.gen/sources_1/bd/PCSNN_block_design/ip/PCSNN_block_design_axi_mem_intercon_imp_auto_us_0/PCSNN_block_design_axi_mem_intercon_imp_auto_us_0_clocks.xdc] for cell 'PCSNN_block_design_i/axi_mem_intercon/s00_couplers/auto_us/inst'
Finished Parsing XDC File [/home/ivanyuchen/CODING_FILES/VERILOG/PCSNN/PCSNN.gen/sources_1/bd/PCSNN_block_design/ip/PCSNN_block_design_axi_mem_intercon_imp_auto_us_0/PCSNN_block_design_axi_mem_intercon_imp_auto_us_0_clocks.xdc] for cell 'PCSNN_block_design_i/axi_mem_intercon/s00_couplers/auto_us/inst'
Parsing XDC File [/home/ivanyuchen/CODING_FILES/VERILOG/PCSNN/PCSNN.gen/sources_1/bd/PCSNN_block_design/ip/PCSNN_block_design_axi_mem_intercon_imp_auto_us_1/PCSNN_block_design_axi_mem_intercon_imp_auto_us_1_clocks.xdc] for cell 'PCSNN_block_design_i/axi_mem_intercon/s01_couplers/auto_us/inst'
Finished Parsing XDC File [/home/ivanyuchen/CODING_FILES/VERILOG/PCSNN/PCSNN.gen/sources_1/bd/PCSNN_block_design/ip/PCSNN_block_design_axi_mem_intercon_imp_auto_us_1/PCSNN_block_design_axi_mem_intercon_imp_auto_us_1_clocks.xdc] for cell 'PCSNN_block_design_i/axi_mem_intercon/s01_couplers/auto_us/inst'
INFO: [Project 1-1714] 26 XPM XDC files have been applied to the design.
INFO: [Opt 31-138] Pushed 0 inverter(s) to 0 load pin(s).
Netlist sorting complete. Time (s): cpu = 00:00:00.01 ; elapsed = 00:00:00.01 . Memory (MB): peak = 2744.066 ; gain = 0.000 ; free physical = 10807 ; free virtual = 29701
INFO: [Project 1-111] Unisim Transformation Summary:
  A total of 5 instances were transformed.
  RAM32M => RAM32M (RAMD32(x6), RAMS32(x2)): 4 instances
  RAM32X1D => RAM32X1D (RAMD32(x2)): 1 instance 

21 Infos, 0 Warnings, 0 Critical Warnings and 0 Errors encountered.
link_design completed successfully
link_design: Time (s): cpu = 00:00:21 ; elapsed = 00:00:18 . Memory (MB): peak = 2744.102 ; gain = 1122.625 ; free physical = 10814 ; free virtual = 29708
Command: opt_design
Attempting to get a license for feature 'Implementation' and/or device 'xc7z020'
INFO: [Common 17-349] Got license for feature 'Implementation' and/or device 'xc7z020'
Running DRC as a precondition to command opt_design

Starting DRC Task
INFO: [DRC 23-27] Running DRC with 8 threads
INFO: [Project 1-461] DRC finished with 0 Errors
INFO: [Project 1-462] Please refer to the DRC report (report_drc) for more information.

Time (s): cpu = 00:00:00.94 ; elapsed = 00:00:00.36 . Memory (MB): peak = 2744.102 ; gain = 0.000 ; free physical = 10801 ; free virtual = 29695

Starting Cache Timing Information Task
INFO: [Timing 38-35] Done setting XDC timing constraints.
Ending Cache Timing Information Task | Checksum: 23507ce9b

Time (s): cpu = 00:00:03 ; elapsed = 00:00:00.96 . Memory (MB): peak = 2744.102 ; gain = 0.000 ; free physical = 10723 ; free virtual = 29617

Starting Logic Optimization Task

Phase 1 Initialization

Phase 1.1 Core Generation And Design Setup
Phase 1.1 Core Generation And Design Setup | Checksum: 23507ce9b

Time (s): cpu = 00:00:00.05 ; elapsed = 00:00:00.04 . Memory (MB): peak = 3091.879 ; gain = 0.000 ; free physical = 10354 ; free virtual = 29243

Phase 1.2 Setup Constraints And Sort Netlist
Phase 1.2 Setup Constraints And Sort Netlist | Checksum: 23507ce9b

Time (s): cpu = 00:00:00.08 ; elapsed = 00:00:00.07 . Memory (MB): peak = 3091.879 ; gain = 0.000 ; free physical = 10353 ; free virtual = 29242
Phase 1 Initialization | Checksum: 23507ce9b

Time (s): cpu = 00:00:00.08 ; elapsed = 00:00:00.08 . Memory (MB): peak = 3091.879 ; gain = 0.000 ; free physical = 10353 ; free virtual = 29242

Phase 2 Timer Update And Timing Data Collection

Phase 2.1 Detect if minReqCache needed
Phase 2.1 Detect if minReqCache needed | Checksum: 23507ce9b

Time (s): cpu = 00:00:00.11 ; elapsed = 00:00:00.11 . Memory (MB): peak = 3110.848 ; gain = 18.969 ; free physical = 10342 ; free virtual = 29231

Phase 2.2 Timer Update
Phase 2.2 Timer Update | Checksum: 23507ce9b

Time (s): cpu = 00:00:03 ; elapsed = 00:00:00.69 . Memory (MB): peak = 3110.848 ; gain = 18.969 ; free physical = 10322 ; free virtual = 29212

Phase 2.3 Timing Data Collection
Phase 2.3 Timing Data Collection | Checksum: 23507ce9b

Time (s): cpu = 00:00:03 ; elapsed = 00:00:00.71 . Memory (MB): peak = 3110.848 ; gain = 18.969 ; free physical = 10322 ; free virtual = 29212
Phase 2 Timer Update And Timing Data Collection | Checksum: 23507ce9b

Time (s): cpu = 00:00:03 ; elapsed = 00:00:00.72 . Memory (MB): peak = 3110.848 ; gain = 18.969 ; free physical = 10322 ; free virtual = 29212

Phase 3 Retarget
INFO: [Opt 31-1851] Number of loadless carry chains removed were: 0
INFO: [Opt 31-1834] Total Chains To Be Transformed Were: 0 AND Number of Transformed insts Created are: 0
INFO: [Opt 31-1566] Pulled 9 inverters resulting in an inversion of 889 pins
INFO: [Opt 31-138] Pushed 12 inverter(s) to 38 load pin(s).
INFO: [Opt 31-49] Retargeted 0 cell(s).
Phase 3 Retarget | Checksum: 143d6efd1

Time (s): cpu = 00:00:04 ; elapsed = 00:00:02 . Memory (MB): peak = 3110.848 ; gain = 18.969 ; free physical = 10313 ; free virtual = 29202
Retarget | Checksum: 143d6efd1
INFO: [Opt 31-389] Phase Retarget created 230 cells and removed 321 cells
INFO: [Opt 31-1021] In phase Retarget, 47 netlist objects are constrained preventing optimization. Please run opt_design with -debug_log to get more detail. 

Phase 4 Constant propagation
INFO: [Opt 31-138] Pushed 5 inverter(s) to 12 load pin(s).
Phase 4 Constant propagation | Checksum: 15360a069

Time (s): cpu = 00:00:04 ; elapsed = 00:00:02 . Memory (MB): peak = 3110.848 ; gain = 18.969 ; free physical = 10306 ; free virtual = 29195
Constant propagation | Checksum: 15360a069
INFO: [Opt 31-389] Phase Constant propagation created 362 cells and removed 925 cells
INFO: [Opt 31-1021] In phase Constant propagation, 47 netlist objects are constrained preventing optimization. Please run opt_design with -debug_log to get more detail. 

Phase 5 Sweep
INFO: [Constraints 18-11670] Building netlist checker database with flags, 0x8
Done building netlist checker database: Time (s): cpu = 00:00:00.01 ; elapsed = 00:00:00.01 . Memory (MB): peak = 3110.848 ; gain = 0.000 ; free physical = 10307 ; free virtual = 29196
INFO: [Constraints 18-11670] Building netlist checker database with flags, 0x8
Done building netlist checker database: Time (s): cpu = 00:00:00.01 ; elapsed = 00:00:00.01 . Memory (MB): peak = 3110.848 ; gain = 0.000 ; free physical = 10287 ; free virtual = 29176
Phase 5 Sweep | Checksum: 16c880201

Time (s): cpu = 00:00:05 ; elapsed = 00:00:03 . Memory (MB): peak = 3110.848 ; gain = 18.969 ; free physical = 10283 ; free virtual = 29173
Sweep | Checksum: 16c880201
INFO: [Opt 31-389] Phase Sweep created 0 cells and removed 280 cells
INFO: [Opt 31-1021] In phase Sweep, 122 netlist objects are constrained preventing optimization. Please run opt_design with -debug_log to get more detail. 

Phase 6 BUFG optimization
INFO: [Opt 31-129] Inserted BUFG to drive high-fanout reset|set|enable net. BUFG cell: PCSNN_block_design_i/snn_dma_wrapper_0/inst/snn_top_inst/snn_layer_inst/image_buffer_inst/aresetn_0_BUFG_inst, Net: PCSNN_block_design_i/snn_dma_wrapper_0/inst/snn_top_inst/snn_layer_inst/image_buffer_inst/aresetn_0
Phase 6 BUFG optimization | Checksum: 21bc13f85

Time (s): cpu = 00:00:06 ; elapsed = 00:00:04 . Memory (MB): peak = 3142.863 ; gain = 50.984 ; free physical = 10280 ; free virtual = 29169
BUFG optimization | Checksum: 21bc13f85
INFO: [Opt 31-662] Phase BUFG optimization created 1 cells of which 1 are BUFGs and removed 0 cells.

Phase 7 Shift Register Optimization
INFO: [Opt 31-1064] SRL Remap converted 0 SRLs to 0 registers and converted 0 registers of register chains to 0 SRLs
Phase 7 Shift Register Optimization | Checksum: 21bc13f85

Time (s): cpu = 00:00:06 ; elapsed = 00:00:04 . Memory (MB): peak = 3142.863 ; gain = 50.984 ; free physical = 10288 ; free virtual = 29178
Shift Register Optimization | Checksum: 21bc13f85
INFO: [Opt 31-389] Phase Shift Register Optimization created 0 cells and removed 0 cells

Phase 8 Post Processing Netlist
Phase 8 Post Processing Netlist | Checksum: 1fd4c9890

Time (s): cpu = 00:00:06 ; elapsed = 00:00:04 . Memory (MB): peak = 3142.863 ; gain = 50.984 ; free physical = 10288 ; free virtual = 29177
Post Processing Netlist | Checksum: 1fd4c9890
INFO: [Opt 31-389] Phase Post Processing Netlist created 0 cells and removed 0 cells
INFO: [Opt 31-1021] In phase Post Processing Netlist, 53 netlist objects are constrained preventing optimization. Please run opt_design with -debug_log to get more detail. 

Phase 9 Finalization

Phase 9.1 Finalizing Design Cores and Updating Shapes
Phase 9.1 Finalizing Design Cores and Updating Shapes | Checksum: 11f894cf4

Time (s): cpu = 00:00:08 ; elapsed = 00:00:05 . Memory (MB): peak = 3142.863 ; gain = 50.984 ; free physical = 10287 ; free virtual = 29176

Phase 9.2 Verifying Netlist Connectivity

Starting Connectivity Check Task

Time (s): cpu = 00:00:00.09 ; elapsed = 00:00:00.09 . Memory (MB): peak = 3142.863 ; gain = 0.000 ; free physical = 10285 ; free virtual = 29174
Phase 9.2 Verifying Netlist Connectivity | Checksum: 11f894cf4

Time (s): cpu = 00:00:08 ; elapsed = 00:00:05 . Memory (MB): peak = 3142.863 ; gain = 50.984 ; free physical = 10285 ; free virtual = 29174
Phase 9 Finalization | Checksum: 11f894cf4

Time (s): cpu = 00:00:08 ; elapsed = 00:00:05 . Memory (MB): peak = 3142.863 ; gain = 50.984 ; free physical = 10285 ; free virtual = 29174
Opt_design Change Summary
=========================


-------------------------------------------------------------------------------------------------------------------------
|  Phase                        |  #Cells created  |  #Cells Removed  |  #Constrained objects preventing optimizations  |
-------------------------------------------------------------------------------------------------------------------------
|  Retarget                     |             230  |             321  |                                             47  |
|  Constant propagation         |             362  |             925  |                                             47  |
|  Sweep                        |               0  |             280  |                                            122  |
|  BUFG optimization            |               1  |               0  |                                              0  |
|  Shift Register Optimization  |               0  |               0  |                                              0  |
|  Post Processing Netlist      |               0  |               0  |                                             53  |
-------------------------------------------------------------------------------------------------------------------------


Ending Logic Optimization Task | Checksum: 11f894cf4

Time (s): cpu = 00:00:08 ; elapsed = 00:00:05 . Memory (MB): peak = 3142.863 ; gain = 50.984 ; free physical = 10285 ; free virtual = 29174

Starting Power Optimization Task
INFO: [Pwropt 34-132] Skipping clock gating for clocks with a period < 2.00 ns.
INFO: [Timing 38-35] Done setting XDC timing constraints.
Running Vector-less Activity Propagation...

Finished Running Vector-less Activity Propagation
INFO: [Pwropt 34-9] Applying IDT optimizations ...
INFO: [Pwropt 34-10] Applying ODC optimizations ...


Starting PowerOpt Patch Enables Task
INFO: [Pwropt 34-162] WRITE_MODE attribute of 0 BRAM(s) out of a total of 116 has been updated to save power. Run report_power_opt to get a complete listing of the BRAMs updated.
INFO: [Pwropt 34-201] Structural ODC has moved 0 WE to EN ports
Number of BRAM Ports augmented: 3 newly gated: 0 Total Ports: 232
Ending PowerOpt Patch Enables Task | Checksum: 19f8acded

Time (s): cpu = 00:00:00.4 ; elapsed = 00:00:00.35 . Memory (MB): peak = 3521.707 ; gain = 0.000 ; free physical = 10052 ; free virtual = 28951
Ending Power Optimization Task | Checksum: 19f8acded

Time (s): cpu = 00:00:36 ; elapsed = 00:00:22 . Memory (MB): peak = 3521.707 ; gain = 378.844 ; free physical = 10052 ; free virtual = 28951

Starting Final Cleanup Task
Ending Final Cleanup Task | Checksum: 19f8acded

Time (s): cpu = 00:00:00.01 ; elapsed = 00:00:00.01 . Memory (MB): peak = 3521.707 ; gain = 0.000 ; free physical = 10052 ; free virtual = 28951
Netlist sorting complete. Time (s): cpu = 00:00:00.01 ; elapsed = 00:00:00.01 . Memory (MB): peak = 3521.707 ; gain = 0.000 ; free physical = 10052 ; free virtual = 28951
INFO: [Common 17-83] Releasing license: Implementation
53 Infos, 0 Warnings, 0 Critical Warnings and 0 Errors encountered.
opt_design completed successfully
opt_design: Time (s): cpu = 00:00:50 ; elapsed = 00:00:30 . Memory (MB): peak = 3521.707 ; gain = 777.605 ; free physical = 10052 ; free virtual = 28951
INFO: [Vivado 12-24828] Executing command : report_drc -file PCSNN_block_design_wrapper_drc_opted.rpt -pb PCSNN_block_design_wrapper_drc_opted.pb -rpx PCSNN_block_design_wrapper_drc_opted.rpx
Command: report_drc -file PCSNN_block_design_wrapper_drc_opted.rpt -pb PCSNN_block_design_wrapper_drc_opted.pb -rpx PCSNN_block_design_wrapper_drc_opted.rpx
INFO: [IP_Flow 19-1839] IP Catalog is up to date.
INFO: [DRC 23-27] Running DRC with 8 threads
INFO: [Vivado_Tcl 2-168] The results of DRC are in file /home/ivanyuchen/CODING_FILES/VERILOG/PCSNN/PCSNN.runs/impl_1/PCSNN_block_design_wrapper_drc_opted.rpt.
report_drc completed successfully
INFO: [Timing 38-480] Writing timing data to binary archive.
Wrote PlaceDB: Time (s): cpu = 00:00:00 ; elapsed = 00:00:00 . Memory (MB): peak = 3521.707 ; gain = 0.000 ; free physical = 10048 ; free virtual = 28947
Wrote PulsedLatchDB: Time (s): cpu = 00:00:00 ; elapsed = 00:00:00 . Memory (MB): peak = 3521.707 ; gain = 0.000 ; free physical = 10048 ; free virtual = 28947
Writing XDEF routing.
Writing XDEF routing logical nets.
Writing XDEF routing special nets.
Wrote RouteStorage: Time (s): cpu = 00:00:00.43 ; elapsed = 00:00:00.09 . Memory (MB): peak = 3521.707 ; gain = 0.000 ; free physical = 10045 ; free virtual = 28955
Write ShapeDB Complete: Time (s): cpu = 00:00:00.43 ; elapsed = 00:00:00.09 . Memory (MB): peak = 3521.707 ; gain = 0.000 ; free physical = 10045 ; free virtual = 28955
Wrote PlaceStorage: Time (s): cpu = 00:00:00.02 ; elapsed = 00:00:00.01 . Memory (MB): peak = 3521.707 ; gain = 0.000 ; free physical = 10045 ; free virtual = 28955
Wrote Netlist Cache: Time (s): cpu = 00:00:00 ; elapsed = 00:00:00 . Memory (MB): peak = 3521.707 ; gain = 0.000 ; free physical = 10045 ; free virtual = 28955
Wrote Device Cache: Time (s): cpu = 00:00:00.02 ; elapsed = 00:00:00 . Memory (MB): peak = 3521.707 ; gain = 0.000 ; free physical = 10045 ; free virtual = 28956
Write Physdb Complete: Time (s): cpu = 00:00:00.48 ; elapsed = 00:00:00.11 . Memory (MB): peak = 3521.707 ; gain = 0.000 ; free physical = 10045 ; free virtual = 28956
INFO: [Common 17-1381] The checkpoint '/home/ivanyuchen/CODING_FILES/VERILOG/PCSNN/PCSNN.runs/impl_1/PCSNN_block_design_wrapper_opt.dcp' has been generated.
Command: place_design
Attempting to get a license for feature 'Implementation' and/or device 'xc7z020'
INFO: [Common 17-349] Got license for feature 'Implementation' and/or device 'xc7z020'
INFO: [Common 17-83] Releasing license: Implementation
INFO: [DRC 23-27] Running DRC with 8 threads
INFO: [Vivado_Tcl 4-198] DRC finished with 0 Errors
INFO: [Vivado_Tcl 4-199] Please refer to the DRC report (report_drc) for more information.
INFO: [Timing 38-35] Done setting XDC timing constraints.
Running DRC as a precondition to command place_design
INFO: [DRC 23-27] Running DRC with 8 threads
INFO: [Vivado_Tcl 4-198] DRC finished with 0 Errors, 21 Warnings
INFO: [Vivado_Tcl 4-199] Please refer to the DRC report (report_drc) for more information.
INFO: [Place 30-611] Multithreading enabled for place_design using a maximum of 8 CPUs

Starting Placer Task

Phase 1 Placer Initialization

Phase 1.1 Placer Initialization Netlist Sorting
Netlist sorting complete. Time (s): cpu = 00:00:00.01 ; elapsed = 00:00:00.01 . Memory (MB): peak = 3657.770 ; gain = 0.000 ; free physical = 9832 ; free virtual = 28740
Phase 1.1 Placer Initialization Netlist Sorting | Checksum: 1389ecccd

Time (s): cpu = 00:00:00.03 ; elapsed = 00:00:00.03 . Memory (MB): peak = 3657.770 ; gain = 0.000 ; free physical = 9832 ; free virtual = 28740
Netlist sorting complete. Time (s): cpu = 00:00:00.01 ; elapsed = 00:00:00.01 . Memory (MB): peak = 3657.770 ; gain = 0.000 ; free physical = 9832 ; free virtual = 28740

Phase 1.2 IO Placement/ Clock Placement/ Build Placer Device
Phase 1.2 IO Placement/ Clock Placement/ Build Placer Device | Checksum: 6034477e

Time (s): cpu = 00:00:04 ; elapsed = 00:00:02 . Memory (MB): peak = 3657.770 ; gain = 0.000 ; free physical = 9879 ; free virtual = 28788

Phase 1.3 Build Placer Netlist Model
Phase 1.3 Build Placer Netlist Model | Checksum: 1c911ca60

Time (s): cpu = 00:00:23 ; elapsed = 00:00:09 . Memory (MB): peak = 3657.770 ; gain = 0.000 ; free physical = 9755 ; free virtual = 28662

Phase 1.4 Constrain Clocks/Macros
Phase 1.4 Constrain Clocks/Macros | Checksum: 1c911ca60

Time (s): cpu = 00:00:23 ; elapsed = 00:00:09 . Memory (MB): peak = 3657.770 ; gain = 0.000 ; free physical = 9753 ; free virtual = 28660
Phase 1 Placer Initialization | Checksum: 1c911ca60

Time (s): cpu = 00:00:23 ; elapsed = 00:00:09 . Memory (MB): peak = 3657.770 ; gain = 0.000 ; free physical = 9752 ; free virtual = 28658

Phase 2 Global Placement

Phase 2.1 Floorplanning
Phase 2.1 Floorplanning | Checksum: 14dae2946

Time (s): cpu = 00:00:32 ; elapsed = 00:00:11 . Memory (MB): peak = 3657.770 ; gain = 0.000 ; free physical = 9789 ; free virtual = 28696

Phase 2.2 Update Timing before SLR Path Opt
Phase 2.2 Update Timing before SLR Path Opt | Checksum: 21afa43a1

Time (s): cpu = 00:00:43 ; elapsed = 00:00:13 . Memory (MB): peak = 3657.770 ; gain = 0.000 ; free physical = 9802 ; free virtual = 28708

Phase 2.3 Post-Processing in Floorplanning
Phase 2.3 Post-Processing in Floorplanning | Checksum: 21afa43a1

Time (s): cpu = 00:00:43 ; elapsed = 00:00:13 . Memory (MB): peak = 3657.770 ; gain = 0.000 ; free physical = 9802 ; free virtual = 28708

Phase 2.4 Global Place Phase1
Phase 2.4 Global Place Phase1 | Checksum: 1628c949b

Time (s): cpu = 00:01:46 ; elapsed = 00:00:35 . Memory (MB): peak = 3657.770 ; gain = 0.000 ; free physical = 9983 ; free virtual = 28890

Phase 2.5 Global Place Phase2

Phase 2.5.1 UpdateTiming Before Physical Synthesis
Phase 2.5.1 UpdateTiming Before Physical Synthesis | Checksum: 1de19167c

Time (s): cpu = 00:01:57 ; elapsed = 00:00:37 . Memory (MB): peak = 3657.770 ; gain = 0.000 ; free physical = 9996 ; free virtual = 28903

Phase 2.5.2 Physical Synthesis In Placer
INFO: [Physopt 32-1035] Found 0 LUTNM shape to break, 4083 LUT instances to create LUTNM shape
INFO: [Physopt 32-1044] Break lutnm for timing: one critical 0, two critical 0, total 0, new lutff created 0
INFO: [Physopt 32-1138] End 1 Pass. Optimized 1661 nets or LUTs. Breaked 0 LUT, combined 1661 existing LUTs and moved 0 existing LUT
INFO: [Physopt 32-1408] Pass 1. Identified 1 candidate net for high-fanout optimization.
INFO: [Physopt 32-81] Processed net PCSNN_block_design_i/snn_dma_wrapper_0/inst/snn_top_inst/snn_layer_inst/pixel_addr[3]. Replicated 11 times.
INFO: [Physopt 32-232] Optimized 1 net. Created 11 new instances.
INFO: [Physopt 32-775] End 1 Pass. Optimized 1 net or cell. Created 11 new cells, deleted 0 existing cell and moved 0 existing cell
Netlist sorting complete. Time (s): cpu = 00:00:00.2 ; elapsed = 00:00:00.2 . Memory (MB): peak = 3657.770 ; gain = 0.000 ; free physical = 10034 ; free virtual = 28938
INFO: [Physopt 32-670] No setup violation found.  DSP Register Optimization was not performed.
INFO: [Physopt 32-670] No setup violation found.  Shift Register to Pipeline Optimization was not performed.
INFO: [Physopt 32-670] No setup violation found.  Shift Register Optimization was not performed.
INFO: [Physopt 32-670] No setup violation found.  BRAM Register Optimization was not performed.
INFO: [Physopt 32-670] No setup violation found.  URAM Register Optimization was not performed.
INFO: [Physopt 32-949] No candidate nets found for dynamic/static region interface net replication
INFO: [Physopt 32-775] End 1 Pass. Optimized 0 net or cell. Created 0 new cell, deleted 0 existing cell and moved 0 existing cell
Netlist sorting complete. Time (s): cpu = 00:00:00.01 ; elapsed = 00:00:00.02 . Memory (MB): peak = 3657.770 ; gain = 0.000 ; free physical = 10034 ; free virtual = 28938

Summary of Physical Synthesis Optimizations
============================================


-----------------------------------------------------------------------------------------------------------------------------------------------------------
|  Optimization                                     |  Added Cells  |  Removed Cells  |  Optimized Cells/Nets  |  Dont Touch  |  Iterations  |  Elapsed   |
-----------------------------------------------------------------------------------------------------------------------------------------------------------
|  LUT Combining                                    |            0  |           1661  |                  1661  |           0  |           1  |  00:00:02  |
|  Retime                                           |            0  |              0  |                     0  |           0  |           1  |  00:00:00  |
|  Very High Fanout                                 |           11  |              0  |                     1  |           0  |           1  |  00:00:01  |
|  DSP Register                                     |            0  |              0  |                     0  |           0  |           0  |  00:00:00  |
|  Shift Register to Pipeline                       |            0  |              0  |                     0  |           0  |           0  |  00:00:00  |
|  Shift Register                                   |            0  |              0  |                     0  |           0  |           0  |  00:00:00  |
|  BRAM Register                                    |            0  |              0  |                     0  |           0  |           0  |  00:00:00  |
|  URAM Register                                    |            0  |              0  |                     0  |           0  |           0  |  00:00:00  |
|  Dynamic/Static Region Interface Net Replication  |            0  |              0  |                     0  |           0  |           1  |  00:00:00  |
|  Total                                            |           11  |           1661  |                  1662  |           0  |           4  |  00:00:02  |
-----------------------------------------------------------------------------------------------------------------------------------------------------------


Phase 2.5.2 Physical Synthesis In Placer | Checksum: 20a7e8eb5

Time (s): cpu = 00:02:11 ; elapsed = 00:00:43 . Memory (MB): peak = 3657.770 ; gain = 0.000 ; free physical = 10053 ; free virtual = 28957
Phase 2.5 Global Place Phase2 | Checksum: 1ce00789e

Time (s): cpu = 00:02:15 ; elapsed = 00:00:44 . Memory (MB): peak = 3657.770 ; gain = 0.000 ; free physical = 10168 ; free virtual = 29072
Phase 2 Global Placement | Checksum: 1ce00789e

Time (s): cpu = 00:02:15 ; elapsed = 00:00:44 . Memory (MB): peak = 3657.770 ; gain = 0.000 ; free physical = 10168 ; free virtual = 29072

Phase 3 Detail Placement

Phase 3.1 Commit Multi Column Macros
Phase 3.1 Commit Multi Column Macros | Checksum: 153f7e061

Time (s): cpu = 00:02:27 ; elapsed = 00:00:47 . Memory (MB): peak = 3657.770 ; gain = 0.000 ; free physical = 10167 ; free virtual = 29071

Phase 3.2 Commit Most Macros & LUTRAMs
Phase 3.2 Commit Most Macros & LUTRAMs | Checksum: 164d92b4c

Time (s): cpu = 00:02:45 ; elapsed = 00:00:51 . Memory (MB): peak = 3657.770 ; gain = 0.000 ; free physical = 10169 ; free virtual = 29075

Phase 3.3 Area Swap Optimization
Phase 3.3 Area Swap Optimization | Checksum: 25f7a28c0

Time (s): cpu = 00:02:46 ; elapsed = 00:00:52 . Memory (MB): peak = 3657.770 ; gain = 0.000 ; free physical = 10153 ; free virtual = 29059

Phase 3.4 Pipeline Register Optimization
Phase 3.4 Pipeline Register Optimization | Checksum: 1f7aa940d

Time (s): cpu = 00:02:46 ; elapsed = 00:00:52 . Memory (MB): peak = 3657.770 ; gain = 0.000 ; free physical = 10154 ; free virtual = 29059

Phase 3.5 Small Shape Detail Placement
Phase 3.5 Small Shape Detail Placement | Checksum: 1319597c9

Time (s): cpu = 00:03:09 ; elapsed = 00:01:12 . Memory (MB): peak = 3657.770 ; gain = 0.000 ; free physical = 10216 ; free virtual = 29115

Phase 3.6 Re-assign LUT pins
Phase 3.6 Re-assign LUT pins | Checksum: 1a795d4d6

Time (s): cpu = 00:03:12 ; elapsed = 00:01:15 . Memory (MB): peak = 3657.770 ; gain = 0.000 ; free physical = 10205 ; free virtual = 29105

Phase 3.7 Pipeline Register Optimization
Phase 3.7 Pipeline Register Optimization | Checksum: 1bcc832c9

Time (s): cpu = 00:03:12 ; elapsed = 00:01:16 . Memory (MB): peak = 3657.770 ; gain = 0.000 ; free physical = 10211 ; free virtual = 29111
Phase 3 Detail Placement | Checksum: 1bcc832c9

Time (s): cpu = 00:03:13 ; elapsed = 00:01:16 . Memory (MB): peak = 3657.770 ; gain = 0.000 ; free physical = 10213 ; free virtual = 29112

Phase 4 Post Placement Optimization and Clean-Up

Phase 4.1 Post Commit Optimization
INFO: [Timing 38-35] Done setting XDC timing constraints.

Phase 4.1.1 Post Placement Optimization
Post Placement Optimization Initialization | Checksum: 16f5c4858

Phase 4.1.1.1 BUFG Insertion

Starting Physical Synthesis Task

Phase 1 Physical Synthesis Initialization
INFO: [Physopt 32-721] Multithreading enabled for phys_opt_design using a maximum of 8 CPUs
INFO: [Physopt 32-619] Estimated Timing Summary | WNS=0.184 | TNS=0.000 |
Phase 1 Physical Synthesis Initialization | Checksum: 1feab9dd1

Time (s): cpu = 00:00:02 ; elapsed = 00:00:00.45 . Memory (MB): peak = 3657.770 ; gain = 0.000 ; free physical = 10205 ; free virtual = 29105
INFO: [Place 46-33] Processed net PCSNN_block_design_i/snn_dma_wrapper_0/inst/snn_top_inst/snn_layer_inst/image_buffer_inst/image_reg[6271]_i_1_n_0, BUFG insertion was skipped due to placement/routing conflicts.
INFO: [Place 46-33] Processed net PCSNN_block_design_i/snn_dma_wrapper_0/inst/snn_top_inst/snn_layer_inst/grad_update_word[2047]_i_1_n_0, BUFG insertion was skipped due to placement/routing conflicts.
INFO: [Place 46-56] BUFG insertion identified 2 candidate nets. Inserted BUFG: 0, Replicated BUFG Driver: 0, Skipped due to Placement/Routing Conflicts: 2, Skipped due to Timing Degradation: 0, Skipped due to netlist editing failed: 0.
Ending Physical Synthesis Task | Checksum: 1c0e81fd3

Time (s): cpu = 00:00:03 ; elapsed = 00:00:01 . Memory (MB): peak = 3657.770 ; gain = 0.000 ; free physical = 10205 ; free virtual = 29104
Phase 4.1.1.1 BUFG Insertion | Checksum: 16f5c4858

Time (s): cpu = 00:03:40 ; elapsed = 00:01:23 . Memory (MB): peak = 3657.770 ; gain = 0.000 ; free physical = 10205 ; free virtual = 29105

Phase 4.1.1.2 Post Placement Timing Optimization
INFO: [Place 30-746] Post Placement Timing Summary WNS=0.798. For the most accurate timing information please run report_timing.
Phase 4.1.1.2 Post Placement Timing Optimization | Checksum: 1d0b546fc

Time (s): cpu = 00:03:42 ; elapsed = 00:01:24 . Memory (MB): peak = 3657.770 ; gain = 0.000 ; free physical = 10216 ; free virtual = 29116

Time (s): cpu = 00:03:42 ; elapsed = 00:01:24 . Memory (MB): peak = 3657.770 ; gain = 0.000 ; free physical = 10216 ; free virtual = 29116
Phase 4.1 Post Commit Optimization | Checksum: 1d0b546fc

Time (s): cpu = 00:03:42 ; elapsed = 00:01:24 . Memory (MB): peak = 3657.770 ; gain = 0.000 ; free physical = 10216 ; free virtual = 29116

Phase 4.2 Post Placement Cleanup
Phase 4.2 Post Placement Cleanup | Checksum: 1d0b546fc

Time (s): cpu = 00:03:43 ; elapsed = 00:01:25 . Memory (MB): peak = 3657.770 ; gain = 0.000 ; free physical = 10217 ; free virtual = 29117

Phase 4.3 Placer Reporting

Phase 4.3.1 Print Estimated Congestion
INFO: [Place 30-612] Post-Placement Estimated Congestion 
 ____________________________________________________
|           | Global Congestion | Short Congestion  |
| Direction | Region Size       | Region Size       |
|___________|___________________|___________________|
|      North|                1x1|                2x2|
|___________|___________________|___________________|
|      South|                1x1|                2x2|
|___________|___________________|___________________|
|       East|                1x1|                1x1|
|___________|___________________|___________________|
|       West|                1x1|                1x1|
|___________|___________________|___________________|

Phase 4.3.1 Print Estimated Congestion | Checksum: 1d0b546fc

Time (s): cpu = 00:03:43 ; elapsed = 00:01:25 . Memory (MB): peak = 3657.770 ; gain = 0.000 ; free physical = 10216 ; free virtual = 29116
Phase 4.3 Placer Reporting | Checksum: 1d0b546fc

Time (s): cpu = 00:03:43 ; elapsed = 00:01:25 . Memory (MB): peak = 3657.770 ; gain = 0.000 ; free physical = 10216 ; free virtual = 29116

Phase 4.4 Final Placement Cleanup
Netlist sorting complete. Time (s): cpu = 00:00:00.05 ; elapsed = 00:00:00.05 . Memory (MB): peak = 3657.770 ; gain = 0.000 ; free physical = 10216 ; free virtual = 29115

Time (s): cpu = 00:03:44 ; elapsed = 00:01:25 . Memory (MB): peak = 3657.770 ; gain = 0.000 ; free physical = 10216 ; free virtual = 29115
Phase 4 Post Placement Optimization and Clean-Up | Checksum: 1d8262248

Time (s): cpu = 00:03:44 ; elapsed = 00:01:25 . Memory (MB): peak = 3657.770 ; gain = 0.000 ; free physical = 10219 ; free virtual = 29119
Ending Placer Task | Checksum: 18b3e2a60

Time (s): cpu = 00:03:44 ; elapsed = 00:01:25 . Memory (MB): peak = 3657.770 ; gain = 0.000 ; free physical = 10219 ; free virtual = 29119
91 Infos, 0 Warnings, 0 Critical Warnings and 0 Errors encountered.
place_design completed successfully
place_design: Time (s): cpu = 00:03:50 ; elapsed = 00:01:28 . Memory (MB): peak = 3657.770 ; gain = 136.062 ; free physical = 10219 ; free virtual = 29119
INFO: [Vivado 12-24838] Running report commands "report_control_sets, report_io, report_utilization" in parallel.
Running report generation with 3 threads.
INFO: [Vivado 12-24828] Executing command : report_io -file PCSNN_block_design_wrapper_io_placed.rpt
report_io: Time (s): cpu = 00:00:00.27 ; elapsed = 00:00:00.14 . Memory (MB): peak = 3657.770 ; gain = 0.000 ; free physical = 10208 ; free virtual = 29108
INFO: [Vivado 12-24828] Executing command : report_control_sets -verbose -file PCSNN_block_design_wrapper_control_sets_placed.rpt
report_control_sets: Time (s): cpu = 00:00:00.44 ; elapsed = 00:00:00.26 . Memory (MB): peak = 3657.770 ; gain = 0.000 ; free physical = 10215 ; free virtual = 29115
INFO: [Vivado 12-24828] Executing command : report_utilization -file PCSNN_block_design_wrapper_utilization_placed.rpt -pb PCSNN_block_design_wrapper_utilization_placed.pb
INFO: [Timing 38-480] Writing timing data to binary archive.
Wrote PlaceDB: Time (s): cpu = 00:00:00 ; elapsed = 00:00:00 . Memory (MB): peak = 3657.770 ; gain = 0.000 ; free physical = 10172 ; free virtual = 29072
Wrote PulsedLatchDB: Time (s): cpu = 00:00:00 ; elapsed = 00:00:00 . Memory (MB): peak = 3657.770 ; gain = 0.000 ; free physical = 10172 ; free virtual = 29072
Writing XDEF routing.
Writing XDEF routing logical nets.
Writing XDEF routing special nets.
Wrote RouteStorage: Time (s): cpu = 00:00:00.4 ; elapsed = 00:00:00.09 . Memory (MB): peak = 3657.770 ; gain = 0.000 ; free physical = 10167 ; free virtual = 29074
Write ShapeDB Complete: Time (s): cpu = 00:00:00.72 ; elapsed = 00:00:00.16 . Memory (MB): peak = 3657.770 ; gain = 0.000 ; free physical = 10154 ; free virtual = 29075
Wrote PlaceStorage: Time (s): cpu = 00:00:05 ; elapsed = 00:00:02 . Memory (MB): peak = 3657.770 ; gain = 0.000 ; free physical = 10061 ; free virtual = 29034
Wrote Netlist Cache: Time (s): cpu = 00:00:00.08 ; elapsed = 00:00:00.07 . Memory (MB): peak = 3657.770 ; gain = 0.000 ; free physical = 10041 ; free virtual = 29023
Wrote Device Cache: Time (s): cpu = 00:00:00.01 ; elapsed = 00:00:00.01 . Memory (MB): peak = 3657.770 ; gain = 0.000 ; free physical = 10041 ; free virtual = 29024
Write Physdb Complete: Time (s): cpu = 00:00:05 ; elapsed = 00:00:02 . Memory (MB): peak = 3657.770 ; gain = 0.000 ; free physical = 10033 ; free virtual = 29016
INFO: [Common 17-1381] The checkpoint '/home/ivanyuchen/CODING_FILES/VERILOG/PCSNN/PCSNN.runs/impl_1/PCSNN_block_design_wrapper_placed.dcp' has been generated.
Command: phys_opt_design
Attempting to get a license for feature 'Implementation' and/or device 'xc7z020'
INFO: [Common 17-349] Got license for feature 'Implementation' and/or device 'xc7z020'

Starting Initial Update Timing Task

Time (s): cpu = 00:00:21 ; elapsed = 00:00:04 . Memory (MB): peak = 3657.770 ; gain = 0.000 ; free physical = 9992 ; free virtual = 28915
INFO: [Vivado_Tcl 4-2279] Estimated Timing Summary | WNS= 0.798 | TNS= 0.000 | 
INFO: [Vivado_Tcl 4-383] Design worst setup slack (WNS) is greater than or equal to 0.000 ns. All physical synthesis setup optimizations will be skipped.
INFO: [Vivado_Tcl 4-232] No setup violation found. The netlist was not modified.
INFO: [Common 17-83] Releasing license: Implementation
102 Infos, 0 Warnings, 0 Critical Warnings and 0 Errors encountered.
phys_opt_design completed successfully
INFO: [Timing 38-480] Writing timing data to binary archive.
Wrote PlaceDB: Time (s): cpu = 00:00:00 ; elapsed = 00:00:00 . Memory (MB): peak = 3657.770 ; gain = 0.000 ; free physical = 9998 ; free virtual = 28921
Wrote PulsedLatchDB: Time (s): cpu = 00:00:00 ; elapsed = 00:00:00 . Memory (MB): peak = 3657.770 ; gain = 0.000 ; free physical = 9998 ; free virtual = 28921
Writing XDEF routing.
Writing XDEF routing logical nets.
Writing XDEF routing special nets.
Wrote RouteStorage: Time (s): cpu = 00:00:00.42 ; elapsed = 00:00:00.09 . Memory (MB): peak = 3657.770 ; gain = 0.000 ; free physical = 9992 ; free virtual = 28921
Write ShapeDB Complete: Time (s): cpu = 00:00:00.73 ; elapsed = 00:00:00.15 . Memory (MB): peak = 3657.770 ; gain = 0.000 ; free physical = 9987 ; free virtual = 28930
Wrote PlaceStorage: Time (s): cpu = 00:00:05 ; elapsed = 00:00:02 . Memory (MB): peak = 3657.770 ; gain = 0.000 ; free physical = 9896 ; free virtual = 28892
Wrote Netlist Cache: Time (s): cpu = 00:00:00.07 ; elapsed = 00:00:00.07 . Memory (MB): peak = 3657.770 ; gain = 0.000 ; free physical = 9887 ; free virtual = 28891
Wrote Device Cache: Time (s): cpu = 00:00:00 ; elapsed = 00:00:00.01 . Memory (MB): peak = 3657.770 ; gain = 0.000 ; free physical = 9879 ; free virtual = 28884
Write Physdb Complete: Time (s): cpu = 00:00:06 ; elapsed = 00:00:02 . Memory (MB): peak = 3657.770 ; gain = 0.000 ; free physical = 9879 ; free virtual = 28884
INFO: [Common 17-1381] The checkpoint '/home/ivanyuchen/CODING_FILES/VERILOG/PCSNN/PCSNN.runs/impl_1/PCSNN_block_design_wrapper_physopt.dcp' has been generated.
Command: route_design
Attempting to get a license for feature 'Implementation' and/or device 'xc7z020'
INFO: [Common 17-349] Got license for feature 'Implementation' and/or device 'xc7z020'


Starting Routing Task
INFO: [Route 35-254] Multithreading enabled for route_design using a maximum of 8 CPUs

Phase 1 Build RT Design
Checksum: PlaceDB: 7e4c94b2 ConstDB: 0 ShapeSum: f6f822be RouteDB: 15f972f0
Post Restoration Checksum: NetGraph: a8f8e6a4 | NumContArr: 6c687ed6 | Constraints: c2a8fa9d | Timing: c2a8fa9d
Phase 1 Build RT Design | Checksum: 29ab35ab4

Time (s): cpu = 00:00:45 ; elapsed = 00:00:19 . Memory (MB): peak = 3657.770 ; gain = 0.000 ; free physical = 10081 ; free virtual = 29026

Phase 2 Router Initialization

Phase 2.1 Fix Topology Constraints
Phase 2.1 Fix Topology Constraints | Checksum: 29ab35ab4

Time (s): cpu = 00:00:46 ; elapsed = 00:00:19 . Memory (MB): peak = 3657.770 ; gain = 0.000 ; free physical = 10082 ; free virtual = 29027

Phase 2.2 Pre Route Cleanup
Phase 2.2 Pre Route Cleanup | Checksum: 29ab35ab4

Time (s): cpu = 00:00:46 ; elapsed = 00:00:20 . Memory (MB): peak = 3657.770 ; gain = 0.000 ; free physical = 10082 ; free virtual = 29027
 Number of Nodes with overlaps = 0

Phase 2.3 Update Timing
Phase 2.3 Update Timing | Checksum: 2c90e8112

Time (s): cpu = 00:01:23 ; elapsed = 00:00:28 . Memory (MB): peak = 3657.770 ; gain = 0.000 ; free physical = 10116 ; free virtual = 29061
INFO: [Route 35-416] Intermediate Timing Summary | WNS=0.977  | TNS=0.000  | WHS=-0.182 | THS=-215.132|


Phase 2.4 Soft Constraint Pins - Fast Budgeting
Phase 2.4 Soft Constraint Pins - Fast Budgeting | Checksum: 209fb15c5

Time (s): cpu = 00:01:33 ; elapsed = 00:00:31 . Memory (MB): peak = 3657.770 ; gain = 0.000 ; free physical = 10106 ; free virtual = 29051

Router Utilization Summary
  Global Vertical Routing Utilization    = 0 %
  Global Horizontal Routing Utilization  = 0 %
  Routable Net Status*
  *Does not include unroutable nets such as driverless and loadless.
  Run report_route_status for detailed report.
  Number of Failed Nets               = 75120
    (Failed Nets is the sum of unrouted and partially routed nets)
  Number of Unrouted Nets             = 75119
  Number of Partially Routed Nets     = 1
  Number of Node Overlaps             = 0

Phase 2 Router Initialization | Checksum: 261e64709

Time (s): cpu = 00:01:35 ; elapsed = 00:00:31 . Memory (MB): peak = 3657.770 ; gain = 0.000 ; free physical = 10105 ; free virtual = 29050

Phase 3 Global Routing
Phase 3 Global Routing | Checksum: 261e64709

Time (s): cpu = 00:01:35 ; elapsed = 00:00:31 . Memory (MB): peak = 3657.770 ; gain = 0.000 ; free physical = 10105 ; free virtual = 29050

Phase 4 Initial Routing

Phase 4.1 Initial Net Routing Pass
Phase 4.1 Initial Net Routing Pass | Checksum: 150d3fb60

Time (s): cpu = 00:02:22 ; elapsed = 00:00:45 . Memory (MB): peak = 3926.805 ; gain = 269.035 ; free physical = 9682 ; free virtual = 28627
Phase 4 Initial Routing | Checksum: 150d3fb60

Time (s): cpu = 00:02:22 ; elapsed = 00:00:45 . Memory (MB): peak = 3926.805 ; gain = 269.035 ; free physical = 9682 ; free virtual = 28627

Phase 5 Rip-up And Reroute

Phase 5.1 Global Iteration 0
 Number of Nodes with overlaps = 17895
 Number of Nodes with overlaps = 4581
 Number of Nodes with overlaps = 1954
 Number of Nodes with overlaps = 819
 Number of Nodes with overlaps = 197
 Number of Nodes with overlaps = 48
 Number of Nodes with overlaps = 10
 Number of Nodes with overlaps = 3
 Number of Nodes with overlaps = 1
 Number of Nodes with overlaps = 0
INFO: [Route 35-416] Intermediate Timing Summary | WNS=0.029  | TNS=0.000  | WHS=N/A    | THS=N/A    |

Phase 5.1 Global Iteration 0 | Checksum: 171b084ca

Time (s): cpu = 00:04:59 ; elapsed = 00:02:35 . Memory (MB): peak = 3926.805 ; gain = 269.035 ; free physical = 9734 ; free virtual = 28680

Phase 5.2 Global Iteration 1
 Number of Nodes with overlaps = 13
 Number of Nodes with overlaps = 2
 Number of Nodes with overlaps = 1
 Number of Nodes with overlaps = 1
 Number of Nodes with overlaps = 0
INFO: [Route 35-416] Intermediate Timing Summary | WNS=0.029  | TNS=0.000  | WHS=N/A    | THS=N/A    |

Phase 5.2 Global Iteration 1 | Checksum: 15bf260d6

Time (s): cpu = 00:05:04 ; elapsed = 00:02:38 . Memory (MB): peak = 3926.805 ; gain = 269.035 ; free physical = 9718 ; free virtual = 28666
Phase 5 Rip-up And Reroute | Checksum: 15bf260d6

Time (s): cpu = 00:05:04 ; elapsed = 00:02:38 . Memory (MB): peak = 3926.805 ; gain = 269.035 ; free physical = 9717 ; free virtual = 28665

Phase 6 Delay and Skew Optimization

Phase 6.1 Delay CleanUp
Phase 6.1 Delay CleanUp | Checksum: 15bf260d6

Time (s): cpu = 00:05:05 ; elapsed = 00:02:38 . Memory (MB): peak = 3926.805 ; gain = 269.035 ; free physical = 9715 ; free virtual = 28663

Phase 6.2 Clock Skew Optimization
Phase 6.2 Clock Skew Optimization | Checksum: 15bf260d6

Time (s): cpu = 00:05:05 ; elapsed = 00:02:38 . Memory (MB): peak = 3926.805 ; gain = 269.035 ; free physical = 9714 ; free virtual = 28662
Phase 6 Delay and Skew Optimization | Checksum: 15bf260d6

Time (s): cpu = 00:05:05 ; elapsed = 00:02:38 . Memory (MB): peak = 3926.805 ; gain = 269.035 ; free physical = 9712 ; free virtual = 28660

Phase 7 Post Hold Fix

Phase 7.1 Hold Fix Iter
INFO: [Route 35-416] Intermediate Timing Summary | WNS=0.029  | TNS=0.000  | WHS=0.020  | THS=0.000  |

Phase 7.1 Hold Fix Iter | Checksum: 1b948a5bb

Time (s): cpu = 00:05:10 ; elapsed = 00:02:39 . Memory (MB): peak = 3926.805 ; gain = 269.035 ; free physical = 9711 ; free virtual = 28657
Phase 7 Post Hold Fix | Checksum: 1b948a5bb

Time (s): cpu = 00:05:10 ; elapsed = 00:02:39 . Memory (MB): peak = 3926.805 ; gain = 269.035 ; free physical = 9711 ; free virtual = 28657

Phase 8 Route finalize

Router Utilization Summary
  Global Vertical Routing Utilization    = 28.4555 %
  Global Horizontal Routing Utilization  = 32.3555 %
  Routable Net Status*
  *Does not include unroutable nets such as driverless and loadless.
  Run report_route_status for detailed report.
  Number of Failed Nets               = 0
    (Failed Nets is the sum of unrouted and partially routed nets)
  Number of Unrouted Nets             = 0
  Number of Partially Routed Nets     = 0
  Number of Node Overlaps             = 0

Phase 8 Route finalize | Checksum: 1b948a5bb

Time (s): cpu = 00:05:10 ; elapsed = 00:02:39 . Memory (MB): peak = 3926.805 ; gain = 269.035 ; free physical = 9703 ; free virtual = 28649

Phase 9 Verifying routed nets

 Verification completed successfully
Phase 9 Verifying routed nets | Checksum: 1b948a5bb

Time (s): cpu = 00:05:11 ; elapsed = 00:02:39 . Memory (MB): peak = 3926.805 ; gain = 269.035 ; free physical = 9703 ; free virtual = 28649

Phase 10 Depositing Routes
Phase 10 Depositing Routes | Checksum: 21ef18c9d

Time (s): cpu = 00:05:17 ; elapsed = 00:02:43 . Memory (MB): peak = 3926.805 ; gain = 269.035 ; free physical = 9748 ; free virtual = 28694

Phase 11 Post Process Routing
Phase 11 Post Process Routing | Checksum: 21ef18c9d

Time (s): cpu = 00:05:17 ; elapsed = 00:02:43 . Memory (MB): peak = 3926.805 ; gain = 269.035 ; free physical = 9748 ; free virtual = 28694

Phase 12 Post Router Timing
INFO: [Route 35-57] Estimated Timing Summary | WNS=0.029  | TNS=0.000  | WHS=0.020  | THS=0.000  |

INFO: [Route 35-327] The final timing numbers are based on the router estimated timing analysis. For a complete and accurate timing signoff, please run report_timing_summary.
Phase 12 Post Router Timing | Checksum: 21ef18c9d

Time (s): cpu = 00:05:17 ; elapsed = 00:02:43 . Memory (MB): peak = 3926.805 ; gain = 269.035 ; free physical = 9748 ; free virtual = 28694
Total Elapsed time in route_design: 163.27 secs

Phase 13 Post-Route Event Processing
Phase 13 Post-Route Event Processing | Checksum: 1f8529dfa

Time (s): cpu = 00:05:17 ; elapsed = 00:02:43 . Memory (MB): peak = 3926.805 ; gain = 269.035 ; free physical = 9748 ; free virtual = 28694
INFO: [Route 35-16] Router Completed Successfully
Ending Routing Task | Checksum: 1f8529dfa

Time (s): cpu = 00:05:18 ; elapsed = 00:02:43 . Memory (MB): peak = 3926.805 ; gain = 269.035 ; free physical = 9748 ; free virtual = 28694

Routing Is Done.
INFO: [Common 17-83] Releasing license: Implementation
114 Infos, 0 Warnings, 0 Critical Warnings and 0 Errors encountered.
route_design completed successfully
route_design: Time (s): cpu = 00:05:18 ; elapsed = 00:02:44 . Memory (MB): peak = 3926.805 ; gain = 269.035 ; free physical = 9749 ; free virtual = 28695
INFO: [Vivado 12-24828] Executing command : report_drc -file PCSNN_block_design_wrapper_drc_routed.rpt -pb PCSNN_block_design_wrapper_drc_routed.pb -rpx PCSNN_block_design_wrapper_drc_routed.rpx
Command: report_drc -file PCSNN_block_design_wrapper_drc_routed.rpt -pb PCSNN_block_design_wrapper_drc_routed.pb -rpx PCSNN_block_design_wrapper_drc_routed.rpx
INFO: [IP_Flow 19-1839] IP Catalog is up to date.
INFO: [DRC 23-27] Running DRC with 8 threads
INFO: [Vivado_Tcl 2-168] The results of DRC are in file /home/ivanyuchen/CODING_FILES/VERILOG/PCSNN/PCSNN.runs/impl_1/PCSNN_block_design_wrapper_drc_routed.rpt.
report_drc completed successfully
INFO: [Vivado 12-24828] Executing command : report_methodology -file PCSNN_block_design_wrapper_methodology_drc_routed.rpt -pb PCSNN_block_design_wrapper_methodology_drc_routed.pb -rpx PCSNN_block_design_wrapper_methodology_drc_routed.rpx
Command: report_methodology -file PCSNN_block_design_wrapper_methodology_drc_routed.rpt -pb PCSNN_block_design_wrapper_methodology_drc_routed.pb -rpx PCSNN_block_design_wrapper_methodology_drc_routed.rpx
INFO: [Timing 38-35] Done setting XDC timing constraints.
INFO: [DRC 23-133] Running Methodology with 8 threads
INFO: [Vivado_Tcl 2-1520] The results of Report Methodology are in file /home/ivanyuchen/CODING_FILES/VERILOG/PCSNN/PCSNN.runs/impl_1/PCSNN_block_design_wrapper_methodology_drc_routed.rpt.
report_methodology completed successfully
report_methodology: Time (s): cpu = 00:00:47 ; elapsed = 00:00:08 . Memory (MB): peak = 3926.805 ; gain = 0.000 ; free physical = 9590 ; free virtual = 28537
INFO: [Vivado 12-24828] Executing command : report_timing_summary -max_paths 10 -routable_nets -report_unconstrained -file PCSNN_block_design_wrapper_timing_summary_routed.rpt -pb PCSNN_block_design_wrapper_timing_summary_routed.pb -rpx PCSNN_block_design_wrapper_timing_summary_routed.rpx -warn_on_violation 
INFO: [Timing 38-35] Done setting XDC timing constraints.
INFO: [Timing 38-91] UpdateTimingParams: Speed grade: -1, Delay Type: min_max.
INFO: [Timing 38-191] Multithreading enabled for timing update using a maximum of 8 CPUs
INFO: [Vivado 12-24838] Running report commands "report_bus_skew, report_incremental_reuse, report_route_status" in parallel.
Running report generation with 3 threads.
INFO: [Vivado 12-24828] Executing command : report_incremental_reuse -file PCSNN_block_design_wrapper_incremental_reuse_routed.rpt
INFO: [Vivado_Tcl 4-1062] Incremental flow is disabled. No incremental reuse Info to report.
INFO: [Vivado 12-24828] Executing command : report_bus_skew -warn_on_violation -file PCSNN_block_design_wrapper_bus_skew_routed.rpt -pb PCSNN_block_design_wrapper_bus_skew_routed.pb -rpx PCSNN_block_design_wrapper_bus_skew_routed.rpx
INFO: [Timing 38-91] UpdateTimingParams: Speed grade: -1, Delay Type: min_max.
INFO: [Timing 38-191] Multithreading enabled for timing update using a maximum of 8 CPUs
INFO: [Vivado 12-24828] Executing command : report_route_status -file PCSNN_block_design_wrapper_route_status.rpt -pb PCSNN_block_design_wrapper_route_status.pb
INFO: [Vivado 12-24828] Executing command : report_power -file PCSNN_block_design_wrapper_power_routed.rpt -pb PCSNN_block_design_wrapper_power_summary_routed.pb -rpx PCSNN_block_design_wrapper_power_routed.rpx
Command: report_power -file PCSNN_block_design_wrapper_power_routed.rpt -pb PCSNN_block_design_wrapper_power_summary_routed.pb -rpx PCSNN_block_design_wrapper_power_routed.rpx
Running Vector-less Activity Propagation...

Finished Running Vector-less Activity Propagation
WARNING: [Power 33-332] Found switching activity that implies high-fanout reset nets being asserted for excessive periods of time which may result in inaccurate power analysis.
Resolution: To review and fix problems, please run Power Constraints Advisor in the GUI from Tools > Power Constraints Advisor or run report_power with the -advisory option to generate a text report.
134 Infos, 1 Warnings, 0 Critical Warnings and 0 Errors encountered.
report_power completed successfully
report_power: Time (s): cpu = 00:00:20 ; elapsed = 00:00:07 . Memory (MB): peak = 3966.824 ; gain = 40.020 ; free physical = 9458 ; free virtual = 28426
INFO: [Vivado 12-24828] Executing command : report_clock_utilization -file PCSNN_block_design_wrapper_clock_utilization_routed.rpt
generate_parallel_reports: Time (s): cpu = 00:01:33 ; elapsed = 00:00:24 . Memory (MB): peak = 3966.824 ; gain = 40.020 ; free physical = 9447 ; free virtual = 28415
INFO: [Timing 38-480] Writing timing data to binary archive.
Wrote PlaceDB: Time (s): cpu = 00:00:00 ; elapsed = 00:00:00 . Memory (MB): peak = 3966.824 ; gain = 0.000 ; free physical = 9447 ; free virtual = 28414
Wrote PulsedLatchDB: Time (s): cpu = 00:00:00 ; elapsed = 00:00:00 . Memory (MB): peak = 3966.824 ; gain = 0.000 ; free physical = 9447 ; free virtual = 28414
Writing XDEF routing.
Writing XDEF routing logical nets.
Write ShapeDB Complete: Time (s): cpu = 00:00:00.68 ; elapsed = 00:00:00.13 . Memory (MB): peak = 3966.824 ; gain = 0.000 ; free physical = 9405 ; free virtual = 28394
Writing XDEF routing special nets.
Wrote RouteStorage: Time (s): cpu = 00:00:03 ; elapsed = 00:00:00.63 . Memory (MB): peak = 3966.824 ; gain = 0.000 ; free physical = 9421 ; free virtual = 28430
Wrote PlaceStorage: Time (s): cpu = 00:00:04 ; elapsed = 00:00:02 . Memory (MB): peak = 3966.824 ; gain = 0.000 ; free physical = 9252 ; free virtual = 28306
Wrote Netlist Cache: Time (s): cpu = 00:00:00.08 ; elapsed = 00:00:00.08 . Memory (MB): peak = 3966.824 ; gain = 0.000 ; free physical = 9264 ; free virtual = 28327
Wrote Device Cache: Time (s): cpu = 00:00:00.01 ; elapsed = 00:00:00.01 . Memory (MB): peak = 3966.824 ; gain = 0.000 ; free physical = 9264 ; free virtual = 28328
Write Physdb Complete: Time (s): cpu = 00:00:07 ; elapsed = 00:00:03 . Memory (MB): peak = 3966.824 ; gain = 0.000 ; free physical = 9264 ; free virtual = 28328
INFO: [Common 17-1381] The checkpoint '/home/ivanyuchen/CODING_FILES/VERILOG/PCSNN/PCSNN.runs/impl_1/PCSNN_block_design_wrapper_routed.dcp' has been generated.
INFO: [Memdata 28-167] Found XPM memory block PCSNN_block_design_i/axi_dma_0/U0/I_PRMRY_DATAMOVER/GEN_S2MM_FULL.I_S2MM_FULL_WRAPPER/GEN_ENABLE_INDET_BTT_SF.I_INDET_BTT/I_XD_FIFO/NON_BLK_MEM.I_SYNC_FIFOGEN_FIFO/xpm_fifo_base_inst/gen_sdpram.xpm_memory_base_inst with a P_MEMORY_PRIMITIVE property set to auto. A value of block is required. You will not be able to use the updatemem program to update the bitstream with new data for the PCSNN_block_design_i/axi_dma_0/U0/I_PRMRY_DATAMOVER/GEN_S2MM_FULL.I_S2MM_FULL_WRAPPER/GEN_ENABLE_INDET_BTT_SF.I_INDET_BTT/I_XD_FIFO/NON_BLK_MEM.I_SYNC_FIFOGEN_FIFO/xpm_fifo_base_inst/gen_sdpram.xpm_memory_base_inst block.
INFO: [Memdata 28-208] The XPM instance: <PCSNN_block_design_i/axi_dma_0/U0/I_PRMRY_DATAMOVER/GEN_S2MM_FULL.I_S2MM_FULL_WRAPPER/GEN_ENABLE_INDET_BTT_SF.I_INDET_BTT/I_DATA_FIFO/BLK_MEM.I_SYNC_FIFOGEN_FIFO/xpm_fifo_base_inst/gen_sdpram.xpm_memory_base_inst> is part of IP: <PCSNN_block_design_i/axi_dma_0>. This XPM instance will be excluded from the .mmi because updatemem is prohibited from making changes to an XPM that is part of an IP.
INFO: [Memdata 28-208] The XPM instance: <PCSNN_block_design_i/axi_dma_0/U0/I_PRMRY_DATAMOVER/GEN_MM2S_FULL.I_MM2S_FULL_WRAPPER/GEN_INCLUDE_MM2S_SF.I_RD_SF/I_DATA_FIFO/BLK_MEM.I_SYNC_FIFOGEN_FIFO/xpm_fifo_base_inst/gen_sdpram.xpm_memory_base_inst> is part of IP: <PCSNN_block_design_i/axi_dma_0>. This XPM instance will be excluded from the .mmi because updatemem is prohibited from making changes to an XPM that is part of an IP.
Command: write_bitstream -force PCSNN_block_design_wrapper.bit
Attempting to get a license for feature 'Implementation' and/or device 'xc7z020'
INFO: [Common 17-349] Got license for feature 'Implementation' and/or device 'xc7z020'
Running DRC as a precondition to command write_bitstream
INFO: [IP_Flow 19-1839] IP Catalog is up to date.
INFO: [DRC 23-27] Running DRC with 8 threads
INFO: [Vivado 12-3199] DRC finished with 0 Errors
INFO: [Vivado 12-3200] Please refer to the DRC report (report_drc) for more information.
Integrating Hard IP ELF/MEM with the PDI.
INFO: [Designutils 20-2272] Running write_bitstream with 8 threads.
Loading data files...
Loading site data...
Loading route data...
Processing options...
Creating bitmap...
Creating bitstream...
Writing bitstream ./PCSNN_block_design_wrapper.bit...
INFO: [Vivado 12-1842] Bitgen Completed Successfully.
INFO: [Common 17-83] Releasing license: Implementation
148 Infos, 1 Warnings, 0 Critical Warnings and 0 Errors encountered.
write_bitstream completed successfully
write_bitstream: Time (s): cpu = 00:00:55 ; elapsed = 00:00:32 . Memory (MB): peak = 3969.320 ; gain = 2.496 ; free physical = 9494 ; free virtual = 28497
INFO: [Common 17-206] Exiting Vivado at Thu Jun 25 10:38:18 2026...
