
*** Running vivado
    with args -log axi_block_design_dma_add_one_0_0.vds -m64 -product Vivado -mode batch -messageDb vivado.pb -notrace -source axi_block_design_dma_add_one_0_0.tcl


****** Vivado v2025.2 (64-bit)
  **** SW Build 6299465 on Fri Nov 14 12:34:56 MST 2025
  **** IP Build 6300035 on Fri Nov 14 10:48:45 MST 2025
  **** SharedData Build 6298862 on Thu Nov 13 04:50:51 MST 2025
  **** Start of session at: Sat Jun 20 14:33:11 2026
    ** Copyright 1986-2022 Xilinx, Inc. All Rights Reserved.
    ** Copyright 2022-2025 Advanced Micro Devices, Inc. All Rights Reserved.

source axi_block_design_dma_add_one_0_0.tcl -notrace
INFO: [IP_Flow 19-234] Refreshing IP repositories
INFO: [IP_Flow 19-1704] No user IP repositories specified
INFO: [IP_Flow 19-2313] Loaded Vivado IP repository '/home/ivanyuchen/2025.2/data/ip'.
Command: synth_design -top axi_block_design_dma_add_one_0_0 -part xc7z020clg400-1 -incremental_mode off -mode out_of_context
Starting synth_design
Attempting to get a license for feature 'Synthesis' and/or device 'xc7z020'
INFO: [Common 17-349] Got license for feature 'Synthesis' and/or device 'xc7z020'
INFO: [Device 21-403] Loading part xc7z020clg400-1
INFO: [Synth 8-7079] Multithreading enabled for synth_design using a maximum of 7 processes.
INFO: [Synth 8-7078] Launching helper process for spawning children vivado processes
INFO: [Synth 8-7075] Helper process launched with PID 97317
---------------------------------------------------------------------------------
Starting RTL Elaboration : Time (s): cpu = 00:00:03 ; elapsed = 00:00:03 . Memory (MB): peak = 2242.695 ; gain = 480.875 ; free physical = 6577 ; free virtual = 23300
---------------------------------------------------------------------------------
INFO: [Synth 8-6157] synthesizing module 'axi_block_design_dma_add_one_0_0' [/home/ivanyuchen/CODING_FILES/VERILOG/AXI_lite/AXI_lite.gen/sources_1/bd/axi_block_design/ip/axi_block_design_dma_add_one_0_0/synth/axi_block_design_dma_add_one_0_0.v:53]
INFO: [Synth 8-6157] synthesizing module 'dma_add_one' [/home/ivanyuchen/CODING_FILES/VERILOG/AXI_lite/AXI_lite.srcs/sources_1/new/axi_lite.v:3]
INFO: [Synth 8-6155] done synthesizing module 'dma_add_one' (0#1) [/home/ivanyuchen/CODING_FILES/VERILOG/AXI_lite/AXI_lite.srcs/sources_1/new/axi_lite.v:3]
INFO: [Synth 8-6155] done synthesizing module 'axi_block_design_dma_add_one_0_0' (0#1) [/home/ivanyuchen/CODING_FILES/VERILOG/AXI_lite/AXI_lite.gen/sources_1/bd/axi_block_design/ip/axi_block_design_dma_add_one_0_0/synth/axi_block_design_dma_add_one_0_0.v:53]
---------------------------------------------------------------------------------
Finished RTL Elaboration : Time (s): cpu = 00:00:04 ; elapsed = 00:00:04 . Memory (MB): peak = 2332.664 ; gain = 570.844 ; free physical = 6197 ; free virtual = 22923
---------------------------------------------------------------------------------
---------------------------------------------------------------------------------
Start Handling Custom Attributes
---------------------------------------------------------------------------------
---------------------------------------------------------------------------------
Finished Handling Custom Attributes : Time (s): cpu = 00:00:04 ; elapsed = 00:00:04 . Memory (MB): peak = 2347.508 ; gain = 585.688 ; free physical = 6198 ; free virtual = 22924
---------------------------------------------------------------------------------
---------------------------------------------------------------------------------
Finished RTL Optimization Phase 1 : Time (s): cpu = 00:00:04 ; elapsed = 00:00:04 . Memory (MB): peak = 2347.508 ; gain = 585.688 ; free physical = 6198 ; free virtual = 22924
---------------------------------------------------------------------------------
Netlist sorting complete. Time (s): cpu = 00:00:00 ; elapsed = 00:00:00 . Memory (MB): peak = 2347.508 ; gain = 0.000 ; free physical = 6190 ; free virtual = 22916
INFO: [Project 1-570] Preparing netlist for logic optimization

Processing XDC Constraints
Initializing timing engine
Completed Processing XDC Constraints

Netlist sorting complete. Time (s): cpu = 00:00:00 ; elapsed = 00:00:00 . Memory (MB): peak = 2455.246 ; gain = 0.000 ; free physical = 6089 ; free virtual = 22816
INFO: [Project 1-111] Unisim Transformation Summary:
No Unisim elements were transformed.

Constraint Validation Runtime : Time (s): cpu = 00:00:00 ; elapsed = 00:00:00.01 . Memory (MB): peak = 2455.281 ; gain = 0.000 ; free physical = 6089 ; free virtual = 22816
INFO: [Designutils 20-5008] Incremental synthesis strategy off
---------------------------------------------------------------------------------
Finished Constraint Validation : Time (s): cpu = 00:00:09 ; elapsed = 00:00:09 . Memory (MB): peak = 2455.281 ; gain = 693.461 ; free physical = 6150 ; free virtual = 22881
---------------------------------------------------------------------------------
---------------------------------------------------------------------------------
Start Loading Part and Timing Information
---------------------------------------------------------------------------------
Loading part: xc7z020clg400-1
---------------------------------------------------------------------------------
Finished Loading Part and Timing Information : Time (s): cpu = 00:00:09 ; elapsed = 00:00:09 . Memory (MB): peak = 2463.250 ; gain = 701.430 ; free physical = 6150 ; free virtual = 22881
---------------------------------------------------------------------------------
---------------------------------------------------------------------------------
Start Applying 'set_property' XDC Constraints
---------------------------------------------------------------------------------
---------------------------------------------------------------------------------
Finished applying 'set_property' XDC Constraints : Time (s): cpu = 00:00:09 ; elapsed = 00:00:09 . Memory (MB): peak = 2463.250 ; gain = 701.430 ; free physical = 6150 ; free virtual = 22881
---------------------------------------------------------------------------------
---------------------------------------------------------------------------------
Finished RTL Optimization Phase 2 : Time (s): cpu = 00:00:09 ; elapsed = 00:00:09 . Memory (MB): peak = 2463.250 ; gain = 701.430 ; free physical = 6149 ; free virtual = 22882
---------------------------------------------------------------------------------
No constraint files found.
---------------------------------------------------------------------------------
Start RTL Component Statistics 
---------------------------------------------------------------------------------
Detailed RTL Component Info : 
+---Adders : 
	   2 Input   32 Bit       Adders := 1     
+---Registers : 
	               32 Bit    Registers := 1     
	                1 Bit    Registers := 2     
+---Muxes : 
	   2 Input    1 Bit        Muxes := 1     
---------------------------------------------------------------------------------
Finished RTL Component Statistics 
---------------------------------------------------------------------------------
---------------------------------------------------------------------------------
Start Part Resource Summary
---------------------------------------------------------------------------------
Part Resources:
DSPs: 220 (col length:60)
BRAMs: 280 (col length: RAMB18 60 RAMB36 30)
---------------------------------------------------------------------------------
Finished Part Resource Summary
---------------------------------------------------------------------------------
No constraint files found.
---------------------------------------------------------------------------------
Start Cross Boundary and Area Optimization
---------------------------------------------------------------------------------
---------------------------------------------------------------------------------
Finished Cross Boundary and Area Optimization : Time (s): cpu = 00:00:10 ; elapsed = 00:00:10 . Memory (MB): peak = 2463.250 ; gain = 701.430 ; free physical = 6229 ; free virtual = 22962
---------------------------------------------------------------------------------
No constraint files found.
---------------------------------------------------------------------------------
Start Timing Optimization
---------------------------------------------------------------------------------
---------------------------------------------------------------------------------
Finished Timing Optimization : Time (s): cpu = 00:00:10 ; elapsed = 00:00:10 . Memory (MB): peak = 2463.250 ; gain = 701.430 ; free physical = 6229 ; free virtual = 22963
---------------------------------------------------------------------------------
---------------------------------------------------------------------------------
Start Technology Mapping
---------------------------------------------------------------------------------
---------------------------------------------------------------------------------
Finished Technology Mapping : Time (s): cpu = 00:00:10 ; elapsed = 00:00:10 . Memory (MB): peak = 2463.250 ; gain = 701.430 ; free physical = 6229 ; free virtual = 22962
---------------------------------------------------------------------------------
---------------------------------------------------------------------------------
Start IO Insertion
---------------------------------------------------------------------------------
---------------------------------------------------------------------------------
Start Flattening Before IO Insertion
---------------------------------------------------------------------------------
---------------------------------------------------------------------------------
Finished Flattening Before IO Insertion
---------------------------------------------------------------------------------
---------------------------------------------------------------------------------
Start Final Netlist Cleanup
---------------------------------------------------------------------------------
---------------------------------------------------------------------------------
Finished Final Netlist Cleanup
---------------------------------------------------------------------------------
---------------------------------------------------------------------------------
Finished IO Insertion : Time (s): cpu = 00:00:12 ; elapsed = 00:00:12 . Memory (MB): peak = 2553.062 ; gain = 791.242 ; free physical = 6254 ; free virtual = 22986
---------------------------------------------------------------------------------
---------------------------------------------------------------------------------
Start Renaming Generated Instances
---------------------------------------------------------------------------------
---------------------------------------------------------------------------------
Finished Renaming Generated Instances : Time (s): cpu = 00:00:12 ; elapsed = 00:00:12 . Memory (MB): peak = 2553.062 ; gain = 791.242 ; free physical = 6254 ; free virtual = 22986
---------------------------------------------------------------------------------
---------------------------------------------------------------------------------
Start Rebuilding User Hierarchy
---------------------------------------------------------------------------------
---------------------------------------------------------------------------------
Finished Rebuilding User Hierarchy : Time (s): cpu = 00:00:12 ; elapsed = 00:00:12 . Memory (MB): peak = 2553.062 ; gain = 791.242 ; free physical = 6259 ; free virtual = 22991
---------------------------------------------------------------------------------
---------------------------------------------------------------------------------
Start Renaming Generated Ports
---------------------------------------------------------------------------------
---------------------------------------------------------------------------------
Finished Renaming Generated Ports : Time (s): cpu = 00:00:12 ; elapsed = 00:00:12 . Memory (MB): peak = 2553.062 ; gain = 791.242 ; free physical = 6259 ; free virtual = 22991
---------------------------------------------------------------------------------
---------------------------------------------------------------------------------
Start Handling Custom Attributes
---------------------------------------------------------------------------------
---------------------------------------------------------------------------------
Finished Handling Custom Attributes : Time (s): cpu = 00:00:12 ; elapsed = 00:00:12 . Memory (MB): peak = 2553.062 ; gain = 791.242 ; free physical = 6259 ; free virtual = 22991
---------------------------------------------------------------------------------
---------------------------------------------------------------------------------
Start Renaming Generated Nets
---------------------------------------------------------------------------------
---------------------------------------------------------------------------------
Finished Renaming Generated Nets : Time (s): cpu = 00:00:12 ; elapsed = 00:00:12 . Memory (MB): peak = 2553.062 ; gain = 791.242 ; free physical = 6259 ; free virtual = 22991
---------------------------------------------------------------------------------
---------------------------------------------------------------------------------
Start Writing Synthesis Report
---------------------------------------------------------------------------------

Report BlackBoxes: 
+-+--------------+----------+
| |BlackBox name |Instances |
+-+--------------+----------+
+-+--------------+----------+

Report Cell Usage: 
+------+-------+------+
|      |Cell   |Count |
+------+-------+------+
|1     |CARRY4 |     8|
|2     |LUT1   |     2|
|3     |LUT2   |     1|
|4     |LUT3   |     1|
|5     |LUT4   |     1|
|6     |LUT6   |     1|
|7     |FDRE   |    34|
+------+-------+------+
---------------------------------------------------------------------------------
Finished Writing Synthesis Report : Time (s): cpu = 00:00:12 ; elapsed = 00:00:12 . Memory (MB): peak = 2553.062 ; gain = 791.242 ; free physical = 6259 ; free virtual = 22991
---------------------------------------------------------------------------------
Synthesis finished with 0 errors, 0 critical warnings and 0 warnings.
Synthesis Optimization Runtime : Time (s): cpu = 00:00:11 ; elapsed = 00:00:11 . Memory (MB): peak = 2553.062 ; gain = 683.469 ; free physical = 6258 ; free virtual = 22990
Synthesis Optimization Complete : Time (s): cpu = 00:00:12 ; elapsed = 00:00:12 . Memory (MB): peak = 2553.070 ; gain = 791.242 ; free physical = 6262 ; free virtual = 22994
INFO: [Project 1-571] Translating synthesized netlist
Netlist sorting complete. Time (s): cpu = 00:00:00 ; elapsed = 00:00:00 . Memory (MB): peak = 2566.938 ; gain = 0.000 ; free physical = 6249 ; free virtual = 22981
INFO: [Netlist 29-17] Analyzing 8 Unisim elements for replacement
INFO: [Netlist 29-28] Unisim Transformation completed in 0 CPU seconds
INFO: [Project 1-570] Preparing netlist for logic optimization
INFO: [Opt 31-138] Pushed 0 inverter(s) to 0 load pin(s).
Netlist sorting complete. Time (s): cpu = 00:00:00 ; elapsed = 00:00:00 . Memory (MB): peak = 2719.590 ; gain = 0.000 ; free physical = 6274 ; free virtual = 22999
INFO: [Project 1-111] Unisim Transformation Summary:
No Unisim elements were transformed.

Synth Design complete | Checksum: 95cde7ec
INFO: [Common 17-83] Releasing license: Synthesis
22 Infos, 0 Warnings, 0 Critical Warnings and 0 Errors encountered.
synth_design completed successfully
synth_design: Time (s): cpu = 00:00:18 ; elapsed = 00:00:16 . Memory (MB): peak = 2719.625 ; gain = 1098.633 ; free physical = 6251 ; free virtual = 22976
INFO: [Common 17-2834] synth_design peak Physical Memory [PSS] (MB): overall = 1565.657; main = 1565.657; forked = 198.314
INFO: [Common 17-2834] synth_design peak Virtual Memory [VSS] (MB): overall = 3482.898; main = 2719.594; forked = 1019.645
Write ShapeDB Complete: Time (s): cpu = 00:00:00 ; elapsed = 00:00:00 . Memory (MB): peak = 2743.602 ; gain = 0.000 ; free physical = 6251 ; free virtual = 22976
INFO: [Common 17-1381] The checkpoint '/home/ivanyuchen/CODING_FILES/VERILOG/AXI_lite/AXI_lite.runs/axi_block_design_dma_add_one_0_0_synth_1/axi_block_design_dma_add_one_0_0.dcp' has been generated.
INFO: [Vivado 12-24828] Executing command : report_utilization -file axi_block_design_dma_add_one_0_0_utilization_synth.rpt -pb axi_block_design_dma_add_one_0_0_utilization_synth.pb
INFO: [Common 17-206] Exiting Vivado at Sat Jun 20 14:33:32 2026...
